[2022-11-23T23:55:23.679+0000] {processor.py:154} INFO - Started process (PID=63) to work on /home/airflow/.local/lib/python3.7/site-packages/airflow/example_dags/example_bash_operator.py
[2022-11-23T23:55:23.680+0000] {processor.py:756} INFO - Processing file /home/airflow/.local/lib/python3.7/site-packages/airflow/example_dags/example_bash_operator.py for tasks to queue
[2022-11-23T23:55:23.682+0000] {logging_mixin.py:137} INFO - [2022-11-23T23:55:23.682+0000] {dagbag.py:537} INFO - Filling up the DagBag from /home/airflow/.local/lib/python3.7/site-packages/airflow/example_dags/example_bash_operator.py
[2022-11-23T23:55:23.730+0000] {processor.py:766} INFO - DAG(s) dict_keys(['example_bash_operator']) retrieved from /home/airflow/.local/lib/python3.7/site-packages/airflow/example_dags/example_bash_operator.py
[2022-11-23T23:55:23.775+0000] {logging_mixin.py:137} INFO - [2022-11-23T23:55:23.774+0000] {dag.py:2585} INFO - Sync 1 DAGs
[2022-11-23T23:55:23.829+0000] {logging_mixin.py:137} INFO - [2022-11-23T23:55:23.828+0000] {dag.py:3340} INFO - Setting next_dagrun for example_bash_operator to 2022-11-22T00:00:00+00:00, run_after=2022-11-23T00:00:00+00:00
[2022-11-23T23:55:23.859+0000] {processor.py:176} INFO - Processing /home/airflow/.local/lib/python3.7/site-packages/airflow/example_dags/example_bash_operator.py took 0.186 seconds
[2022-11-23T23:55:54.196+0000] {processor.py:154} INFO - Started process (PID=117) to work on /home/airflow/.local/lib/python3.7/site-packages/airflow/example_dags/example_bash_operator.py
[2022-11-23T23:55:54.197+0000] {processor.py:756} INFO - Processing file /home/airflow/.local/lib/python3.7/site-packages/airflow/example_dags/example_bash_operator.py for tasks to queue
[2022-11-23T23:55:54.197+0000] {logging_mixin.py:137} INFO - [2022-11-23T23:55:54.197+0000] {dagbag.py:537} INFO - Filling up the DagBag from /home/airflow/.local/lib/python3.7/site-packages/airflow/example_dags/example_bash_operator.py
[2022-11-23T23:55:54.220+0000] {processor.py:766} INFO - DAG(s) dict_keys(['example_bash_operator']) retrieved from /home/airflow/.local/lib/python3.7/site-packages/airflow/example_dags/example_bash_operator.py
[2022-11-23T23:55:54.269+0000] {logging_mixin.py:137} INFO - [2022-11-23T23:55:54.269+0000] {dag.py:2585} INFO - Sync 1 DAGs
[2022-11-23T23:55:54.296+0000] {logging_mixin.py:137} INFO - [2022-11-23T23:55:54.295+0000] {dag.py:3340} INFO - Setting next_dagrun for example_bash_operator to 2022-11-22T00:00:00+00:00, run_after=2022-11-23T00:00:00+00:00
[2022-11-23T23:55:54.315+0000] {processor.py:176} INFO - Processing /home/airflow/.local/lib/python3.7/site-packages/airflow/example_dags/example_bash_operator.py took 0.123 seconds
[2022-11-23T23:56:26.128+0000] {processor.py:154} INFO - Started process (PID=182) to work on /home/airflow/.local/lib/python3.7/site-packages/airflow/example_dags/example_bash_operator.py
[2022-11-23T23:56:26.129+0000] {processor.py:756} INFO - Processing file /home/airflow/.local/lib/python3.7/site-packages/airflow/example_dags/example_bash_operator.py for tasks to queue
[2022-11-23T23:56:26.130+0000] {logging_mixin.py:137} INFO - [2022-11-23T23:56:26.130+0000] {dagbag.py:537} INFO - Filling up the DagBag from /home/airflow/.local/lib/python3.7/site-packages/airflow/example_dags/example_bash_operator.py
[2022-11-23T23:56:26.153+0000] {processor.py:766} INFO - DAG(s) dict_keys(['example_bash_operator']) retrieved from /home/airflow/.local/lib/python3.7/site-packages/airflow/example_dags/example_bash_operator.py
[2022-11-23T23:56:26.206+0000] {logging_mixin.py:137} INFO - [2022-11-23T23:56:26.206+0000] {dag.py:2585} INFO - Sync 1 DAGs
[2022-11-23T23:56:26.234+0000] {logging_mixin.py:137} INFO - [2022-11-23T23:56:26.233+0000] {dag.py:3340} INFO - Setting next_dagrun for example_bash_operator to 2022-11-22T00:00:00+00:00, run_after=2022-11-23T00:00:00+00:00
[2022-11-23T23:56:26.254+0000] {processor.py:176} INFO - Processing /home/airflow/.local/lib/python3.7/site-packages/airflow/example_dags/example_bash_operator.py took 0.129 seconds
[2022-11-23T23:56:57.223+0000] {processor.py:154} INFO - Started process (PID=246) to work on /home/airflow/.local/lib/python3.7/site-packages/airflow/example_dags/example_bash_operator.py
[2022-11-23T23:56:57.224+0000] {processor.py:756} INFO - Processing file /home/airflow/.local/lib/python3.7/site-packages/airflow/example_dags/example_bash_operator.py for tasks to queue
[2022-11-23T23:56:57.225+0000] {logging_mixin.py:137} INFO - [2022-11-23T23:56:57.225+0000] {dagbag.py:537} INFO - Filling up the DagBag from /home/airflow/.local/lib/python3.7/site-packages/airflow/example_dags/example_bash_operator.py
[2022-11-23T23:56:57.249+0000] {processor.py:766} INFO - DAG(s) dict_keys(['example_bash_operator']) retrieved from /home/airflow/.local/lib/python3.7/site-packages/airflow/example_dags/example_bash_operator.py
[2022-11-23T23:56:57.301+0000] {logging_mixin.py:137} INFO - [2022-11-23T23:56:57.301+0000] {dag.py:2585} INFO - Sync 1 DAGs
[2022-11-23T23:56:57.330+0000] {logging_mixin.py:137} INFO - [2022-11-23T23:56:57.330+0000] {dag.py:3340} INFO - Setting next_dagrun for example_bash_operator to 2022-11-22T00:00:00+00:00, run_after=2022-11-23T00:00:00+00:00
[2022-11-23T23:56:57.351+0000] {processor.py:176} INFO - Processing /home/airflow/.local/lib/python3.7/site-packages/airflow/example_dags/example_bash_operator.py took 0.131 seconds
[2022-11-23T23:57:28.165+0000] {processor.py:154} INFO - Started process (PID=309) to work on /home/airflow/.local/lib/python3.7/site-packages/airflow/example_dags/example_bash_operator.py
[2022-11-23T23:57:28.166+0000] {processor.py:756} INFO - Processing file /home/airflow/.local/lib/python3.7/site-packages/airflow/example_dags/example_bash_operator.py for tasks to queue
[2022-11-23T23:57:28.167+0000] {logging_mixin.py:137} INFO - [2022-11-23T23:57:28.167+0000] {dagbag.py:537} INFO - Filling up the DagBag from /home/airflow/.local/lib/python3.7/site-packages/airflow/example_dags/example_bash_operator.py
[2022-11-23T23:57:28.189+0000] {processor.py:766} INFO - DAG(s) dict_keys(['example_bash_operator']) retrieved from /home/airflow/.local/lib/python3.7/site-packages/airflow/example_dags/example_bash_operator.py
[2022-11-23T23:57:28.235+0000] {logging_mixin.py:137} INFO - [2022-11-23T23:57:28.235+0000] {dag.py:2585} INFO - Sync 1 DAGs
[2022-11-23T23:57:28.261+0000] {logging_mixin.py:137} INFO - [2022-11-23T23:57:28.261+0000] {dag.py:3340} INFO - Setting next_dagrun for example_bash_operator to 2022-11-22T00:00:00+00:00, run_after=2022-11-23T00:00:00+00:00
[2022-11-23T23:57:28.281+0000] {processor.py:176} INFO - Processing /home/airflow/.local/lib/python3.7/site-packages/airflow/example_dags/example_bash_operator.py took 0.119 seconds
[2022-11-23T23:57:59.152+0000] {processor.py:154} INFO - Started process (PID=363) to work on /home/airflow/.local/lib/python3.7/site-packages/airflow/example_dags/example_bash_operator.py
[2022-11-23T23:57:59.153+0000] {processor.py:756} INFO - Processing file /home/airflow/.local/lib/python3.7/site-packages/airflow/example_dags/example_bash_operator.py for tasks to queue
[2022-11-23T23:57:59.154+0000] {logging_mixin.py:137} INFO - [2022-11-23T23:57:59.154+0000] {dagbag.py:537} INFO - Filling up the DagBag from /home/airflow/.local/lib/python3.7/site-packages/airflow/example_dags/example_bash_operator.py
[2022-11-23T23:57:59.177+0000] {processor.py:766} INFO - DAG(s) dict_keys(['example_bash_operator']) retrieved from /home/airflow/.local/lib/python3.7/site-packages/airflow/example_dags/example_bash_operator.py
[2022-11-23T23:57:59.221+0000] {logging_mixin.py:137} INFO - [2022-11-23T23:57:59.221+0000] {dag.py:2585} INFO - Sync 1 DAGs
[2022-11-23T23:57:59.248+0000] {logging_mixin.py:137} INFO - [2022-11-23T23:57:59.248+0000] {dag.py:3340} INFO - Setting next_dagrun for example_bash_operator to 2022-11-22T00:00:00+00:00, run_after=2022-11-23T00:00:00+00:00
[2022-11-23T23:57:59.269+0000] {processor.py:176} INFO - Processing /home/airflow/.local/lib/python3.7/site-packages/airflow/example_dags/example_bash_operator.py took 0.120 seconds
