[2022-11-23T23:55:24.774+0000] {processor.py:154} INFO - Started process (PID=74) to work on /home/airflow/.local/lib/python3.7/site-packages/airflow/example_dags/example_kubernetes_executor.py
[2022-11-23T23:55:24.775+0000] {processor.py:756} INFO - Processing file /home/airflow/.local/lib/python3.7/site-packages/airflow/example_dags/example_kubernetes_executor.py for tasks to queue
[2022-11-23T23:55:24.776+0000] {logging_mixin.py:137} INFO - [2022-11-23T23:55:24.776+0000] {dagbag.py:537} INFO - Filling up the DagBag from /home/airflow/.local/lib/python3.7/site-packages/airflow/example_dags/example_kubernetes_executor.py
[2022-11-23T23:55:24.823+0000] {processor.py:766} INFO - DAG(s) dict_keys(['example_kubernetes_executor']) retrieved from /home/airflow/.local/lib/python3.7/site-packages/airflow/example_dags/example_kubernetes_executor.py
[2022-11-23T23:55:24.854+0000] {logging_mixin.py:137} INFO - [2022-11-23T23:55:24.854+0000] {dag.py:2585} INFO - Sync 1 DAGs
[2022-11-23T23:55:24.884+0000] {logging_mixin.py:137} INFO - [2022-11-23T23:55:24.884+0000] {dag.py:3340} INFO - Setting next_dagrun for example_kubernetes_executor to None, run_after=None
[2022-11-23T23:55:24.907+0000] {processor.py:176} INFO - Processing /home/airflow/.local/lib/python3.7/site-packages/airflow/example_dags/example_kubernetes_executor.py took 0.140 seconds
[2022-11-23T23:55:54.986+0000] {processor.py:154} INFO - Started process (PID=128) to work on /home/airflow/.local/lib/python3.7/site-packages/airflow/example_dags/example_kubernetes_executor.py
[2022-11-23T23:55:54.988+0000] {processor.py:756} INFO - Processing file /home/airflow/.local/lib/python3.7/site-packages/airflow/example_dags/example_kubernetes_executor.py for tasks to queue
[2022-11-23T23:55:54.989+0000] {logging_mixin.py:137} INFO - [2022-11-23T23:55:54.988+0000] {dagbag.py:537} INFO - Filling up the DagBag from /home/airflow/.local/lib/python3.7/site-packages/airflow/example_dags/example_kubernetes_executor.py
[2022-11-23T23:55:55.019+0000] {processor.py:766} INFO - DAG(s) dict_keys(['example_kubernetes_executor']) retrieved from /home/airflow/.local/lib/python3.7/site-packages/airflow/example_dags/example_kubernetes_executor.py
[2022-11-23T23:55:55.059+0000] {logging_mixin.py:137} INFO - [2022-11-23T23:55:55.059+0000] {dag.py:2585} INFO - Sync 1 DAGs
[2022-11-23T23:55:55.085+0000] {logging_mixin.py:137} INFO - [2022-11-23T23:55:55.085+0000] {dag.py:3340} INFO - Setting next_dagrun for example_kubernetes_executor to None, run_after=None
[2022-11-23T23:55:55.103+0000] {processor.py:176} INFO - Processing /home/airflow/.local/lib/python3.7/site-packages/airflow/example_dags/example_kubernetes_executor.py took 0.120 seconds
[2022-11-23T23:56:26.967+0000] {processor.py:154} INFO - Started process (PID=193) to work on /home/airflow/.local/lib/python3.7/site-packages/airflow/example_dags/example_kubernetes_executor.py
[2022-11-23T23:56:26.968+0000] {processor.py:756} INFO - Processing file /home/airflow/.local/lib/python3.7/site-packages/airflow/example_dags/example_kubernetes_executor.py for tasks to queue
[2022-11-23T23:56:26.969+0000] {logging_mixin.py:137} INFO - [2022-11-23T23:56:26.969+0000] {dagbag.py:537} INFO - Filling up the DagBag from /home/airflow/.local/lib/python3.7/site-packages/airflow/example_dags/example_kubernetes_executor.py
[2022-11-23T23:56:27.018+0000] {processor.py:766} INFO - DAG(s) dict_keys(['example_kubernetes_executor']) retrieved from /home/airflow/.local/lib/python3.7/site-packages/airflow/example_dags/example_kubernetes_executor.py
[2022-11-23T23:56:27.070+0000] {logging_mixin.py:137} INFO - [2022-11-23T23:56:27.070+0000] {dag.py:2585} INFO - Sync 1 DAGs
[2022-11-23T23:56:27.095+0000] {logging_mixin.py:137} INFO - [2022-11-23T23:56:27.094+0000] {dag.py:3340} INFO - Setting next_dagrun for example_kubernetes_executor to None, run_after=None
[2022-11-23T23:56:27.115+0000] {processor.py:176} INFO - Processing /home/airflow/.local/lib/python3.7/site-packages/airflow/example_dags/example_kubernetes_executor.py took 0.151 seconds
[2022-11-23T23:56:58.062+0000] {processor.py:154} INFO - Started process (PID=257) to work on /home/airflow/.local/lib/python3.7/site-packages/airflow/example_dags/example_kubernetes_executor.py
[2022-11-23T23:56:58.063+0000] {processor.py:756} INFO - Processing file /home/airflow/.local/lib/python3.7/site-packages/airflow/example_dags/example_kubernetes_executor.py for tasks to queue
[2022-11-23T23:56:58.064+0000] {logging_mixin.py:137} INFO - [2022-11-23T23:56:58.064+0000] {dagbag.py:537} INFO - Filling up the DagBag from /home/airflow/.local/lib/python3.7/site-packages/airflow/example_dags/example_kubernetes_executor.py
[2022-11-23T23:56:58.091+0000] {processor.py:766} INFO - DAG(s) dict_keys(['example_kubernetes_executor']) retrieved from /home/airflow/.local/lib/python3.7/site-packages/airflow/example_dags/example_kubernetes_executor.py
[2022-11-23T23:56:58.132+0000] {logging_mixin.py:137} INFO - [2022-11-23T23:56:58.132+0000] {dag.py:2585} INFO - Sync 1 DAGs
[2022-11-23T23:56:58.156+0000] {logging_mixin.py:137} INFO - [2022-11-23T23:56:58.156+0000] {dag.py:3340} INFO - Setting next_dagrun for example_kubernetes_executor to None, run_after=None
[2022-11-23T23:56:58.177+0000] {processor.py:176} INFO - Processing /home/airflow/.local/lib/python3.7/site-packages/airflow/example_dags/example_kubernetes_executor.py took 0.117 seconds
[2022-11-23T23:57:29.018+0000] {processor.py:154} INFO - Started process (PID=320) to work on /home/airflow/.local/lib/python3.7/site-packages/airflow/example_dags/example_kubernetes_executor.py
[2022-11-23T23:57:29.020+0000] {processor.py:756} INFO - Processing file /home/airflow/.local/lib/python3.7/site-packages/airflow/example_dags/example_kubernetes_executor.py for tasks to queue
[2022-11-23T23:57:29.021+0000] {logging_mixin.py:137} INFO - [2022-11-23T23:57:29.021+0000] {dagbag.py:537} INFO - Filling up the DagBag from /home/airflow/.local/lib/python3.7/site-packages/airflow/example_dags/example_kubernetes_executor.py
[2022-11-23T23:57:29.051+0000] {processor.py:766} INFO - DAG(s) dict_keys(['example_kubernetes_executor']) retrieved from /home/airflow/.local/lib/python3.7/site-packages/airflow/example_dags/example_kubernetes_executor.py
[2022-11-23T23:57:29.094+0000] {logging_mixin.py:137} INFO - [2022-11-23T23:57:29.093+0000] {dag.py:2585} INFO - Sync 1 DAGs
[2022-11-23T23:57:29.119+0000] {logging_mixin.py:137} INFO - [2022-11-23T23:57:29.119+0000] {dag.py:3340} INFO - Setting next_dagrun for example_kubernetes_executor to None, run_after=None
[2022-11-23T23:57:29.144+0000] {processor.py:176} INFO - Processing /home/airflow/.local/lib/python3.7/site-packages/airflow/example_dags/example_kubernetes_executor.py took 0.128 seconds
[2022-11-23T23:57:59.903+0000] {processor.py:154} INFO - Started process (PID=374) to work on /home/airflow/.local/lib/python3.7/site-packages/airflow/example_dags/example_kubernetes_executor.py
[2022-11-23T23:57:59.904+0000] {processor.py:756} INFO - Processing file /home/airflow/.local/lib/python3.7/site-packages/airflow/example_dags/example_kubernetes_executor.py for tasks to queue
[2022-11-23T23:57:59.905+0000] {logging_mixin.py:137} INFO - [2022-11-23T23:57:59.905+0000] {dagbag.py:537} INFO - Filling up the DagBag from /home/airflow/.local/lib/python3.7/site-packages/airflow/example_dags/example_kubernetes_executor.py
[2022-11-23T23:57:59.937+0000] {processor.py:766} INFO - DAG(s) dict_keys(['example_kubernetes_executor']) retrieved from /home/airflow/.local/lib/python3.7/site-packages/airflow/example_dags/example_kubernetes_executor.py
[2022-11-23T23:58:00.034+0000] {logging_mixin.py:137} INFO - [2022-11-23T23:58:00.034+0000] {dag.py:2585} INFO - Sync 1 DAGs
[2022-11-23T23:58:00.061+0000] {logging_mixin.py:137} INFO - [2022-11-23T23:58:00.061+0000] {dag.py:3340} INFO - Setting next_dagrun for example_kubernetes_executor to None, run_after=None
[2022-11-23T23:58:00.084+0000] {processor.py:176} INFO - Processing /home/airflow/.local/lib/python3.7/site-packages/airflow/example_dags/example_kubernetes_executor.py took 0.183 seconds
