[2022-11-23T23:55:23.722+0000] {processor.py:154} INFO - Started process (PID=64) to work on /home/airflow/.local/lib/python3.7/site-packages/airflow/example_dags/example_branch_python_dop_operator_3.py
[2022-11-23T23:55:23.723+0000] {processor.py:756} INFO - Processing file /home/airflow/.local/lib/python3.7/site-packages/airflow/example_dags/example_branch_python_dop_operator_3.py for tasks to queue
[2022-11-23T23:55:23.724+0000] {logging_mixin.py:137} INFO - [2022-11-23T23:55:23.724+0000] {dagbag.py:537} INFO - Filling up the DagBag from /home/airflow/.local/lib/python3.7/site-packages/airflow/example_dags/example_branch_python_dop_operator_3.py
[2022-11-23T23:55:23.759+0000] {processor.py:766} INFO - DAG(s) dict_keys(['example_branch_dop_operator_v3']) retrieved from /home/airflow/.local/lib/python3.7/site-packages/airflow/example_dags/example_branch_python_dop_operator_3.py
[2022-11-23T23:55:23.827+0000] {logging_mixin.py:137} INFO - [2022-11-23T23:55:23.826+0000] {dag.py:2585} INFO - Sync 1 DAGs
[2022-11-23T23:55:23.881+0000] {logging_mixin.py:137} INFO - [2022-11-23T23:55:23.881+0000] {dag.py:3340} INFO - Setting next_dagrun for example_branch_dop_operator_v3 to 2022-11-23T23:54:00+00:00, run_after=2022-11-23T23:55:00+00:00
[2022-11-23T23:55:23.915+0000] {processor.py:176} INFO - Processing /home/airflow/.local/lib/python3.7/site-packages/airflow/example_dags/example_branch_python_dop_operator_3.py took 0.198 seconds
[2022-11-23T23:55:54.230+0000] {processor.py:154} INFO - Started process (PID=118) to work on /home/airflow/.local/lib/python3.7/site-packages/airflow/example_dags/example_branch_python_dop_operator_3.py
[2022-11-23T23:55:54.231+0000] {processor.py:756} INFO - Processing file /home/airflow/.local/lib/python3.7/site-packages/airflow/example_dags/example_branch_python_dop_operator_3.py for tasks to queue
[2022-11-23T23:55:54.232+0000] {logging_mixin.py:137} INFO - [2022-11-23T23:55:54.232+0000] {dagbag.py:537} INFO - Filling up the DagBag from /home/airflow/.local/lib/python3.7/site-packages/airflow/example_dags/example_branch_python_dop_operator_3.py
[2022-11-23T23:55:54.256+0000] {processor.py:766} INFO - DAG(s) dict_keys(['example_branch_dop_operator_v3']) retrieved from /home/airflow/.local/lib/python3.7/site-packages/airflow/example_dags/example_branch_python_dop_operator_3.py
[2022-11-23T23:55:54.296+0000] {logging_mixin.py:137} INFO - [2022-11-23T23:55:54.296+0000] {dag.py:2585} INFO - Sync 1 DAGs
[2022-11-23T23:55:54.325+0000] {logging_mixin.py:137} INFO - [2022-11-23T23:55:54.325+0000] {dag.py:3340} INFO - Setting next_dagrun for example_branch_dop_operator_v3 to 2022-11-23T23:54:00+00:00, run_after=2022-11-23T23:55:00+00:00
[2022-11-23T23:55:54.346+0000] {processor.py:176} INFO - Processing /home/airflow/.local/lib/python3.7/site-packages/airflow/example_dags/example_branch_python_dop_operator_3.py took 0.119 seconds
[2022-11-23T23:56:26.274+0000] {processor.py:154} INFO - Started process (PID=183) to work on /home/airflow/.local/lib/python3.7/site-packages/airflow/example_dags/example_branch_python_dop_operator_3.py
[2022-11-23T23:56:26.275+0000] {processor.py:756} INFO - Processing file /home/airflow/.local/lib/python3.7/site-packages/airflow/example_dags/example_branch_python_dop_operator_3.py for tasks to queue
[2022-11-23T23:56:26.276+0000] {logging_mixin.py:137} INFO - [2022-11-23T23:56:26.275+0000] {dagbag.py:537} INFO - Filling up the DagBag from /home/airflow/.local/lib/python3.7/site-packages/airflow/example_dags/example_branch_python_dop_operator_3.py
[2022-11-23T23:56:26.299+0000] {processor.py:766} INFO - DAG(s) dict_keys(['example_branch_dop_operator_v3']) retrieved from /home/airflow/.local/lib/python3.7/site-packages/airflow/example_dags/example_branch_python_dop_operator_3.py
[2022-11-23T23:56:26.338+0000] {logging_mixin.py:137} INFO - [2022-11-23T23:56:26.338+0000] {dag.py:2585} INFO - Sync 1 DAGs
[2022-11-23T23:56:26.370+0000] {logging_mixin.py:137} INFO - [2022-11-23T23:56:26.370+0000] {dag.py:3340} INFO - Setting next_dagrun for example_branch_dop_operator_v3 to 2022-11-23T23:55:00+00:00, run_after=2022-11-23T23:56:00+00:00
[2022-11-23T23:56:26.391+0000] {processor.py:176} INFO - Processing /home/airflow/.local/lib/python3.7/site-packages/airflow/example_dags/example_branch_python_dop_operator_3.py took 0.120 seconds
[2022-11-23T23:56:57.327+0000] {processor.py:154} INFO - Started process (PID=247) to work on /home/airflow/.local/lib/python3.7/site-packages/airflow/example_dags/example_branch_python_dop_operator_3.py
[2022-11-23T23:56:57.328+0000] {processor.py:756} INFO - Processing file /home/airflow/.local/lib/python3.7/site-packages/airflow/example_dags/example_branch_python_dop_operator_3.py for tasks to queue
[2022-11-23T23:56:57.329+0000] {logging_mixin.py:137} INFO - [2022-11-23T23:56:57.329+0000] {dagbag.py:537} INFO - Filling up the DagBag from /home/airflow/.local/lib/python3.7/site-packages/airflow/example_dags/example_branch_python_dop_operator_3.py
[2022-11-23T23:56:57.353+0000] {processor.py:766} INFO - DAG(s) dict_keys(['example_branch_dop_operator_v3']) retrieved from /home/airflow/.local/lib/python3.7/site-packages/airflow/example_dags/example_branch_python_dop_operator_3.py
[2022-11-23T23:56:57.394+0000] {logging_mixin.py:137} INFO - [2022-11-23T23:56:57.393+0000] {dag.py:2585} INFO - Sync 1 DAGs
[2022-11-23T23:56:57.426+0000] {logging_mixin.py:137} INFO - [2022-11-23T23:56:57.426+0000] {dag.py:3340} INFO - Setting next_dagrun for example_branch_dop_operator_v3 to 2022-11-23T23:55:00+00:00, run_after=2022-11-23T23:56:00+00:00
[2022-11-23T23:56:57.452+0000] {processor.py:176} INFO - Processing /home/airflow/.local/lib/python3.7/site-packages/airflow/example_dags/example_branch_python_dop_operator_3.py took 0.128 seconds
[2022-11-23T23:57:28.266+0000] {processor.py:154} INFO - Started process (PID=310) to work on /home/airflow/.local/lib/python3.7/site-packages/airflow/example_dags/example_branch_python_dop_operator_3.py
[2022-11-23T23:57:28.267+0000] {processor.py:756} INFO - Processing file /home/airflow/.local/lib/python3.7/site-packages/airflow/example_dags/example_branch_python_dop_operator_3.py for tasks to queue
[2022-11-23T23:57:28.268+0000] {logging_mixin.py:137} INFO - [2022-11-23T23:57:28.267+0000] {dagbag.py:537} INFO - Filling up the DagBag from /home/airflow/.local/lib/python3.7/site-packages/airflow/example_dags/example_branch_python_dop_operator_3.py
[2022-11-23T23:57:28.291+0000] {processor.py:766} INFO - DAG(s) dict_keys(['example_branch_dop_operator_v3']) retrieved from /home/airflow/.local/lib/python3.7/site-packages/airflow/example_dags/example_branch_python_dop_operator_3.py
[2022-11-23T23:57:28.332+0000] {logging_mixin.py:137} INFO - [2022-11-23T23:57:28.332+0000] {dag.py:2585} INFO - Sync 1 DAGs
[2022-11-23T23:57:28.366+0000] {logging_mixin.py:137} INFO - [2022-11-23T23:57:28.366+0000] {dag.py:3340} INFO - Setting next_dagrun for example_branch_dop_operator_v3 to 2022-11-23T23:56:00+00:00, run_after=2022-11-23T23:57:00+00:00
[2022-11-23T23:57:28.388+0000] {processor.py:176} INFO - Processing /home/airflow/.local/lib/python3.7/site-packages/airflow/example_dags/example_branch_python_dop_operator_3.py took 0.125 seconds
[2022-11-23T23:57:59.242+0000] {processor.py:154} INFO - Started process (PID=364) to work on /home/airflow/.local/lib/python3.7/site-packages/airflow/example_dags/example_branch_python_dop_operator_3.py
[2022-11-23T23:57:59.243+0000] {processor.py:756} INFO - Processing file /home/airflow/.local/lib/python3.7/site-packages/airflow/example_dags/example_branch_python_dop_operator_3.py for tasks to queue
[2022-11-23T23:57:59.244+0000] {logging_mixin.py:137} INFO - [2022-11-23T23:57:59.243+0000] {dagbag.py:537} INFO - Filling up the DagBag from /home/airflow/.local/lib/python3.7/site-packages/airflow/example_dags/example_branch_python_dop_operator_3.py
[2022-11-23T23:57:59.268+0000] {processor.py:766} INFO - DAG(s) dict_keys(['example_branch_dop_operator_v3']) retrieved from /home/airflow/.local/lib/python3.7/site-packages/airflow/example_dags/example_branch_python_dop_operator_3.py
[2022-11-23T23:57:59.307+0000] {logging_mixin.py:137} INFO - [2022-11-23T23:57:59.307+0000] {dag.py:2585} INFO - Sync 1 DAGs
[2022-11-23T23:57:59.338+0000] {logging_mixin.py:137} INFO - [2022-11-23T23:57:59.338+0000] {dag.py:3340} INFO - Setting next_dagrun for example_branch_dop_operator_v3 to 2022-11-23T23:56:00+00:00, run_after=2022-11-23T23:57:00+00:00
[2022-11-23T23:57:59.358+0000] {processor.py:176} INFO - Processing /home/airflow/.local/lib/python3.7/site-packages/airflow/example_dags/example_branch_python_dop_operator_3.py took 0.119 seconds
