[2022-11-23T23:55:23.341+0000] {processor.py:154} INFO - Started process (PID=59) to work on /home/airflow/.local/lib/python3.7/site-packages/airflow/example_dags/example_external_task_marker_dag.py
[2022-11-23T23:55:23.342+0000] {processor.py:756} INFO - Processing file /home/airflow/.local/lib/python3.7/site-packages/airflow/example_dags/example_external_task_marker_dag.py for tasks to queue
[2022-11-23T23:55:23.344+0000] {logging_mixin.py:137} INFO - [2022-11-23T23:55:23.343+0000] {dagbag.py:537} INFO - Filling up the DagBag from /home/airflow/.local/lib/python3.7/site-packages/airflow/example_dags/example_external_task_marker_dag.py
[2022-11-23T23:55:23.372+0000] {processor.py:766} INFO - DAG(s) dict_keys(['example_external_task_marker_parent', 'example_external_task_marker_child']) retrieved from /home/airflow/.local/lib/python3.7/site-packages/airflow/example_dags/example_external_task_marker_dag.py
[2022-11-23T23:55:23.413+0000] {logging_mixin.py:137} INFO - [2022-11-23T23:55:23.412+0000] {dag.py:2585} INFO - Sync 2 DAGs
[2022-11-23T23:55:23.451+0000] {logging_mixin.py:137} INFO - [2022-11-23T23:55:23.451+0000] {dag.py:3340} INFO - Setting next_dagrun for example_external_task_marker_child to None, run_after=None
[2022-11-23T23:55:23.456+0000] {logging_mixin.py:137} INFO - [2022-11-23T23:55:23.456+0000] {dag.py:3340} INFO - Setting next_dagrun for example_external_task_marker_parent to None, run_after=None
[2022-11-23T23:55:23.479+0000] {processor.py:176} INFO - Processing /home/airflow/.local/lib/python3.7/site-packages/airflow/example_dags/example_external_task_marker_dag.py took 0.144 seconds
[2022-11-23T23:55:53.635+0000] {processor.py:154} INFO - Started process (PID=113) to work on /home/airflow/.local/lib/python3.7/site-packages/airflow/example_dags/example_external_task_marker_dag.py
[2022-11-23T23:55:53.637+0000] {processor.py:756} INFO - Processing file /home/airflow/.local/lib/python3.7/site-packages/airflow/example_dags/example_external_task_marker_dag.py for tasks to queue
[2022-11-23T23:55:53.637+0000] {logging_mixin.py:137} INFO - [2022-11-23T23:55:53.637+0000] {dagbag.py:537} INFO - Filling up the DagBag from /home/airflow/.local/lib/python3.7/site-packages/airflow/example_dags/example_external_task_marker_dag.py
[2022-11-23T23:55:53.651+0000] {processor.py:766} INFO - DAG(s) dict_keys(['example_external_task_marker_parent', 'example_external_task_marker_child']) retrieved from /home/airflow/.local/lib/python3.7/site-packages/airflow/example_dags/example_external_task_marker_dag.py
[2022-11-23T23:55:53.986+0000] {logging_mixin.py:137} INFO - [2022-11-23T23:55:53.985+0000] {dag.py:2585} INFO - Sync 2 DAGs
[2022-11-23T23:55:54.015+0000] {logging_mixin.py:137} INFO - [2022-11-23T23:55:54.015+0000] {dag.py:3340} INFO - Setting next_dagrun for example_external_task_marker_child to None, run_after=None
[2022-11-23T23:55:54.018+0000] {logging_mixin.py:137} INFO - [2022-11-23T23:55:54.018+0000] {dag.py:3340} INFO - Setting next_dagrun for example_external_task_marker_parent to None, run_after=None
[2022-11-23T23:55:54.044+0000] {processor.py:176} INFO - Processing /home/airflow/.local/lib/python3.7/site-packages/airflow/example_dags/example_external_task_marker_dag.py took 0.411 seconds
[2022-11-23T23:56:25.632+0000] {processor.py:154} INFO - Started process (PID=179) to work on /home/airflow/.local/lib/python3.7/site-packages/airflow/example_dags/example_external_task_marker_dag.py
[2022-11-23T23:56:25.634+0000] {processor.py:756} INFO - Processing file /home/airflow/.local/lib/python3.7/site-packages/airflow/example_dags/example_external_task_marker_dag.py for tasks to queue
[2022-11-23T23:56:25.634+0000] {logging_mixin.py:137} INFO - [2022-11-23T23:56:25.634+0000] {dagbag.py:537} INFO - Filling up the DagBag from /home/airflow/.local/lib/python3.7/site-packages/airflow/example_dags/example_external_task_marker_dag.py
[2022-11-23T23:56:25.651+0000] {processor.py:766} INFO - DAG(s) dict_keys(['example_external_task_marker_child', 'example_external_task_marker_parent']) retrieved from /home/airflow/.local/lib/python3.7/site-packages/airflow/example_dags/example_external_task_marker_dag.py
[2022-11-23T23:56:25.902+0000] {logging_mixin.py:137} INFO - [2022-11-23T23:56:25.902+0000] {dag.py:2585} INFO - Sync 2 DAGs
[2022-11-23T23:56:25.950+0000] {logging_mixin.py:137} INFO - [2022-11-23T23:56:25.950+0000] {dag.py:3340} INFO - Setting next_dagrun for example_external_task_marker_child to None, run_after=None
[2022-11-23T23:56:25.953+0000] {logging_mixin.py:137} INFO - [2022-11-23T23:56:25.953+0000] {dag.py:3340} INFO - Setting next_dagrun for example_external_task_marker_parent to None, run_after=None
[2022-11-23T23:56:25.971+0000] {processor.py:176} INFO - Processing /home/airflow/.local/lib/python3.7/site-packages/airflow/example_dags/example_external_task_marker_dag.py took 0.342 seconds
[2022-11-23T23:56:56.916+0000] {processor.py:154} INFO - Started process (PID=243) to work on /home/airflow/.local/lib/python3.7/site-packages/airflow/example_dags/example_external_task_marker_dag.py
[2022-11-23T23:56:56.920+0000] {processor.py:756} INFO - Processing file /home/airflow/.local/lib/python3.7/site-packages/airflow/example_dags/example_external_task_marker_dag.py for tasks to queue
[2022-11-23T23:56:56.921+0000] {logging_mixin.py:137} INFO - [2022-11-23T23:56:56.921+0000] {dagbag.py:537} INFO - Filling up the DagBag from /home/airflow/.local/lib/python3.7/site-packages/airflow/example_dags/example_external_task_marker_dag.py
[2022-11-23T23:56:56.937+0000] {processor.py:766} INFO - DAG(s) dict_keys(['example_external_task_marker_parent', 'example_external_task_marker_child']) retrieved from /home/airflow/.local/lib/python3.7/site-packages/airflow/example_dags/example_external_task_marker_dag.py
[2022-11-23T23:56:57.130+0000] {logging_mixin.py:137} INFO - [2022-11-23T23:56:57.130+0000] {dag.py:2585} INFO - Sync 2 DAGs
[2022-11-23T23:56:57.154+0000] {logging_mixin.py:137} INFO - [2022-11-23T23:56:57.154+0000] {dag.py:3340} INFO - Setting next_dagrun for example_external_task_marker_child to None, run_after=None
[2022-11-23T23:56:57.159+0000] {logging_mixin.py:137} INFO - [2022-11-23T23:56:57.158+0000] {dag.py:3340} INFO - Setting next_dagrun for example_external_task_marker_parent to None, run_after=None
[2022-11-23T23:56:57.179+0000] {processor.py:176} INFO - Processing /home/airflow/.local/lib/python3.7/site-packages/airflow/example_dags/example_external_task_marker_dag.py took 0.269 seconds
[2022-11-23T23:57:27.842+0000] {processor.py:154} INFO - Started process (PID=306) to work on /home/airflow/.local/lib/python3.7/site-packages/airflow/example_dags/example_external_task_marker_dag.py
[2022-11-23T23:57:27.844+0000] {processor.py:756} INFO - Processing file /home/airflow/.local/lib/python3.7/site-packages/airflow/example_dags/example_external_task_marker_dag.py for tasks to queue
[2022-11-23T23:57:27.844+0000] {logging_mixin.py:137} INFO - [2022-11-23T23:57:27.844+0000] {dagbag.py:537} INFO - Filling up the DagBag from /home/airflow/.local/lib/python3.7/site-packages/airflow/example_dags/example_external_task_marker_dag.py
[2022-11-23T23:57:27.860+0000] {processor.py:766} INFO - DAG(s) dict_keys(['example_external_task_marker_child', 'example_external_task_marker_parent']) retrieved from /home/airflow/.local/lib/python3.7/site-packages/airflow/example_dags/example_external_task_marker_dag.py
[2022-11-23T23:57:28.078+0000] {logging_mixin.py:137} INFO - [2022-11-23T23:57:28.078+0000] {dag.py:2585} INFO - Sync 2 DAGs
[2022-11-23T23:57:28.104+0000] {logging_mixin.py:137} INFO - [2022-11-23T23:57:28.103+0000] {dag.py:3340} INFO - Setting next_dagrun for example_external_task_marker_child to None, run_after=None
[2022-11-23T23:57:28.107+0000] {logging_mixin.py:137} INFO - [2022-11-23T23:57:28.107+0000] {dag.py:3340} INFO - Setting next_dagrun for example_external_task_marker_parent to None, run_after=None
[2022-11-23T23:57:28.125+0000] {processor.py:176} INFO - Processing /home/airflow/.local/lib/python3.7/site-packages/airflow/example_dags/example_external_task_marker_dag.py took 0.286 seconds
[2022-11-23T23:57:58.859+0000] {processor.py:154} INFO - Started process (PID=360) to work on /home/airflow/.local/lib/python3.7/site-packages/airflow/example_dags/example_external_task_marker_dag.py
[2022-11-23T23:57:58.860+0000] {processor.py:756} INFO - Processing file /home/airflow/.local/lib/python3.7/site-packages/airflow/example_dags/example_external_task_marker_dag.py for tasks to queue
[2022-11-23T23:57:58.861+0000] {logging_mixin.py:137} INFO - [2022-11-23T23:57:58.861+0000] {dagbag.py:537} INFO - Filling up the DagBag from /home/airflow/.local/lib/python3.7/site-packages/airflow/example_dags/example_external_task_marker_dag.py
[2022-11-23T23:57:58.876+0000] {processor.py:766} INFO - DAG(s) dict_keys(['example_external_task_marker_child', 'example_external_task_marker_parent']) retrieved from /home/airflow/.local/lib/python3.7/site-packages/airflow/example_dags/example_external_task_marker_dag.py
[2022-11-23T23:57:59.062+0000] {logging_mixin.py:137} INFO - [2022-11-23T23:57:59.062+0000] {dag.py:2585} INFO - Sync 2 DAGs
[2022-11-23T23:57:59.086+0000] {logging_mixin.py:137} INFO - [2022-11-23T23:57:59.086+0000] {dag.py:3340} INFO - Setting next_dagrun for example_external_task_marker_child to None, run_after=None
[2022-11-23T23:57:59.089+0000] {logging_mixin.py:137} INFO - [2022-11-23T23:57:59.089+0000] {dag.py:3340} INFO - Setting next_dagrun for example_external_task_marker_parent to None, run_after=None
[2022-11-23T23:57:59.107+0000] {processor.py:176} INFO - Processing /home/airflow/.local/lib/python3.7/site-packages/airflow/example_dags/example_external_task_marker_dag.py took 0.252 seconds
