[2022-11-23T23:55:22.633+0000] {processor.py:154} INFO - Started process (PID=54) to work on /home/airflow/.local/lib/python3.7/site-packages/airflow/example_dags/example_task_group_decorator.py
[2022-11-23T23:55:22.634+0000] {processor.py:756} INFO - Processing file /home/airflow/.local/lib/python3.7/site-packages/airflow/example_dags/example_task_group_decorator.py for tasks to queue
[2022-11-23T23:55:22.635+0000] {logging_mixin.py:137} INFO - [2022-11-23T23:55:22.634+0000] {dagbag.py:537} INFO - Filling up the DagBag from /home/airflow/.local/lib/python3.7/site-packages/airflow/example_dags/example_task_group_decorator.py
[2022-11-23T23:55:22.690+0000] {processor.py:766} INFO - DAG(s) dict_keys(['example_task_group_decorator']) retrieved from /home/airflow/.local/lib/python3.7/site-packages/airflow/example_dags/example_task_group_decorator.py
[2022-11-23T23:55:22.748+0000] {logging_mixin.py:137} INFO - [2022-11-23T23:55:22.748+0000] {dag.py:2585} INFO - Sync 1 DAGs
[2022-11-23T23:55:22.805+0000] {logging_mixin.py:137} INFO - [2022-11-23T23:55:22.805+0000] {dag.py:3340} INFO - Setting next_dagrun for example_task_group_decorator to 2022-11-22T23:55:22.804527+00:00, run_after=2022-11-23T23:55:22.804527+00:00
[2022-11-23T23:55:22.854+0000] {processor.py:176} INFO - Processing /home/airflow/.local/lib/python3.7/site-packages/airflow/example_dags/example_task_group_decorator.py took 0.227 seconds
[2022-11-23T23:55:53.291+0000] {processor.py:154} INFO - Started process (PID=108) to work on /home/airflow/.local/lib/python3.7/site-packages/airflow/example_dags/example_task_group_decorator.py
[2022-11-23T23:55:53.292+0000] {processor.py:756} INFO - Processing file /home/airflow/.local/lib/python3.7/site-packages/airflow/example_dags/example_task_group_decorator.py for tasks to queue
[2022-11-23T23:55:53.293+0000] {logging_mixin.py:137} INFO - [2022-11-23T23:55:53.292+0000] {dagbag.py:537} INFO - Filling up the DagBag from /home/airflow/.local/lib/python3.7/site-packages/airflow/example_dags/example_task_group_decorator.py
[2022-11-23T23:55:53.322+0000] {processor.py:766} INFO - DAG(s) dict_keys(['example_task_group_decorator']) retrieved from /home/airflow/.local/lib/python3.7/site-packages/airflow/example_dags/example_task_group_decorator.py
[2022-11-23T23:55:53.365+0000] {logging_mixin.py:137} INFO - [2022-11-23T23:55:53.365+0000] {dag.py:2585} INFO - Sync 1 DAGs
[2022-11-23T23:55:53.391+0000] {logging_mixin.py:137} INFO - [2022-11-23T23:55:53.391+0000] {dag.py:3340} INFO - Setting next_dagrun for example_task_group_decorator to 2022-11-22T23:55:53.391449+00:00, run_after=2022-11-23T23:55:53.391449+00:00
[2022-11-23T23:55:53.412+0000] {processor.py:176} INFO - Processing /home/airflow/.local/lib/python3.7/site-packages/airflow/example_dags/example_task_group_decorator.py took 0.125 seconds
[2022-11-23T23:56:24.869+0000] {processor.py:154} INFO - Started process (PID=173) to work on /home/airflow/.local/lib/python3.7/site-packages/airflow/example_dags/example_task_group_decorator.py
[2022-11-23T23:56:24.869+0000] {processor.py:756} INFO - Processing file /home/airflow/.local/lib/python3.7/site-packages/airflow/example_dags/example_task_group_decorator.py for tasks to queue
[2022-11-23T23:56:24.870+0000] {logging_mixin.py:137} INFO - [2022-11-23T23:56:24.870+0000] {dagbag.py:537} INFO - Filling up the DagBag from /home/airflow/.local/lib/python3.7/site-packages/airflow/example_dags/example_task_group_decorator.py
[2022-11-23T23:56:24.903+0000] {processor.py:766} INFO - DAG(s) dict_keys(['example_task_group_decorator']) retrieved from /home/airflow/.local/lib/python3.7/site-packages/airflow/example_dags/example_task_group_decorator.py
[2022-11-23T23:56:24.951+0000] {logging_mixin.py:137} INFO - [2022-11-23T23:56:24.951+0000] {dag.py:2585} INFO - Sync 1 DAGs
[2022-11-23T23:56:24.985+0000] {logging_mixin.py:137} INFO - [2022-11-23T23:56:24.985+0000] {dag.py:3340} INFO - Setting next_dagrun for example_task_group_decorator to 2022-11-22T23:56:24.985109+00:00, run_after=2022-11-23T23:56:24.985109+00:00
[2022-11-23T23:56:25.108+0000] {processor.py:176} INFO - Processing /home/airflow/.local/lib/python3.7/site-packages/airflow/example_dags/example_task_group_decorator.py took 0.242 seconds
[2022-11-23T23:56:55.423+0000] {processor.py:154} INFO - Started process (PID=237) to work on /home/airflow/.local/lib/python3.7/site-packages/airflow/example_dags/example_task_group_decorator.py
[2022-11-23T23:56:55.424+0000] {processor.py:756} INFO - Processing file /home/airflow/.local/lib/python3.7/site-packages/airflow/example_dags/example_task_group_decorator.py for tasks to queue
[2022-11-23T23:56:55.425+0000] {logging_mixin.py:137} INFO - [2022-11-23T23:56:55.425+0000] {dagbag.py:537} INFO - Filling up the DagBag from /home/airflow/.local/lib/python3.7/site-packages/airflow/example_dags/example_task_group_decorator.py
[2022-11-23T23:56:55.458+0000] {processor.py:766} INFO - DAG(s) dict_keys(['example_task_group_decorator']) retrieved from /home/airflow/.local/lib/python3.7/site-packages/airflow/example_dags/example_task_group_decorator.py
[2022-11-23T23:56:55.506+0000] {logging_mixin.py:137} INFO - [2022-11-23T23:56:55.505+0000] {dag.py:2585} INFO - Sync 1 DAGs
[2022-11-23T23:56:55.534+0000] {logging_mixin.py:137} INFO - [2022-11-23T23:56:55.533+0000] {dag.py:3340} INFO - Setting next_dagrun for example_task_group_decorator to 2022-11-22T23:56:55.533554+00:00, run_after=2022-11-23T23:56:55.533554+00:00
[2022-11-23T23:56:55.572+0000] {processor.py:176} INFO - Processing /home/airflow/.local/lib/python3.7/site-packages/airflow/example_dags/example_task_group_decorator.py took 0.153 seconds
[2022-11-23T23:57:26.347+0000] {processor.py:154} INFO - Started process (PID=298) to work on /home/airflow/.local/lib/python3.7/site-packages/airflow/example_dags/example_task_group_decorator.py
[2022-11-23T23:57:26.348+0000] {processor.py:756} INFO - Processing file /home/airflow/.local/lib/python3.7/site-packages/airflow/example_dags/example_task_group_decorator.py for tasks to queue
[2022-11-23T23:57:26.348+0000] {logging_mixin.py:137} INFO - [2022-11-23T23:57:26.348+0000] {dagbag.py:537} INFO - Filling up the DagBag from /home/airflow/.local/lib/python3.7/site-packages/airflow/example_dags/example_task_group_decorator.py
[2022-11-23T23:57:26.378+0000] {processor.py:766} INFO - DAG(s) dict_keys(['example_task_group_decorator']) retrieved from /home/airflow/.local/lib/python3.7/site-packages/airflow/example_dags/example_task_group_decorator.py
[2022-11-23T23:57:26.425+0000] {logging_mixin.py:137} INFO - [2022-11-23T23:57:26.425+0000] {dag.py:2585} INFO - Sync 1 DAGs
[2022-11-23T23:57:26.451+0000] {logging_mixin.py:137} INFO - [2022-11-23T23:57:26.451+0000] {dag.py:3340} INFO - Setting next_dagrun for example_task_group_decorator to 2022-11-22T23:57:26.450672+00:00, run_after=2022-11-23T23:57:26.450672+00:00
[2022-11-23T23:57:26.474+0000] {processor.py:176} INFO - Processing /home/airflow/.local/lib/python3.7/site-packages/airflow/example_dags/example_task_group_decorator.py took 0.130 seconds
[2022-11-23T23:57:57.306+0000] {processor.py:154} INFO - Started process (PID=354) to work on /home/airflow/.local/lib/python3.7/site-packages/airflow/example_dags/example_task_group_decorator.py
[2022-11-23T23:57:57.307+0000] {processor.py:756} INFO - Processing file /home/airflow/.local/lib/python3.7/site-packages/airflow/example_dags/example_task_group_decorator.py for tasks to queue
[2022-11-23T23:57:57.307+0000] {logging_mixin.py:137} INFO - [2022-11-23T23:57:57.307+0000] {dagbag.py:537} INFO - Filling up the DagBag from /home/airflow/.local/lib/python3.7/site-packages/airflow/example_dags/example_task_group_decorator.py
[2022-11-23T23:57:57.337+0000] {processor.py:766} INFO - DAG(s) dict_keys(['example_task_group_decorator']) retrieved from /home/airflow/.local/lib/python3.7/site-packages/airflow/example_dags/example_task_group_decorator.py
[2022-11-23T23:57:57.473+0000] {logging_mixin.py:137} INFO - [2022-11-23T23:57:57.473+0000] {dag.py:2585} INFO - Sync 1 DAGs
[2022-11-23T23:57:57.508+0000] {logging_mixin.py:137} INFO - [2022-11-23T23:57:57.507+0000] {dag.py:3340} INFO - Setting next_dagrun for example_task_group_decorator to 2022-11-22T23:57:57.507529+00:00, run_after=2022-11-23T23:57:57.507529+00:00
[2022-11-23T23:57:57.535+0000] {processor.py:176} INFO - Processing /home/airflow/.local/lib/python3.7/site-packages/airflow/example_dags/example_task_group_decorator.py took 0.232 seconds
