[2022-11-23T23:55:24.180+0000] {processor.py:154} INFO - Started process (PID=68) to work on /home/airflow/.local/lib/python3.7/site-packages/airflow/example_dags/example_python_operator.py
[2022-11-23T23:55:24.181+0000] {processor.py:756} INFO - Processing file /home/airflow/.local/lib/python3.7/site-packages/airflow/example_dags/example_python_operator.py for tasks to queue
[2022-11-23T23:55:24.182+0000] {logging_mixin.py:137} INFO - [2022-11-23T23:55:24.182+0000] {dagbag.py:537} INFO - Filling up the DagBag from /home/airflow/.local/lib/python3.7/site-packages/airflow/example_dags/example_python_operator.py
[2022-11-23T23:55:24.206+0000] {logging_mixin.py:137} INFO - [2022-11-23T23:55:24.206+0000] {taskmixin.py:205} WARNING - Dependency <Task(_PythonDecoratedOperator): print_the_context>, log_sql_query already registered for DAG: example_python_operator
[2022-11-23T23:55:24.207+0000] {logging_mixin.py:137} INFO - [2022-11-23T23:55:24.207+0000] {taskmixin.py:205} WARNING - Dependency <Task(_PythonDecoratedOperator): log_sql_query>, print_the_context already registered for DAG: example_python_operator
[2022-11-23T23:55:24.208+0000] {logging_mixin.py:137} INFO - [2022-11-23T23:55:24.208+0000] {taskmixin.py:205} WARNING - Dependency <Task(_PythonDecoratedOperator): print_the_context>, log_sql_query already registered for DAG: example_python_operator
[2022-11-23T23:55:24.208+0000] {logging_mixin.py:137} INFO - [2022-11-23T23:55:24.208+0000] {taskmixin.py:205} WARNING - Dependency <Task(_PythonDecoratedOperator): log_sql_query>, print_the_context already registered for DAG: example_python_operator
[2022-11-23T23:55:24.210+0000] {logging_mixin.py:137} INFO - [2022-11-23T23:55:24.209+0000] {taskmixin.py:205} WARNING - Dependency <Task(_PythonDecoratedOperator): print_the_context>, log_sql_query already registered for DAG: example_python_operator
[2022-11-23T23:55:24.210+0000] {logging_mixin.py:137} INFO - [2022-11-23T23:55:24.210+0000] {taskmixin.py:205} WARNING - Dependency <Task(_PythonDecoratedOperator): log_sql_query>, print_the_context already registered for DAG: example_python_operator
[2022-11-23T23:55:24.211+0000] {logging_mixin.py:137} INFO - [2022-11-23T23:55:24.211+0000] {taskmixin.py:205} WARNING - Dependency <Task(_PythonDecoratedOperator): print_the_context>, log_sql_query already registered for DAG: example_python_operator
[2022-11-23T23:55:24.212+0000] {logging_mixin.py:137} INFO - [2022-11-23T23:55:24.212+0000] {taskmixin.py:205} WARNING - Dependency <Task(_PythonDecoratedOperator): log_sql_query>, print_the_context already registered for DAG: example_python_operator
[2022-11-23T23:55:24.230+0000] {processor.py:766} INFO - DAG(s) dict_keys(['example_python_operator']) retrieved from /home/airflow/.local/lib/python3.7/site-packages/airflow/example_dags/example_python_operator.py
[2022-11-23T23:55:24.293+0000] {logging_mixin.py:137} INFO - [2022-11-23T23:55:24.293+0000] {dag.py:2585} INFO - Sync 1 DAGs
[2022-11-23T23:55:24.343+0000] {logging_mixin.py:137} INFO - [2022-11-23T23:55:24.342+0000] {dag.py:3340} INFO - Setting next_dagrun for example_python_operator to None, run_after=None
[2022-11-23T23:55:24.375+0000] {processor.py:176} INFO - Processing /home/airflow/.local/lib/python3.7/site-packages/airflow/example_dags/example_python_operator.py took 0.200 seconds
[2022-11-23T23:55:54.497+0000] {processor.py:154} INFO - Started process (PID=122) to work on /home/airflow/.local/lib/python3.7/site-packages/airflow/example_dags/example_python_operator.py
[2022-11-23T23:55:54.498+0000] {processor.py:756} INFO - Processing file /home/airflow/.local/lib/python3.7/site-packages/airflow/example_dags/example_python_operator.py for tasks to queue
[2022-11-23T23:55:54.499+0000] {logging_mixin.py:137} INFO - [2022-11-23T23:55:54.499+0000] {dagbag.py:537} INFO - Filling up the DagBag from /home/airflow/.local/lib/python3.7/site-packages/airflow/example_dags/example_python_operator.py
[2022-11-23T23:55:54.515+0000] {logging_mixin.py:137} INFO - [2022-11-23T23:55:54.515+0000] {taskmixin.py:205} WARNING - Dependency <Task(_PythonDecoratedOperator): print_the_context>, log_sql_query already registered for DAG: example_python_operator
[2022-11-23T23:55:54.516+0000] {logging_mixin.py:137} INFO - [2022-11-23T23:55:54.516+0000] {taskmixin.py:205} WARNING - Dependency <Task(_PythonDecoratedOperator): log_sql_query>, print_the_context already registered for DAG: example_python_operator
[2022-11-23T23:55:54.516+0000] {logging_mixin.py:137} INFO - [2022-11-23T23:55:54.516+0000] {taskmixin.py:205} WARNING - Dependency <Task(_PythonDecoratedOperator): print_the_context>, log_sql_query already registered for DAG: example_python_operator
[2022-11-23T23:55:54.516+0000] {logging_mixin.py:137} INFO - [2022-11-23T23:55:54.516+0000] {taskmixin.py:205} WARNING - Dependency <Task(_PythonDecoratedOperator): log_sql_query>, print_the_context already registered for DAG: example_python_operator
[2022-11-23T23:55:54.517+0000] {logging_mixin.py:137} INFO - [2022-11-23T23:55:54.517+0000] {taskmixin.py:205} WARNING - Dependency <Task(_PythonDecoratedOperator): print_the_context>, log_sql_query already registered for DAG: example_python_operator
[2022-11-23T23:55:54.517+0000] {logging_mixin.py:137} INFO - [2022-11-23T23:55:54.517+0000] {taskmixin.py:205} WARNING - Dependency <Task(_PythonDecoratedOperator): log_sql_query>, print_the_context already registered for DAG: example_python_operator
[2022-11-23T23:55:54.518+0000] {logging_mixin.py:137} INFO - [2022-11-23T23:55:54.518+0000] {taskmixin.py:205} WARNING - Dependency <Task(_PythonDecoratedOperator): print_the_context>, log_sql_query already registered for DAG: example_python_operator
[2022-11-23T23:55:54.518+0000] {logging_mixin.py:137} INFO - [2022-11-23T23:55:54.518+0000] {taskmixin.py:205} WARNING - Dependency <Task(_PythonDecoratedOperator): log_sql_query>, print_the_context already registered for DAG: example_python_operator
[2022-11-23T23:55:54.526+0000] {processor.py:766} INFO - DAG(s) dict_keys(['example_python_operator']) retrieved from /home/airflow/.local/lib/python3.7/site-packages/airflow/example_dags/example_python_operator.py
[2022-11-23T23:55:54.566+0000] {logging_mixin.py:137} INFO - [2022-11-23T23:55:54.566+0000] {dag.py:2585} INFO - Sync 1 DAGs
[2022-11-23T23:55:54.595+0000] {logging_mixin.py:137} INFO - [2022-11-23T23:55:54.595+0000] {dag.py:3340} INFO - Setting next_dagrun for example_python_operator to None, run_after=None
[2022-11-23T23:55:54.615+0000] {processor.py:176} INFO - Processing /home/airflow/.local/lib/python3.7/site-packages/airflow/example_dags/example_python_operator.py took 0.121 seconds
[2022-11-23T23:56:26.543+0000] {processor.py:154} INFO - Started process (PID=187) to work on /home/airflow/.local/lib/python3.7/site-packages/airflow/example_dags/example_python_operator.py
[2022-11-23T23:56:26.545+0000] {processor.py:756} INFO - Processing file /home/airflow/.local/lib/python3.7/site-packages/airflow/example_dags/example_python_operator.py for tasks to queue
[2022-11-23T23:56:26.545+0000] {logging_mixin.py:137} INFO - [2022-11-23T23:56:26.545+0000] {dagbag.py:537} INFO - Filling up the DagBag from /home/airflow/.local/lib/python3.7/site-packages/airflow/example_dags/example_python_operator.py
[2022-11-23T23:56:26.562+0000] {logging_mixin.py:137} INFO - [2022-11-23T23:56:26.562+0000] {taskmixin.py:205} WARNING - Dependency <Task(_PythonDecoratedOperator): print_the_context>, log_sql_query already registered for DAG: example_python_operator
[2022-11-23T23:56:26.562+0000] {logging_mixin.py:137} INFO - [2022-11-23T23:56:26.562+0000] {taskmixin.py:205} WARNING - Dependency <Task(_PythonDecoratedOperator): log_sql_query>, print_the_context already registered for DAG: example_python_operator
[2022-11-23T23:56:26.563+0000] {logging_mixin.py:137} INFO - [2022-11-23T23:56:26.563+0000] {taskmixin.py:205} WARNING - Dependency <Task(_PythonDecoratedOperator): print_the_context>, log_sql_query already registered for DAG: example_python_operator
[2022-11-23T23:56:26.563+0000] {logging_mixin.py:137} INFO - [2022-11-23T23:56:26.563+0000] {taskmixin.py:205} WARNING - Dependency <Task(_PythonDecoratedOperator): log_sql_query>, print_the_context already registered for DAG: example_python_operator
[2022-11-23T23:56:26.564+0000] {logging_mixin.py:137} INFO - [2022-11-23T23:56:26.564+0000] {taskmixin.py:205} WARNING - Dependency <Task(_PythonDecoratedOperator): print_the_context>, log_sql_query already registered for DAG: example_python_operator
[2022-11-23T23:56:26.564+0000] {logging_mixin.py:137} INFO - [2022-11-23T23:56:26.564+0000] {taskmixin.py:205} WARNING - Dependency <Task(_PythonDecoratedOperator): log_sql_query>, print_the_context already registered for DAG: example_python_operator
[2022-11-23T23:56:26.565+0000] {logging_mixin.py:137} INFO - [2022-11-23T23:56:26.565+0000] {taskmixin.py:205} WARNING - Dependency <Task(_PythonDecoratedOperator): print_the_context>, log_sql_query already registered for DAG: example_python_operator
[2022-11-23T23:56:26.565+0000] {logging_mixin.py:137} INFO - [2022-11-23T23:56:26.565+0000] {taskmixin.py:205} WARNING - Dependency <Task(_PythonDecoratedOperator): log_sql_query>, print_the_context already registered for DAG: example_python_operator
[2022-11-23T23:56:26.572+0000] {processor.py:766} INFO - DAG(s) dict_keys(['example_python_operator']) retrieved from /home/airflow/.local/lib/python3.7/site-packages/airflow/example_dags/example_python_operator.py
[2022-11-23T23:56:26.612+0000] {logging_mixin.py:137} INFO - [2022-11-23T23:56:26.612+0000] {dag.py:2585} INFO - Sync 1 DAGs
[2022-11-23T23:56:26.637+0000] {logging_mixin.py:137} INFO - [2022-11-23T23:56:26.636+0000] {dag.py:3340} INFO - Setting next_dagrun for example_python_operator to None, run_after=None
[2022-11-23T23:56:26.675+0000] {processor.py:176} INFO - Processing /home/airflow/.local/lib/python3.7/site-packages/airflow/example_dags/example_python_operator.py took 0.134 seconds
[2022-11-23T23:56:57.631+0000] {processor.py:154} INFO - Started process (PID=251) to work on /home/airflow/.local/lib/python3.7/site-packages/airflow/example_dags/example_python_operator.py
[2022-11-23T23:56:57.633+0000] {processor.py:756} INFO - Processing file /home/airflow/.local/lib/python3.7/site-packages/airflow/example_dags/example_python_operator.py for tasks to queue
[2022-11-23T23:56:57.634+0000] {logging_mixin.py:137} INFO - [2022-11-23T23:56:57.633+0000] {dagbag.py:537} INFO - Filling up the DagBag from /home/airflow/.local/lib/python3.7/site-packages/airflow/example_dags/example_python_operator.py
[2022-11-23T23:56:57.654+0000] {logging_mixin.py:137} INFO - [2022-11-23T23:56:57.653+0000] {taskmixin.py:205} WARNING - Dependency <Task(_PythonDecoratedOperator): print_the_context>, log_sql_query already registered for DAG: example_python_operator
[2022-11-23T23:56:57.654+0000] {logging_mixin.py:137} INFO - [2022-11-23T23:56:57.654+0000] {taskmixin.py:205} WARNING - Dependency <Task(_PythonDecoratedOperator): log_sql_query>, print_the_context already registered for DAG: example_python_operator
[2022-11-23T23:56:57.655+0000] {logging_mixin.py:137} INFO - [2022-11-23T23:56:57.655+0000] {taskmixin.py:205} WARNING - Dependency <Task(_PythonDecoratedOperator): print_the_context>, log_sql_query already registered for DAG: example_python_operator
[2022-11-23T23:56:57.655+0000] {logging_mixin.py:137} INFO - [2022-11-23T23:56:57.655+0000] {taskmixin.py:205} WARNING - Dependency <Task(_PythonDecoratedOperator): log_sql_query>, print_the_context already registered for DAG: example_python_operator
[2022-11-23T23:56:57.656+0000] {logging_mixin.py:137} INFO - [2022-11-23T23:56:57.656+0000] {taskmixin.py:205} WARNING - Dependency <Task(_PythonDecoratedOperator): print_the_context>, log_sql_query already registered for DAG: example_python_operator
[2022-11-23T23:56:57.656+0000] {logging_mixin.py:137} INFO - [2022-11-23T23:56:57.656+0000] {taskmixin.py:205} WARNING - Dependency <Task(_PythonDecoratedOperator): log_sql_query>, print_the_context already registered for DAG: example_python_operator
[2022-11-23T23:56:57.657+0000] {logging_mixin.py:137} INFO - [2022-11-23T23:56:57.657+0000] {taskmixin.py:205} WARNING - Dependency <Task(_PythonDecoratedOperator): print_the_context>, log_sql_query already registered for DAG: example_python_operator
[2022-11-23T23:56:57.657+0000] {logging_mixin.py:137} INFO - [2022-11-23T23:56:57.657+0000] {taskmixin.py:205} WARNING - Dependency <Task(_PythonDecoratedOperator): log_sql_query>, print_the_context already registered for DAG: example_python_operator
[2022-11-23T23:56:57.664+0000] {processor.py:766} INFO - DAG(s) dict_keys(['example_python_operator']) retrieved from /home/airflow/.local/lib/python3.7/site-packages/airflow/example_dags/example_python_operator.py
[2022-11-23T23:56:57.713+0000] {logging_mixin.py:137} INFO - [2022-11-23T23:56:57.713+0000] {dag.py:2585} INFO - Sync 1 DAGs
[2022-11-23T23:56:57.742+0000] {logging_mixin.py:137} INFO - [2022-11-23T23:56:57.742+0000] {dag.py:3340} INFO - Setting next_dagrun for example_python_operator to None, run_after=None
[2022-11-23T23:56:57.762+0000] {processor.py:176} INFO - Processing /home/airflow/.local/lib/python3.7/site-packages/airflow/example_dags/example_python_operator.py took 0.133 seconds
[2022-11-23T23:57:28.557+0000] {processor.py:154} INFO - Started process (PID=314) to work on /home/airflow/.local/lib/python3.7/site-packages/airflow/example_dags/example_python_operator.py
[2022-11-23T23:57:28.558+0000] {processor.py:756} INFO - Processing file /home/airflow/.local/lib/python3.7/site-packages/airflow/example_dags/example_python_operator.py for tasks to queue
[2022-11-23T23:57:28.559+0000] {logging_mixin.py:137} INFO - [2022-11-23T23:57:28.559+0000] {dagbag.py:537} INFO - Filling up the DagBag from /home/airflow/.local/lib/python3.7/site-packages/airflow/example_dags/example_python_operator.py
[2022-11-23T23:57:28.575+0000] {logging_mixin.py:137} INFO - [2022-11-23T23:57:28.575+0000] {taskmixin.py:205} WARNING - Dependency <Task(_PythonDecoratedOperator): print_the_context>, log_sql_query already registered for DAG: example_python_operator
[2022-11-23T23:57:28.575+0000] {logging_mixin.py:137} INFO - [2022-11-23T23:57:28.575+0000] {taskmixin.py:205} WARNING - Dependency <Task(_PythonDecoratedOperator): log_sql_query>, print_the_context already registered for DAG: example_python_operator
[2022-11-23T23:57:28.576+0000] {logging_mixin.py:137} INFO - [2022-11-23T23:57:28.576+0000] {taskmixin.py:205} WARNING - Dependency <Task(_PythonDecoratedOperator): print_the_context>, log_sql_query already registered for DAG: example_python_operator
[2022-11-23T23:57:28.576+0000] {logging_mixin.py:137} INFO - [2022-11-23T23:57:28.576+0000] {taskmixin.py:205} WARNING - Dependency <Task(_PythonDecoratedOperator): log_sql_query>, print_the_context already registered for DAG: example_python_operator
[2022-11-23T23:57:28.577+0000] {logging_mixin.py:137} INFO - [2022-11-23T23:57:28.577+0000] {taskmixin.py:205} WARNING - Dependency <Task(_PythonDecoratedOperator): print_the_context>, log_sql_query already registered for DAG: example_python_operator
[2022-11-23T23:57:28.577+0000] {logging_mixin.py:137} INFO - [2022-11-23T23:57:28.577+0000] {taskmixin.py:205} WARNING - Dependency <Task(_PythonDecoratedOperator): log_sql_query>, print_the_context already registered for DAG: example_python_operator
[2022-11-23T23:57:28.578+0000] {logging_mixin.py:137} INFO - [2022-11-23T23:57:28.578+0000] {taskmixin.py:205} WARNING - Dependency <Task(_PythonDecoratedOperator): print_the_context>, log_sql_query already registered for DAG: example_python_operator
[2022-11-23T23:57:28.578+0000] {logging_mixin.py:137} INFO - [2022-11-23T23:57:28.578+0000] {taskmixin.py:205} WARNING - Dependency <Task(_PythonDecoratedOperator): log_sql_query>, print_the_context already registered for DAG: example_python_operator
[2022-11-23T23:57:28.585+0000] {processor.py:766} INFO - DAG(s) dict_keys(['example_python_operator']) retrieved from /home/airflow/.local/lib/python3.7/site-packages/airflow/example_dags/example_python_operator.py
[2022-11-23T23:57:28.636+0000] {logging_mixin.py:137} INFO - [2022-11-23T23:57:28.635+0000] {dag.py:2585} INFO - Sync 1 DAGs
[2022-11-23T23:57:28.661+0000] {logging_mixin.py:137} INFO - [2022-11-23T23:57:28.661+0000] {dag.py:3340} INFO - Setting next_dagrun for example_python_operator to None, run_after=None
[2022-11-23T23:57:28.682+0000] {processor.py:176} INFO - Processing /home/airflow/.local/lib/python3.7/site-packages/airflow/example_dags/example_python_operator.py took 0.130 seconds
[2022-11-23T23:57:59.522+0000] {processor.py:154} INFO - Started process (PID=368) to work on /home/airflow/.local/lib/python3.7/site-packages/airflow/example_dags/example_python_operator.py
[2022-11-23T23:57:59.522+0000] {processor.py:756} INFO - Processing file /home/airflow/.local/lib/python3.7/site-packages/airflow/example_dags/example_python_operator.py for tasks to queue
[2022-11-23T23:57:59.523+0000] {logging_mixin.py:137} INFO - [2022-11-23T23:57:59.523+0000] {dagbag.py:537} INFO - Filling up the DagBag from /home/airflow/.local/lib/python3.7/site-packages/airflow/example_dags/example_python_operator.py
[2022-11-23T23:57:59.538+0000] {logging_mixin.py:137} INFO - [2022-11-23T23:57:59.538+0000] {taskmixin.py:205} WARNING - Dependency <Task(_PythonDecoratedOperator): print_the_context>, log_sql_query already registered for DAG: example_python_operator
[2022-11-23T23:57:59.538+0000] {logging_mixin.py:137} INFO - [2022-11-23T23:57:59.538+0000] {taskmixin.py:205} WARNING - Dependency <Task(_PythonDecoratedOperator): log_sql_query>, print_the_context already registered for DAG: example_python_operator
[2022-11-23T23:57:59.539+0000] {logging_mixin.py:137} INFO - [2022-11-23T23:57:59.539+0000] {taskmixin.py:205} WARNING - Dependency <Task(_PythonDecoratedOperator): print_the_context>, log_sql_query already registered for DAG: example_python_operator
[2022-11-23T23:57:59.539+0000] {logging_mixin.py:137} INFO - [2022-11-23T23:57:59.539+0000] {taskmixin.py:205} WARNING - Dependency <Task(_PythonDecoratedOperator): log_sql_query>, print_the_context already registered for DAG: example_python_operator
[2022-11-23T23:57:59.540+0000] {logging_mixin.py:137} INFO - [2022-11-23T23:57:59.540+0000] {taskmixin.py:205} WARNING - Dependency <Task(_PythonDecoratedOperator): print_the_context>, log_sql_query already registered for DAG: example_python_operator
[2022-11-23T23:57:59.540+0000] {logging_mixin.py:137} INFO - [2022-11-23T23:57:59.540+0000] {taskmixin.py:205} WARNING - Dependency <Task(_PythonDecoratedOperator): log_sql_query>, print_the_context already registered for DAG: example_python_operator
[2022-11-23T23:57:59.541+0000] {logging_mixin.py:137} INFO - [2022-11-23T23:57:59.540+0000] {taskmixin.py:205} WARNING - Dependency <Task(_PythonDecoratedOperator): print_the_context>, log_sql_query already registered for DAG: example_python_operator
[2022-11-23T23:57:59.541+0000] {logging_mixin.py:137} INFO - [2022-11-23T23:57:59.541+0000] {taskmixin.py:205} WARNING - Dependency <Task(_PythonDecoratedOperator): log_sql_query>, print_the_context already registered for DAG: example_python_operator
[2022-11-23T23:57:59.548+0000] {processor.py:766} INFO - DAG(s) dict_keys(['example_python_operator']) retrieved from /home/airflow/.local/lib/python3.7/site-packages/airflow/example_dags/example_python_operator.py
[2022-11-23T23:57:59.586+0000] {logging_mixin.py:137} INFO - [2022-11-23T23:57:59.586+0000] {dag.py:2585} INFO - Sync 1 DAGs
[2022-11-23T23:57:59.611+0000] {logging_mixin.py:137} INFO - [2022-11-23T23:57:59.611+0000] {dag.py:3340} INFO - Setting next_dagrun for example_python_operator to None, run_after=None
[2022-11-23T23:57:59.631+0000] {processor.py:176} INFO - Processing /home/airflow/.local/lib/python3.7/site-packages/airflow/example_dags/example_python_operator.py took 0.112 seconds
