[2022-11-23T23:55:22.328+0000] {processor.py:154} INFO - Started process (PID=51) to work on /home/airflow/.local/lib/python3.7/site-packages/airflow/example_dags/example_branch_labels.py
[2022-11-23T23:55:22.330+0000] {processor.py:756} INFO - Processing file /home/airflow/.local/lib/python3.7/site-packages/airflow/example_dags/example_branch_labels.py for tasks to queue
[2022-11-23T23:55:22.330+0000] {logging_mixin.py:137} INFO - [2022-11-23T23:55:22.330+0000] {dagbag.py:537} INFO - Filling up the DagBag from /home/airflow/.local/lib/python3.7/site-packages/airflow/example_dags/example_branch_labels.py
[2022-11-23T23:55:22.354+0000] {processor.py:766} INFO - DAG(s) dict_keys(['example_branch_labels']) retrieved from /home/airflow/.local/lib/python3.7/site-packages/airflow/example_dags/example_branch_labels.py
[2022-11-23T23:55:22.399+0000] {logging_mixin.py:137} INFO - [2022-11-23T23:55:22.398+0000] {dag.py:2585} INFO - Sync 1 DAGs
[2022-11-23T23:55:22.467+0000] {logging_mixin.py:137} INFO - [2022-11-23T23:55:22.467+0000] {dag.py:3340} INFO - Setting next_dagrun for example_branch_labels to 2022-11-22T00:00:00+00:00, run_after=2022-11-23T00:00:00+00:00
[2022-11-23T23:55:22.528+0000] {processor.py:176} INFO - Processing /home/airflow/.local/lib/python3.7/site-packages/airflow/example_dags/example_branch_labels.py took 0.205 seconds
[2022-11-23T23:55:53.108+0000] {processor.py:154} INFO - Started process (PID=105) to work on /home/airflow/.local/lib/python3.7/site-packages/airflow/example_dags/example_branch_labels.py
[2022-11-23T23:55:53.110+0000] {processor.py:756} INFO - Processing file /home/airflow/.local/lib/python3.7/site-packages/airflow/example_dags/example_branch_labels.py for tasks to queue
[2022-11-23T23:55:53.110+0000] {logging_mixin.py:137} INFO - [2022-11-23T23:55:53.110+0000] {dagbag.py:537} INFO - Filling up the DagBag from /home/airflow/.local/lib/python3.7/site-packages/airflow/example_dags/example_branch_labels.py
[2022-11-23T23:55:53.126+0000] {processor.py:766} INFO - DAG(s) dict_keys(['example_branch_labels']) retrieved from /home/airflow/.local/lib/python3.7/site-packages/airflow/example_dags/example_branch_labels.py
[2022-11-23T23:55:53.169+0000] {logging_mixin.py:137} INFO - [2022-11-23T23:55:53.169+0000] {dag.py:2585} INFO - Sync 1 DAGs
[2022-11-23T23:55:53.198+0000] {logging_mixin.py:137} INFO - [2022-11-23T23:55:53.198+0000] {dag.py:3340} INFO - Setting next_dagrun for example_branch_labels to 2022-11-22T00:00:00+00:00, run_after=2022-11-23T00:00:00+00:00
[2022-11-23T23:55:53.218+0000] {processor.py:176} INFO - Processing /home/airflow/.local/lib/python3.7/site-packages/airflow/example_dags/example_branch_labels.py took 0.112 seconds
[2022-11-23T23:56:24.712+0000] {processor.py:154} INFO - Started process (PID=170) to work on /home/airflow/.local/lib/python3.7/site-packages/airflow/example_dags/example_branch_labels.py
[2022-11-23T23:56:24.713+0000] {processor.py:756} INFO - Processing file /home/airflow/.local/lib/python3.7/site-packages/airflow/example_dags/example_branch_labels.py for tasks to queue
[2022-11-23T23:56:24.714+0000] {logging_mixin.py:137} INFO - [2022-11-23T23:56:24.714+0000] {dagbag.py:537} INFO - Filling up the DagBag from /home/airflow/.local/lib/python3.7/site-packages/airflow/example_dags/example_branch_labels.py
[2022-11-23T23:56:24.731+0000] {processor.py:766} INFO - DAG(s) dict_keys(['example_branch_labels']) retrieved from /home/airflow/.local/lib/python3.7/site-packages/airflow/example_dags/example_branch_labels.py
[2022-11-23T23:56:24.774+0000] {logging_mixin.py:137} INFO - [2022-11-23T23:56:24.774+0000] {dag.py:2585} INFO - Sync 1 DAGs
[2022-11-23T23:56:24.802+0000] {logging_mixin.py:137} INFO - [2022-11-23T23:56:24.802+0000] {dag.py:3340} INFO - Setting next_dagrun for example_branch_labels to 2022-11-22T00:00:00+00:00, run_after=2022-11-23T00:00:00+00:00
[2022-11-23T23:56:24.822+0000] {processor.py:176} INFO - Processing /home/airflow/.local/lib/python3.7/site-packages/airflow/example_dags/example_branch_labels.py took 0.113 seconds
[2022-11-23T23:56:55.214+0000] {processor.py:154} INFO - Started process (PID=234) to work on /home/airflow/.local/lib/python3.7/site-packages/airflow/example_dags/example_branch_labels.py
[2022-11-23T23:56:55.215+0000] {processor.py:756} INFO - Processing file /home/airflow/.local/lib/python3.7/site-packages/airflow/example_dags/example_branch_labels.py for tasks to queue
[2022-11-23T23:56:55.216+0000] {logging_mixin.py:137} INFO - [2022-11-23T23:56:55.216+0000] {dagbag.py:537} INFO - Filling up the DagBag from /home/airflow/.local/lib/python3.7/site-packages/airflow/example_dags/example_branch_labels.py
[2022-11-23T23:56:55.231+0000] {processor.py:766} INFO - DAG(s) dict_keys(['example_branch_labels']) retrieved from /home/airflow/.local/lib/python3.7/site-packages/airflow/example_dags/example_branch_labels.py
[2022-11-23T23:56:55.274+0000] {logging_mixin.py:137} INFO - [2022-11-23T23:56:55.274+0000] {dag.py:2585} INFO - Sync 1 DAGs
[2022-11-23T23:56:55.305+0000] {logging_mixin.py:137} INFO - [2022-11-23T23:56:55.304+0000] {dag.py:3340} INFO - Setting next_dagrun for example_branch_labels to 2022-11-22T00:00:00+00:00, run_after=2022-11-23T00:00:00+00:00
[2022-11-23T23:56:55.325+0000] {processor.py:176} INFO - Processing /home/airflow/.local/lib/python3.7/site-packages/airflow/example_dags/example_branch_labels.py took 0.115 seconds
[2022-11-23T23:57:26.196+0000] {processor.py:154} INFO - Started process (PID=291) to work on /home/airflow/.local/lib/python3.7/site-packages/airflow/example_dags/example_branch_labels.py
[2022-11-23T23:57:26.198+0000] {processor.py:756} INFO - Processing file /home/airflow/.local/lib/python3.7/site-packages/airflow/example_dags/example_branch_labels.py for tasks to queue
[2022-11-23T23:57:26.199+0000] {logging_mixin.py:137} INFO - [2022-11-23T23:57:26.199+0000] {dagbag.py:537} INFO - Filling up the DagBag from /home/airflow/.local/lib/python3.7/site-packages/airflow/example_dags/example_branch_labels.py
[2022-11-23T23:57:26.220+0000] {processor.py:766} INFO - DAG(s) dict_keys(['example_branch_labels']) retrieved from /home/airflow/.local/lib/python3.7/site-packages/airflow/example_dags/example_branch_labels.py
[2022-11-23T23:57:26.265+0000] {logging_mixin.py:137} INFO - [2022-11-23T23:57:26.265+0000] {dag.py:2585} INFO - Sync 1 DAGs
[2022-11-23T23:57:26.294+0000] {logging_mixin.py:137} INFO - [2022-11-23T23:57:26.294+0000] {dag.py:3340} INFO - Setting next_dagrun for example_branch_labels to 2022-11-22T00:00:00+00:00, run_after=2022-11-23T00:00:00+00:00
[2022-11-23T23:57:26.313+0000] {processor.py:176} INFO - Processing /home/airflow/.local/lib/python3.7/site-packages/airflow/example_dags/example_branch_labels.py took 0.124 seconds
[2022-11-23T23:57:57.117+0000] {processor.py:154} INFO - Started process (PID=351) to work on /home/airflow/.local/lib/python3.7/site-packages/airflow/example_dags/example_branch_labels.py
[2022-11-23T23:57:57.118+0000] {processor.py:756} INFO - Processing file /home/airflow/.local/lib/python3.7/site-packages/airflow/example_dags/example_branch_labels.py for tasks to queue
[2022-11-23T23:57:57.119+0000] {logging_mixin.py:137} INFO - [2022-11-23T23:57:57.118+0000] {dagbag.py:537} INFO - Filling up the DagBag from /home/airflow/.local/lib/python3.7/site-packages/airflow/example_dags/example_branch_labels.py
[2022-11-23T23:57:57.132+0000] {processor.py:766} INFO - DAG(s) dict_keys(['example_branch_labels']) retrieved from /home/airflow/.local/lib/python3.7/site-packages/airflow/example_dags/example_branch_labels.py
[2022-11-23T23:57:57.173+0000] {logging_mixin.py:137} INFO - [2022-11-23T23:57:57.173+0000] {dag.py:2585} INFO - Sync 1 DAGs
[2022-11-23T23:57:57.198+0000] {logging_mixin.py:137} INFO - [2022-11-23T23:57:57.198+0000] {dag.py:3340} INFO - Setting next_dagrun for example_branch_labels to 2022-11-22T00:00:00+00:00, run_after=2022-11-23T00:00:00+00:00
[2022-11-23T23:57:57.217+0000] {processor.py:176} INFO - Processing /home/airflow/.local/lib/python3.7/site-packages/airflow/example_dags/example_branch_labels.py took 0.103 seconds
