[2022-11-23T23:55:22.361+0000] {processor.py:154} INFO - Started process (PID=52) to work on /home/airflow/.local/lib/python3.7/site-packages/airflow/example_dags/example_latest_only.py
[2022-11-23T23:55:22.362+0000] {processor.py:756} INFO - Processing file /home/airflow/.local/lib/python3.7/site-packages/airflow/example_dags/example_latest_only.py for tasks to queue
[2022-11-23T23:55:22.364+0000] {logging_mixin.py:137} INFO - [2022-11-23T23:55:22.364+0000] {dagbag.py:537} INFO - Filling up the DagBag from /home/airflow/.local/lib/python3.7/site-packages/airflow/example_dags/example_latest_only.py
[2022-11-23T23:55:22.390+0000] {processor.py:766} INFO - DAG(s) dict_keys(['latest_only']) retrieved from /home/airflow/.local/lib/python3.7/site-packages/airflow/example_dags/example_latest_only.py
[2022-11-23T23:55:22.446+0000] {logging_mixin.py:137} INFO - [2022-11-23T23:55:22.445+0000] {dag.py:2585} INFO - Sync 1 DAGs
[2022-11-23T23:55:22.544+0000] {logging_mixin.py:137} INFO - [2022-11-23T23:55:22.544+0000] {dag.py:3340} INFO - Setting next_dagrun for latest_only to 2022-11-23T19:55:22.542763+00:00, run_after=2022-11-23T23:55:22.542763+00:00
[2022-11-23T23:55:22.589+0000] {processor.py:176} INFO - Processing /home/airflow/.local/lib/python3.7/site-packages/airflow/example_dags/example_latest_only.py took 0.233 seconds
[2022-11-23T23:55:53.162+0000] {processor.py:154} INFO - Started process (PID=106) to work on /home/airflow/.local/lib/python3.7/site-packages/airflow/example_dags/example_latest_only.py
[2022-11-23T23:55:53.163+0000] {processor.py:756} INFO - Processing file /home/airflow/.local/lib/python3.7/site-packages/airflow/example_dags/example_latest_only.py for tasks to queue
[2022-11-23T23:55:53.164+0000] {logging_mixin.py:137} INFO - [2022-11-23T23:55:53.164+0000] {dagbag.py:537} INFO - Filling up the DagBag from /home/airflow/.local/lib/python3.7/site-packages/airflow/example_dags/example_latest_only.py
[2022-11-23T23:55:53.180+0000] {processor.py:766} INFO - DAG(s) dict_keys(['latest_only']) retrieved from /home/airflow/.local/lib/python3.7/site-packages/airflow/example_dags/example_latest_only.py
[2022-11-23T23:55:53.221+0000] {logging_mixin.py:137} INFO - [2022-11-23T23:55:53.221+0000] {dag.py:2585} INFO - Sync 1 DAGs
[2022-11-23T23:55:53.247+0000] {logging_mixin.py:137} INFO - [2022-11-23T23:55:53.247+0000] {dag.py:3340} INFO - Setting next_dagrun for latest_only to 2022-11-23T19:55:53.247230+00:00, run_after=2022-11-23T23:55:53.247230+00:00
[2022-11-23T23:55:53.269+0000] {processor.py:176} INFO - Processing /home/airflow/.local/lib/python3.7/site-packages/airflow/example_dags/example_latest_only.py took 0.111 seconds
[2022-11-23T23:56:24.740+0000] {processor.py:154} INFO - Started process (PID=171) to work on /home/airflow/.local/lib/python3.7/site-packages/airflow/example_dags/example_latest_only.py
[2022-11-23T23:56:24.741+0000] {processor.py:756} INFO - Processing file /home/airflow/.local/lib/python3.7/site-packages/airflow/example_dags/example_latest_only.py for tasks to queue
[2022-11-23T23:56:24.742+0000] {logging_mixin.py:137} INFO - [2022-11-23T23:56:24.742+0000] {dagbag.py:537} INFO - Filling up the DagBag from /home/airflow/.local/lib/python3.7/site-packages/airflow/example_dags/example_latest_only.py
[2022-11-23T23:56:24.759+0000] {processor.py:766} INFO - DAG(s) dict_keys(['latest_only']) retrieved from /home/airflow/.local/lib/python3.7/site-packages/airflow/example_dags/example_latest_only.py
[2022-11-23T23:56:24.798+0000] {logging_mixin.py:137} INFO - [2022-11-23T23:56:24.797+0000] {dag.py:2585} INFO - Sync 1 DAGs
[2022-11-23T23:56:24.826+0000] {logging_mixin.py:137} INFO - [2022-11-23T23:56:24.826+0000] {dag.py:3340} INFO - Setting next_dagrun for latest_only to 2022-11-23T19:56:24.825791+00:00, run_after=2022-11-23T23:56:24.825791+00:00
[2022-11-23T23:56:24.846+0000] {processor.py:176} INFO - Processing /home/airflow/.local/lib/python3.7/site-packages/airflow/example_dags/example_latest_only.py took 0.110 seconds
[2022-11-23T23:56:55.295+0000] {processor.py:154} INFO - Started process (PID=235) to work on /home/airflow/.local/lib/python3.7/site-packages/airflow/example_dags/example_latest_only.py
[2022-11-23T23:56:55.296+0000] {processor.py:756} INFO - Processing file /home/airflow/.local/lib/python3.7/site-packages/airflow/example_dags/example_latest_only.py for tasks to queue
[2022-11-23T23:56:55.297+0000] {logging_mixin.py:137} INFO - [2022-11-23T23:56:55.296+0000] {dagbag.py:537} INFO - Filling up the DagBag from /home/airflow/.local/lib/python3.7/site-packages/airflow/example_dags/example_latest_only.py
[2022-11-23T23:56:55.311+0000] {processor.py:766} INFO - DAG(s) dict_keys(['latest_only']) retrieved from /home/airflow/.local/lib/python3.7/site-packages/airflow/example_dags/example_latest_only.py
[2022-11-23T23:56:55.353+0000] {logging_mixin.py:137} INFO - [2022-11-23T23:56:55.352+0000] {dag.py:2585} INFO - Sync 1 DAGs
[2022-11-23T23:56:55.379+0000] {logging_mixin.py:137} INFO - [2022-11-23T23:56:55.379+0000] {dag.py:3340} INFO - Setting next_dagrun for latest_only to 2022-11-23T19:56:55.378838+00:00, run_after=2022-11-23T23:56:55.378838+00:00
[2022-11-23T23:56:55.400+0000] {processor.py:176} INFO - Processing /home/airflow/.local/lib/python3.7/site-packages/airflow/example_dags/example_latest_only.py took 0.108 seconds
[2022-11-23T23:57:26.216+0000] {processor.py:154} INFO - Started process (PID=295) to work on /home/airflow/.local/lib/python3.7/site-packages/airflow/example_dags/example_latest_only.py
[2022-11-23T23:57:26.218+0000] {processor.py:756} INFO - Processing file /home/airflow/.local/lib/python3.7/site-packages/airflow/example_dags/example_latest_only.py for tasks to queue
[2022-11-23T23:57:26.219+0000] {logging_mixin.py:137} INFO - [2022-11-23T23:57:26.218+0000] {dagbag.py:537} INFO - Filling up the DagBag from /home/airflow/.local/lib/python3.7/site-packages/airflow/example_dags/example_latest_only.py
[2022-11-23T23:57:26.233+0000] {processor.py:766} INFO - DAG(s) dict_keys(['latest_only']) retrieved from /home/airflow/.local/lib/python3.7/site-packages/airflow/example_dags/example_latest_only.py
[2022-11-23T23:57:26.278+0000] {logging_mixin.py:137} INFO - [2022-11-23T23:57:26.278+0000] {dag.py:2585} INFO - Sync 1 DAGs
[2022-11-23T23:57:26.303+0000] {logging_mixin.py:137} INFO - [2022-11-23T23:57:26.303+0000] {dag.py:3340} INFO - Setting next_dagrun for latest_only to 2022-11-23T19:57:26.302926+00:00, run_after=2022-11-23T23:57:26.302926+00:00
[2022-11-23T23:57:26.324+0000] {processor.py:176} INFO - Processing /home/airflow/.local/lib/python3.7/site-packages/airflow/example_dags/example_latest_only.py took 0.113 seconds
[2022-11-23T23:57:57.185+0000] {processor.py:154} INFO - Started process (PID=352) to work on /home/airflow/.local/lib/python3.7/site-packages/airflow/example_dags/example_latest_only.py
[2022-11-23T23:57:57.186+0000] {processor.py:756} INFO - Processing file /home/airflow/.local/lib/python3.7/site-packages/airflow/example_dags/example_latest_only.py for tasks to queue
[2022-11-23T23:57:57.186+0000] {logging_mixin.py:137} INFO - [2022-11-23T23:57:57.186+0000] {dagbag.py:537} INFO - Filling up the DagBag from /home/airflow/.local/lib/python3.7/site-packages/airflow/example_dags/example_latest_only.py
[2022-11-23T23:57:57.199+0000] {processor.py:766} INFO - DAG(s) dict_keys(['latest_only']) retrieved from /home/airflow/.local/lib/python3.7/site-packages/airflow/example_dags/example_latest_only.py
[2022-11-23T23:57:57.239+0000] {logging_mixin.py:137} INFO - [2022-11-23T23:57:57.238+0000] {dag.py:2585} INFO - Sync 1 DAGs
[2022-11-23T23:57:57.264+0000] {logging_mixin.py:137} INFO - [2022-11-23T23:57:57.264+0000] {dag.py:3340} INFO - Setting next_dagrun for latest_only to 2022-11-23T19:57:57.263749+00:00, run_after=2022-11-23T23:57:57.263749+00:00
[2022-11-23T23:57:57.286+0000] {processor.py:176} INFO - Processing /home/airflow/.local/lib/python3.7/site-packages/airflow/example_dags/example_latest_only.py took 0.104 seconds
