[2022-11-23T23:55:21.876+0000] {processor.py:154} INFO - Started process (PID=48) to work on /home/airflow/.local/lib/python3.7/site-packages/airflow/example_dags/example_dag_decorator.py
[2022-11-23T23:55:21.877+0000] {processor.py:756} INFO - Processing file /home/airflow/.local/lib/python3.7/site-packages/airflow/example_dags/example_dag_decorator.py for tasks to queue
[2022-11-23T23:55:21.878+0000] {logging_mixin.py:137} INFO - [2022-11-23T23:55:21.878+0000] {dagbag.py:537} INFO - Filling up the DagBag from /home/airflow/.local/lib/python3.7/site-packages/airflow/example_dags/example_dag_decorator.py
[2022-11-23T23:55:21.926+0000] {logging_mixin.py:137} INFO - [2022-11-23T23:55:21.926+0000] {taskmixin.py:205} WARNING - Dependency <Task(_PythonDecoratedOperator): prepare_email>, send_email already registered for DAG: example_dag_decorator
[2022-11-23T23:55:21.927+0000] {logging_mixin.py:137} INFO - [2022-11-23T23:55:21.926+0000] {taskmixin.py:205} WARNING - Dependency <Task(EmailOperator): send_email>, prepare_email already registered for DAG: example_dag_decorator
[2022-11-23T23:55:21.962+0000] {processor.py:766} INFO - DAG(s) dict_keys(['example_dag_decorator']) retrieved from /home/airflow/.local/lib/python3.7/site-packages/airflow/example_dags/example_dag_decorator.py
[2022-11-23T23:55:22.021+0000] {logging_mixin.py:137} INFO - [2022-11-23T23:55:22.020+0000] {dag.py:2585} INFO - Sync 1 DAGs
[2022-11-23T23:55:22.099+0000] {logging_mixin.py:137} INFO - [2022-11-23T23:55:22.099+0000] {dag.py:3340} INFO - Setting next_dagrun for example_dag_decorator to None, run_after=None
[2022-11-23T23:55:22.136+0000] {processor.py:176} INFO - Processing /home/airflow/.local/lib/python3.7/site-packages/airflow/example_dags/example_dag_decorator.py took 0.266 seconds
[2022-11-23T23:55:52.814+0000] {processor.py:154} INFO - Started process (PID=102) to work on /home/airflow/.local/lib/python3.7/site-packages/airflow/example_dags/example_dag_decorator.py
[2022-11-23T23:55:52.815+0000] {processor.py:756} INFO - Processing file /home/airflow/.local/lib/python3.7/site-packages/airflow/example_dags/example_dag_decorator.py for tasks to queue
[2022-11-23T23:55:52.816+0000] {logging_mixin.py:137} INFO - [2022-11-23T23:55:52.816+0000] {dagbag.py:537} INFO - Filling up the DagBag from /home/airflow/.local/lib/python3.7/site-packages/airflow/example_dags/example_dag_decorator.py
[2022-11-23T23:55:52.839+0000] {logging_mixin.py:137} INFO - [2022-11-23T23:55:52.839+0000] {taskmixin.py:205} WARNING - Dependency <Task(_PythonDecoratedOperator): prepare_email>, send_email already registered for DAG: example_dag_decorator
[2022-11-23T23:55:52.839+0000] {logging_mixin.py:137} INFO - [2022-11-23T23:55:52.839+0000] {taskmixin.py:205} WARNING - Dependency <Task(EmailOperator): send_email>, prepare_email already registered for DAG: example_dag_decorator
[2022-11-23T23:55:52.861+0000] {processor.py:766} INFO - DAG(s) dict_keys(['example_dag_decorator']) retrieved from /home/airflow/.local/lib/python3.7/site-packages/airflow/example_dags/example_dag_decorator.py
[2022-11-23T23:55:52.953+0000] {logging_mixin.py:137} INFO - [2022-11-23T23:55:52.953+0000] {dag.py:2585} INFO - Sync 1 DAGs
[2022-11-23T23:55:52.977+0000] {logging_mixin.py:137} INFO - [2022-11-23T23:55:52.976+0000] {dag.py:3340} INFO - Setting next_dagrun for example_dag_decorator to None, run_after=None
[2022-11-23T23:55:52.999+0000] {processor.py:176} INFO - Processing /home/airflow/.local/lib/python3.7/site-packages/airflow/example_dags/example_dag_decorator.py took 0.188 seconds
[2022-11-23T23:56:23.878+0000] {processor.py:154} INFO - Started process (PID=167) to work on /home/airflow/.local/lib/python3.7/site-packages/airflow/example_dags/example_dag_decorator.py
[2022-11-23T23:56:23.897+0000] {processor.py:756} INFO - Processing file /home/airflow/.local/lib/python3.7/site-packages/airflow/example_dags/example_dag_decorator.py for tasks to queue
[2022-11-23T23:56:23.898+0000] {logging_mixin.py:137} INFO - [2022-11-23T23:56:23.898+0000] {dagbag.py:537} INFO - Filling up the DagBag from /home/airflow/.local/lib/python3.7/site-packages/airflow/example_dags/example_dag_decorator.py
[2022-11-23T23:56:24.198+0000] {logging_mixin.py:137} INFO - [2022-11-23T23:56:24.198+0000] {taskmixin.py:205} WARNING - Dependency <Task(_PythonDecoratedOperator): prepare_email>, send_email already registered for DAG: example_dag_decorator
[2022-11-23T23:56:24.198+0000] {logging_mixin.py:137} INFO - [2022-11-23T23:56:24.198+0000] {taskmixin.py:205} WARNING - Dependency <Task(EmailOperator): send_email>, prepare_email already registered for DAG: example_dag_decorator
[2022-11-23T23:56:24.225+0000] {processor.py:766} INFO - DAG(s) dict_keys(['example_dag_decorator']) retrieved from /home/airflow/.local/lib/python3.7/site-packages/airflow/example_dags/example_dag_decorator.py
[2022-11-23T23:56:24.446+0000] {logging_mixin.py:137} INFO - [2022-11-23T23:56:24.446+0000] {dag.py:2585} INFO - Sync 1 DAGs
[2022-11-23T23:56:24.525+0000] {logging_mixin.py:137} INFO - [2022-11-23T23:56:24.525+0000] {dag.py:3340} INFO - Setting next_dagrun for example_dag_decorator to None, run_after=None
[2022-11-23T23:56:24.555+0000] {processor.py:176} INFO - Processing /home/airflow/.local/lib/python3.7/site-packages/airflow/example_dags/example_dag_decorator.py took 0.681 seconds
[2022-11-23T23:56:54.918+0000] {processor.py:154} INFO - Started process (PID=231) to work on /home/airflow/.local/lib/python3.7/site-packages/airflow/example_dags/example_dag_decorator.py
[2022-11-23T23:56:54.919+0000] {processor.py:756} INFO - Processing file /home/airflow/.local/lib/python3.7/site-packages/airflow/example_dags/example_dag_decorator.py for tasks to queue
[2022-11-23T23:56:54.919+0000] {logging_mixin.py:137} INFO - [2022-11-23T23:56:54.919+0000] {dagbag.py:537} INFO - Filling up the DagBag from /home/airflow/.local/lib/python3.7/site-packages/airflow/example_dags/example_dag_decorator.py
[2022-11-23T23:56:54.935+0000] {logging_mixin.py:137} INFO - [2022-11-23T23:56:54.934+0000] {taskmixin.py:205} WARNING - Dependency <Task(_PythonDecoratedOperator): prepare_email>, send_email already registered for DAG: example_dag_decorator
[2022-11-23T23:56:54.935+0000] {logging_mixin.py:137} INFO - [2022-11-23T23:56:54.935+0000] {taskmixin.py:205} WARNING - Dependency <Task(EmailOperator): send_email>, prepare_email already registered for DAG: example_dag_decorator
[2022-11-23T23:56:54.948+0000] {processor.py:766} INFO - DAG(s) dict_keys(['example_dag_decorator']) retrieved from /home/airflow/.local/lib/python3.7/site-packages/airflow/example_dags/example_dag_decorator.py
[2022-11-23T23:56:55.055+0000] {logging_mixin.py:137} INFO - [2022-11-23T23:56:55.054+0000] {dag.py:2585} INFO - Sync 1 DAGs
[2022-11-23T23:56:55.084+0000] {logging_mixin.py:137} INFO - [2022-11-23T23:56:55.084+0000] {dag.py:3340} INFO - Setting next_dagrun for example_dag_decorator to None, run_after=None
[2022-11-23T23:56:55.111+0000] {processor.py:176} INFO - Processing /home/airflow/.local/lib/python3.7/site-packages/airflow/example_dags/example_dag_decorator.py took 0.196 seconds
[2022-11-23T23:57:25.866+0000] {processor.py:154} INFO - Started process (PID=285) to work on /home/airflow/.local/lib/python3.7/site-packages/airflow/example_dags/example_dag_decorator.py
[2022-11-23T23:57:25.867+0000] {processor.py:756} INFO - Processing file /home/airflow/.local/lib/python3.7/site-packages/airflow/example_dags/example_dag_decorator.py for tasks to queue
[2022-11-23T23:57:25.868+0000] {logging_mixin.py:137} INFO - [2022-11-23T23:57:25.868+0000] {dagbag.py:537} INFO - Filling up the DagBag from /home/airflow/.local/lib/python3.7/site-packages/airflow/example_dags/example_dag_decorator.py
[2022-11-23T23:57:25.886+0000] {logging_mixin.py:137} INFO - [2022-11-23T23:57:25.886+0000] {taskmixin.py:205} WARNING - Dependency <Task(_PythonDecoratedOperator): prepare_email>, send_email already registered for DAG: example_dag_decorator
[2022-11-23T23:57:25.886+0000] {logging_mixin.py:137} INFO - [2022-11-23T23:57:25.886+0000] {taskmixin.py:205} WARNING - Dependency <Task(EmailOperator): send_email>, prepare_email already registered for DAG: example_dag_decorator
[2022-11-23T23:57:25.899+0000] {processor.py:766} INFO - DAG(s) dict_keys(['example_dag_decorator']) retrieved from /home/airflow/.local/lib/python3.7/site-packages/airflow/example_dags/example_dag_decorator.py
[2022-11-23T23:57:25.977+0000] {logging_mixin.py:137} INFO - [2022-11-23T23:57:25.977+0000] {dag.py:2585} INFO - Sync 1 DAGs
[2022-11-23T23:57:26.000+0000] {logging_mixin.py:137} INFO - [2022-11-23T23:57:26.000+0000] {dag.py:3340} INFO - Setting next_dagrun for example_dag_decorator to None, run_after=None
[2022-11-23T23:57:26.022+0000] {processor.py:176} INFO - Processing /home/airflow/.local/lib/python3.7/site-packages/airflow/example_dags/example_dag_decorator.py took 0.159 seconds
[2022-11-23T23:57:56.881+0000] {processor.py:154} INFO - Started process (PID=348) to work on /home/airflow/.local/lib/python3.7/site-packages/airflow/example_dags/example_dag_decorator.py
[2022-11-23T23:57:56.882+0000] {processor.py:756} INFO - Processing file /home/airflow/.local/lib/python3.7/site-packages/airflow/example_dags/example_dag_decorator.py for tasks to queue
[2022-11-23T23:57:56.883+0000] {logging_mixin.py:137} INFO - [2022-11-23T23:57:56.883+0000] {dagbag.py:537} INFO - Filling up the DagBag from /home/airflow/.local/lib/python3.7/site-packages/airflow/example_dags/example_dag_decorator.py
[2022-11-23T23:57:56.899+0000] {logging_mixin.py:137} INFO - [2022-11-23T23:57:56.899+0000] {taskmixin.py:205} WARNING - Dependency <Task(_PythonDecoratedOperator): prepare_email>, send_email already registered for DAG: example_dag_decorator
[2022-11-23T23:57:56.899+0000] {logging_mixin.py:137} INFO - [2022-11-23T23:57:56.899+0000] {taskmixin.py:205} WARNING - Dependency <Task(EmailOperator): send_email>, prepare_email already registered for DAG: example_dag_decorator
[2022-11-23T23:57:56.911+0000] {processor.py:766} INFO - DAG(s) dict_keys(['example_dag_decorator']) retrieved from /home/airflow/.local/lib/python3.7/site-packages/airflow/example_dags/example_dag_decorator.py
[2022-11-23T23:57:56.989+0000] {logging_mixin.py:137} INFO - [2022-11-23T23:57:56.989+0000] {dag.py:2585} INFO - Sync 1 DAGs
[2022-11-23T23:57:57.012+0000] {logging_mixin.py:137} INFO - [2022-11-23T23:57:57.012+0000] {dag.py:3340} INFO - Setting next_dagrun for example_dag_decorator to None, run_after=None
[2022-11-23T23:57:57.034+0000] {processor.py:176} INFO - Processing /home/airflow/.local/lib/python3.7/site-packages/airflow/example_dags/example_dag_decorator.py took 0.156 seconds
