[2022-11-23T23:55:24.688+0000] {processor.py:154} INFO - Started process (PID=73) to work on /home/airflow/.local/lib/python3.7/site-packages/airflow/example_dags/example_branch_operator.py
[2022-11-23T23:55:24.689+0000] {processor.py:756} INFO - Processing file /home/airflow/.local/lib/python3.7/site-packages/airflow/example_dags/example_branch_operator.py for tasks to queue
[2022-11-23T23:55:24.690+0000] {logging_mixin.py:137} INFO - [2022-11-23T23:55:24.689+0000] {dagbag.py:537} INFO - Filling up the DagBag from /home/airflow/.local/lib/python3.7/site-packages/airflow/example_dags/example_branch_operator.py
[2022-11-23T23:55:24.720+0000] {processor.py:766} INFO - DAG(s) dict_keys(['example_branch_operator']) retrieved from /home/airflow/.local/lib/python3.7/site-packages/airflow/example_dags/example_branch_operator.py
[2022-11-23T23:55:24.763+0000] {logging_mixin.py:137} INFO - [2022-11-23T23:55:24.763+0000] {dag.py:2585} INFO - Sync 1 DAGs
[2022-11-23T23:55:24.808+0000] {logging_mixin.py:137} INFO - [2022-11-23T23:55:24.807+0000] {dag.py:3340} INFO - Setting next_dagrun for example_branch_operator to 2022-11-22T00:00:00+00:00, run_after=2022-11-23T00:00:00+00:00
[2022-11-23T23:55:24.831+0000] {processor.py:176} INFO - Processing /home/airflow/.local/lib/python3.7/site-packages/airflow/example_dags/example_branch_operator.py took 0.147 seconds
[2022-11-23T23:55:54.931+0000] {processor.py:154} INFO - Started process (PID=127) to work on /home/airflow/.local/lib/python3.7/site-packages/airflow/example_dags/example_branch_operator.py
[2022-11-23T23:55:54.932+0000] {processor.py:756} INFO - Processing file /home/airflow/.local/lib/python3.7/site-packages/airflow/example_dags/example_branch_operator.py for tasks to queue
[2022-11-23T23:55:54.933+0000] {logging_mixin.py:137} INFO - [2022-11-23T23:55:54.933+0000] {dagbag.py:537} INFO - Filling up the DagBag from /home/airflow/.local/lib/python3.7/site-packages/airflow/example_dags/example_branch_operator.py
[2022-11-23T23:55:54.953+0000] {processor.py:766} INFO - DAG(s) dict_keys(['example_branch_operator']) retrieved from /home/airflow/.local/lib/python3.7/site-packages/airflow/example_dags/example_branch_operator.py
[2022-11-23T23:55:54.997+0000] {logging_mixin.py:137} INFO - [2022-11-23T23:55:54.997+0000] {dag.py:2585} INFO - Sync 1 DAGs
[2022-11-23T23:55:55.025+0000] {logging_mixin.py:137} INFO - [2022-11-23T23:55:55.025+0000] {dag.py:3340} INFO - Setting next_dagrun for example_branch_operator to 2022-11-22T00:00:00+00:00, run_after=2022-11-23T00:00:00+00:00
[2022-11-23T23:55:55.046+0000] {processor.py:176} INFO - Processing /home/airflow/.local/lib/python3.7/site-packages/airflow/example_dags/example_branch_operator.py took 0.118 seconds
[2022-11-23T23:56:26.851+0000] {processor.py:154} INFO - Started process (PID=192) to work on /home/airflow/.local/lib/python3.7/site-packages/airflow/example_dags/example_branch_operator.py
[2022-11-23T23:56:26.852+0000] {processor.py:756} INFO - Processing file /home/airflow/.local/lib/python3.7/site-packages/airflow/example_dags/example_branch_operator.py for tasks to queue
[2022-11-23T23:56:26.852+0000] {logging_mixin.py:137} INFO - [2022-11-23T23:56:26.852+0000] {dagbag.py:537} INFO - Filling up the DagBag from /home/airflow/.local/lib/python3.7/site-packages/airflow/example_dags/example_branch_operator.py
[2022-11-23T23:56:26.873+0000] {processor.py:766} INFO - DAG(s) dict_keys(['example_branch_operator']) retrieved from /home/airflow/.local/lib/python3.7/site-packages/airflow/example_dags/example_branch_operator.py
[2022-11-23T23:56:26.914+0000] {logging_mixin.py:137} INFO - [2022-11-23T23:56:26.913+0000] {dag.py:2585} INFO - Sync 1 DAGs
[2022-11-23T23:56:26.941+0000] {logging_mixin.py:137} INFO - [2022-11-23T23:56:26.941+0000] {dag.py:3340} INFO - Setting next_dagrun for example_branch_operator to 2022-11-22T00:00:00+00:00, run_after=2022-11-23T00:00:00+00:00
[2022-11-23T23:56:26.963+0000] {processor.py:176} INFO - Processing /home/airflow/.local/lib/python3.7/site-packages/airflow/example_dags/example_branch_operator.py took 0.115 seconds
[2022-11-23T23:56:57.963+0000] {processor.py:154} INFO - Started process (PID=256) to work on /home/airflow/.local/lib/python3.7/site-packages/airflow/example_dags/example_branch_operator.py
[2022-11-23T23:56:57.964+0000] {processor.py:756} INFO - Processing file /home/airflow/.local/lib/python3.7/site-packages/airflow/example_dags/example_branch_operator.py for tasks to queue
[2022-11-23T23:56:57.965+0000] {logging_mixin.py:137} INFO - [2022-11-23T23:56:57.965+0000] {dagbag.py:537} INFO - Filling up the DagBag from /home/airflow/.local/lib/python3.7/site-packages/airflow/example_dags/example_branch_operator.py
[2022-11-23T23:56:57.982+0000] {processor.py:766} INFO - DAG(s) dict_keys(['example_branch_operator']) retrieved from /home/airflow/.local/lib/python3.7/site-packages/airflow/example_dags/example_branch_operator.py
[2022-11-23T23:56:58.024+0000] {logging_mixin.py:137} INFO - [2022-11-23T23:56:58.024+0000] {dag.py:2585} INFO - Sync 1 DAGs
[2022-11-23T23:56:58.050+0000] {logging_mixin.py:137} INFO - [2022-11-23T23:56:58.050+0000] {dag.py:3340} INFO - Setting next_dagrun for example_branch_operator to 2022-11-22T00:00:00+00:00, run_after=2022-11-23T00:00:00+00:00
[2022-11-23T23:56:58.071+0000] {processor.py:176} INFO - Processing /home/airflow/.local/lib/python3.7/site-packages/airflow/example_dags/example_branch_operator.py took 0.112 seconds
[2022-11-23T23:57:28.920+0000] {processor.py:154} INFO - Started process (PID=319) to work on /home/airflow/.local/lib/python3.7/site-packages/airflow/example_dags/example_branch_operator.py
[2022-11-23T23:57:28.921+0000] {processor.py:756} INFO - Processing file /home/airflow/.local/lib/python3.7/site-packages/airflow/example_dags/example_branch_operator.py for tasks to queue
[2022-11-23T23:57:28.922+0000] {logging_mixin.py:137} INFO - [2022-11-23T23:57:28.922+0000] {dagbag.py:537} INFO - Filling up the DagBag from /home/airflow/.local/lib/python3.7/site-packages/airflow/example_dags/example_branch_operator.py
[2022-11-23T23:57:28.940+0000] {processor.py:766} INFO - DAG(s) dict_keys(['example_branch_operator']) retrieved from /home/airflow/.local/lib/python3.7/site-packages/airflow/example_dags/example_branch_operator.py
[2022-11-23T23:57:28.986+0000] {logging_mixin.py:137} INFO - [2022-11-23T23:57:28.986+0000] {dag.py:2585} INFO - Sync 1 DAGs
[2022-11-23T23:57:29.015+0000] {logging_mixin.py:137} INFO - [2022-11-23T23:57:29.015+0000] {dag.py:3340} INFO - Setting next_dagrun for example_branch_operator to 2022-11-22T00:00:00+00:00, run_after=2022-11-23T00:00:00+00:00
[2022-11-23T23:57:29.037+0000] {processor.py:176} INFO - Processing /home/airflow/.local/lib/python3.7/site-packages/airflow/example_dags/example_branch_operator.py took 0.120 seconds
[2022-11-23T23:57:59.823+0000] {processor.py:154} INFO - Started process (PID=373) to work on /home/airflow/.local/lib/python3.7/site-packages/airflow/example_dags/example_branch_operator.py
[2022-11-23T23:57:59.823+0000] {processor.py:756} INFO - Processing file /home/airflow/.local/lib/python3.7/site-packages/airflow/example_dags/example_branch_operator.py for tasks to queue
[2022-11-23T23:57:59.824+0000] {logging_mixin.py:137} INFO - [2022-11-23T23:57:59.824+0000] {dagbag.py:537} INFO - Filling up the DagBag from /home/airflow/.local/lib/python3.7/site-packages/airflow/example_dags/example_branch_operator.py
[2022-11-23T23:57:59.841+0000] {processor.py:766} INFO - DAG(s) dict_keys(['example_branch_operator']) retrieved from /home/airflow/.local/lib/python3.7/site-packages/airflow/example_dags/example_branch_operator.py
[2022-11-23T23:57:59.878+0000] {logging_mixin.py:137} INFO - [2022-11-23T23:57:59.878+0000] {dag.py:2585} INFO - Sync 1 DAGs
[2022-11-23T23:57:59.905+0000] {logging_mixin.py:137} INFO - [2022-11-23T23:57:59.905+0000] {dag.py:3340} INFO - Setting next_dagrun for example_branch_operator to 2022-11-22T00:00:00+00:00, run_after=2022-11-23T00:00:00+00:00
[2022-11-23T23:57:59.927+0000] {processor.py:176} INFO - Processing /home/airflow/.local/lib/python3.7/site-packages/airflow/example_dags/example_branch_operator.py took 0.107 seconds
