[2022-11-23T23:55:23.419+0000] {processor.py:154} INFO - Started process (PID=60) to work on /home/airflow/.local/lib/python3.7/site-packages/airflow/example_dags/example_latest_only_with_trigger.py
[2022-11-23T23:55:23.420+0000] {processor.py:756} INFO - Processing file /home/airflow/.local/lib/python3.7/site-packages/airflow/example_dags/example_latest_only_with_trigger.py for tasks to queue
[2022-11-23T23:55:23.421+0000] {logging_mixin.py:137} INFO - [2022-11-23T23:55:23.421+0000] {dagbag.py:537} INFO - Filling up the DagBag from /home/airflow/.local/lib/python3.7/site-packages/airflow/example_dags/example_latest_only_with_trigger.py
[2022-11-23T23:55:23.443+0000] {processor.py:766} INFO - DAG(s) dict_keys(['latest_only_with_trigger']) retrieved from /home/airflow/.local/lib/python3.7/site-packages/airflow/example_dags/example_latest_only_with_trigger.py
[2022-11-23T23:55:23.477+0000] {logging_mixin.py:137} INFO - [2022-11-23T23:55:23.477+0000] {dag.py:2585} INFO - Sync 1 DAGs
[2022-11-23T23:55:23.508+0000] {logging_mixin.py:137} INFO - [2022-11-23T23:55:23.508+0000] {dag.py:3340} INFO - Setting next_dagrun for latest_only_with_trigger to 2022-11-23T19:55:23.508332+00:00, run_after=2022-11-23T23:55:23.508332+00:00
[2022-11-23T23:55:23.535+0000] {processor.py:176} INFO - Processing /home/airflow/.local/lib/python3.7/site-packages/airflow/example_dags/example_latest_only_with_trigger.py took 0.121 seconds
[2022-11-23T23:55:53.693+0000] {processor.py:154} INFO - Started process (PID=114) to work on /home/airflow/.local/lib/python3.7/site-packages/airflow/example_dags/example_latest_only_with_trigger.py
[2022-11-23T23:55:53.694+0000] {processor.py:756} INFO - Processing file /home/airflow/.local/lib/python3.7/site-packages/airflow/example_dags/example_latest_only_with_trigger.py for tasks to queue
[2022-11-23T23:55:53.695+0000] {logging_mixin.py:137} INFO - [2022-11-23T23:55:53.695+0000] {dagbag.py:537} INFO - Filling up the DagBag from /home/airflow/.local/lib/python3.7/site-packages/airflow/example_dags/example_latest_only_with_trigger.py
[2022-11-23T23:55:53.708+0000] {processor.py:766} INFO - DAG(s) dict_keys(['latest_only_with_trigger']) retrieved from /home/airflow/.local/lib/python3.7/site-packages/airflow/example_dags/example_latest_only_with_trigger.py
[2022-11-23T23:55:53.748+0000] {logging_mixin.py:137} INFO - [2022-11-23T23:55:53.748+0000] {dag.py:2585} INFO - Sync 1 DAGs
[2022-11-23T23:55:53.777+0000] {logging_mixin.py:137} INFO - [2022-11-23T23:55:53.777+0000] {dag.py:3340} INFO - Setting next_dagrun for latest_only_with_trigger to 2022-11-23T19:55:53.776740+00:00, run_after=2022-11-23T23:55:53.776740+00:00
[2022-11-23T23:55:53.813+0000] {processor.py:176} INFO - Processing /home/airflow/.local/lib/python3.7/site-packages/airflow/example_dags/example_latest_only_with_trigger.py took 0.123 seconds
[2022-11-23T23:56:25.496+0000] {processor.py:154} INFO - Started process (PID=178) to work on /home/airflow/.local/lib/python3.7/site-packages/airflow/example_dags/example_latest_only_with_trigger.py
[2022-11-23T23:56:25.497+0000] {processor.py:756} INFO - Processing file /home/airflow/.local/lib/python3.7/site-packages/airflow/example_dags/example_latest_only_with_trigger.py for tasks to queue
[2022-11-23T23:56:25.498+0000] {logging_mixin.py:137} INFO - [2022-11-23T23:56:25.498+0000] {dagbag.py:537} INFO - Filling up the DagBag from /home/airflow/.local/lib/python3.7/site-packages/airflow/example_dags/example_latest_only_with_trigger.py
[2022-11-23T23:56:25.513+0000] {processor.py:766} INFO - DAG(s) dict_keys(['latest_only_with_trigger']) retrieved from /home/airflow/.local/lib/python3.7/site-packages/airflow/example_dags/example_latest_only_with_trigger.py
[2022-11-23T23:56:25.553+0000] {logging_mixin.py:137} INFO - [2022-11-23T23:56:25.553+0000] {dag.py:2585} INFO - Sync 1 DAGs
[2022-11-23T23:56:25.587+0000] {logging_mixin.py:137} INFO - [2022-11-23T23:56:25.586+0000] {dag.py:3340} INFO - Setting next_dagrun for latest_only_with_trigger to 2022-11-23T19:56:25.586511+00:00, run_after=2022-11-23T23:56:25.586511+00:00
[2022-11-23T23:56:25.610+0000] {processor.py:176} INFO - Processing /home/airflow/.local/lib/python3.7/site-packages/airflow/example_dags/example_latest_only_with_trigger.py took 0.117 seconds
[2022-11-23T23:56:55.809+0000] {processor.py:154} INFO - Started process (PID=242) to work on /home/airflow/.local/lib/python3.7/site-packages/airflow/example_dags/example_latest_only_with_trigger.py
[2022-11-23T23:56:55.810+0000] {processor.py:756} INFO - Processing file /home/airflow/.local/lib/python3.7/site-packages/airflow/example_dags/example_latest_only_with_trigger.py for tasks to queue
[2022-11-23T23:56:55.810+0000] {logging_mixin.py:137} INFO - [2022-11-23T23:56:55.810+0000] {dagbag.py:537} INFO - Filling up the DagBag from /home/airflow/.local/lib/python3.7/site-packages/airflow/example_dags/example_latest_only_with_trigger.py
[2022-11-23T23:56:55.826+0000] {processor.py:766} INFO - DAG(s) dict_keys(['latest_only_with_trigger']) retrieved from /home/airflow/.local/lib/python3.7/site-packages/airflow/example_dags/example_latest_only_with_trigger.py
[2022-11-23T23:56:55.866+0000] {logging_mixin.py:137} INFO - [2022-11-23T23:56:55.866+0000] {dag.py:2585} INFO - Sync 1 DAGs
[2022-11-23T23:56:55.892+0000] {logging_mixin.py:137} INFO - [2022-11-23T23:56:55.892+0000] {dag.py:3340} INFO - Setting next_dagrun for latest_only_with_trigger to 2022-11-23T19:56:55.891976+00:00, run_after=2022-11-23T23:56:55.891976+00:00
[2022-11-23T23:56:55.914+0000] {processor.py:176} INFO - Processing /home/airflow/.local/lib/python3.7/site-packages/airflow/example_dags/example_latest_only_with_trigger.py took 0.108 seconds
[2022-11-23T23:57:26.760+0000] {processor.py:154} INFO - Started process (PID=305) to work on /home/airflow/.local/lib/python3.7/site-packages/airflow/example_dags/example_latest_only_with_trigger.py
[2022-11-23T23:57:26.762+0000] {processor.py:756} INFO - Processing file /home/airflow/.local/lib/python3.7/site-packages/airflow/example_dags/example_latest_only_with_trigger.py for tasks to queue
[2022-11-23T23:57:26.762+0000] {logging_mixin.py:137} INFO - [2022-11-23T23:57:26.762+0000] {dagbag.py:537} INFO - Filling up the DagBag from /home/airflow/.local/lib/python3.7/site-packages/airflow/example_dags/example_latest_only_with_trigger.py
[2022-11-23T23:57:26.782+0000] {processor.py:766} INFO - DAG(s) dict_keys(['latest_only_with_trigger']) retrieved from /home/airflow/.local/lib/python3.7/site-packages/airflow/example_dags/example_latest_only_with_trigger.py
[2022-11-23T23:57:26.829+0000] {logging_mixin.py:137} INFO - [2022-11-23T23:57:26.829+0000] {dag.py:2585} INFO - Sync 1 DAGs
[2022-11-23T23:57:26.855+0000] {logging_mixin.py:137} INFO - [2022-11-23T23:57:26.854+0000] {dag.py:3340} INFO - Setting next_dagrun for latest_only_with_trigger to 2022-11-23T19:57:26.854593+00:00, run_after=2022-11-23T23:57:26.854593+00:00
[2022-11-23T23:57:26.874+0000] {processor.py:176} INFO - Processing /home/airflow/.local/lib/python3.7/site-packages/airflow/example_dags/example_latest_only_with_trigger.py took 0.119 seconds
[2022-11-23T23:57:57.785+0000] {processor.py:154} INFO - Started process (PID=359) to work on /home/airflow/.local/lib/python3.7/site-packages/airflow/example_dags/example_latest_only_with_trigger.py
[2022-11-23T23:57:57.786+0000] {processor.py:756} INFO - Processing file /home/airflow/.local/lib/python3.7/site-packages/airflow/example_dags/example_latest_only_with_trigger.py for tasks to queue
[2022-11-23T23:57:57.787+0000] {logging_mixin.py:137} INFO - [2022-11-23T23:57:57.787+0000] {dagbag.py:537} INFO - Filling up the DagBag from /home/airflow/.local/lib/python3.7/site-packages/airflow/example_dags/example_latest_only_with_trigger.py
[2022-11-23T23:57:57.803+0000] {processor.py:766} INFO - DAG(s) dict_keys(['latest_only_with_trigger']) retrieved from /home/airflow/.local/lib/python3.7/site-packages/airflow/example_dags/example_latest_only_with_trigger.py
[2022-11-23T23:57:57.843+0000] {logging_mixin.py:137} INFO - [2022-11-23T23:57:57.842+0000] {dag.py:2585} INFO - Sync 1 DAGs
[2022-11-23T23:57:57.866+0000] {logging_mixin.py:137} INFO - [2022-11-23T23:57:57.866+0000] {dag.py:3340} INFO - Setting next_dagrun for latest_only_with_trigger to 2022-11-23T19:57:57.865988+00:00, run_after=2022-11-23T23:57:57.865988+00:00
[2022-11-23T23:57:57.885+0000] {processor.py:176} INFO - Processing /home/airflow/.local/lib/python3.7/site-packages/airflow/example_dags/example_latest_only_with_trigger.py took 0.103 seconds
