[2022-11-23T23:55:22.797+0000] {processor.py:154} INFO - Started process (PID=55) to work on /home/airflow/.local/lib/python3.7/site-packages/airflow/example_dags/example_short_circuit_operator.py
[2022-11-23T23:55:22.798+0000] {processor.py:756} INFO - Processing file /home/airflow/.local/lib/python3.7/site-packages/airflow/example_dags/example_short_circuit_operator.py for tasks to queue
[2022-11-23T23:55:22.799+0000] {logging_mixin.py:137} INFO - [2022-11-23T23:55:22.799+0000] {dagbag.py:537} INFO - Filling up the DagBag from /home/airflow/.local/lib/python3.7/site-packages/airflow/example_dags/example_short_circuit_operator.py
[2022-11-23T23:55:22.854+0000] {processor.py:766} INFO - DAG(s) dict_keys(['example_short_circuit_operator']) retrieved from /home/airflow/.local/lib/python3.7/site-packages/airflow/example_dags/example_short_circuit_operator.py
[2022-11-23T23:55:22.928+0000] {logging_mixin.py:137} INFO - [2022-11-23T23:55:22.928+0000] {dag.py:2585} INFO - Sync 1 DAGs
[2022-11-23T23:55:22.984+0000] {logging_mixin.py:137} INFO - [2022-11-23T23:55:22.983+0000] {dag.py:3340} INFO - Setting next_dagrun for example_short_circuit_operator to 2022-11-22T23:55:22.983511+00:00, run_after=2022-11-23T23:55:22.983511+00:00
[2022-11-23T23:55:23.020+0000] {processor.py:176} INFO - Processing /home/airflow/.local/lib/python3.7/site-packages/airflow/example_dags/example_short_circuit_operator.py took 0.228 seconds
[2022-11-23T23:55:53.363+0000] {processor.py:154} INFO - Started process (PID=109) to work on /home/airflow/.local/lib/python3.7/site-packages/airflow/example_dags/example_short_circuit_operator.py
[2022-11-23T23:55:53.364+0000] {processor.py:756} INFO - Processing file /home/airflow/.local/lib/python3.7/site-packages/airflow/example_dags/example_short_circuit_operator.py for tasks to queue
[2022-11-23T23:55:53.364+0000] {logging_mixin.py:137} INFO - [2022-11-23T23:55:53.364+0000] {dagbag.py:537} INFO - Filling up the DagBag from /home/airflow/.local/lib/python3.7/site-packages/airflow/example_dags/example_short_circuit_operator.py
[2022-11-23T23:55:53.382+0000] {processor.py:766} INFO - DAG(s) dict_keys(['example_short_circuit_operator']) retrieved from /home/airflow/.local/lib/python3.7/site-packages/airflow/example_dags/example_short_circuit_operator.py
[2022-11-23T23:55:53.424+0000] {logging_mixin.py:137} INFO - [2022-11-23T23:55:53.424+0000] {dag.py:2585} INFO - Sync 1 DAGs
[2022-11-23T23:55:53.451+0000] {logging_mixin.py:137} INFO - [2022-11-23T23:55:53.451+0000] {dag.py:3340} INFO - Setting next_dagrun for example_short_circuit_operator to 2022-11-22T23:55:53.451327+00:00, run_after=2022-11-23T23:55:53.451327+00:00
[2022-11-23T23:55:53.473+0000] {processor.py:176} INFO - Processing /home/airflow/.local/lib/python3.7/site-packages/airflow/example_dags/example_short_circuit_operator.py took 0.113 seconds
[2022-11-23T23:56:25.010+0000] {processor.py:154} INFO - Started process (PID=174) to work on /home/airflow/.local/lib/python3.7/site-packages/airflow/example_dags/example_short_circuit_operator.py
[2022-11-23T23:56:25.080+0000] {processor.py:756} INFO - Processing file /home/airflow/.local/lib/python3.7/site-packages/airflow/example_dags/example_short_circuit_operator.py for tasks to queue
[2022-11-23T23:56:25.083+0000] {logging_mixin.py:137} INFO - [2022-11-23T23:56:25.082+0000] {dagbag.py:537} INFO - Filling up the DagBag from /home/airflow/.local/lib/python3.7/site-packages/airflow/example_dags/example_short_circuit_operator.py
[2022-11-23T23:56:25.148+0000] {processor.py:766} INFO - DAG(s) dict_keys(['example_short_circuit_operator']) retrieved from /home/airflow/.local/lib/python3.7/site-packages/airflow/example_dags/example_short_circuit_operator.py
[2022-11-23T23:56:25.203+0000] {logging_mixin.py:137} INFO - [2022-11-23T23:56:25.203+0000] {dag.py:2585} INFO - Sync 1 DAGs
[2022-11-23T23:56:25.229+0000] {logging_mixin.py:137} INFO - [2022-11-23T23:56:25.229+0000] {dag.py:3340} INFO - Setting next_dagrun for example_short_circuit_operator to 2022-11-22T23:56:25.229391+00:00, run_after=2022-11-23T23:56:25.229391+00:00
[2022-11-23T23:56:25.270+0000] {processor.py:176} INFO - Processing /home/airflow/.local/lib/python3.7/site-packages/airflow/example_dags/example_short_circuit_operator.py took 0.263 seconds
[2022-11-23T23:56:55.486+0000] {processor.py:154} INFO - Started process (PID=238) to work on /home/airflow/.local/lib/python3.7/site-packages/airflow/example_dags/example_short_circuit_operator.py
[2022-11-23T23:56:55.487+0000] {processor.py:756} INFO - Processing file /home/airflow/.local/lib/python3.7/site-packages/airflow/example_dags/example_short_circuit_operator.py for tasks to queue
[2022-11-23T23:56:55.489+0000] {logging_mixin.py:137} INFO - [2022-11-23T23:56:55.489+0000] {dagbag.py:537} INFO - Filling up the DagBag from /home/airflow/.local/lib/python3.7/site-packages/airflow/example_dags/example_short_circuit_operator.py
[2022-11-23T23:56:55.506+0000] {processor.py:766} INFO - DAG(s) dict_keys(['example_short_circuit_operator']) retrieved from /home/airflow/.local/lib/python3.7/site-packages/airflow/example_dags/example_short_circuit_operator.py
[2022-11-23T23:56:55.565+0000] {logging_mixin.py:137} INFO - [2022-11-23T23:56:55.565+0000] {dag.py:2585} INFO - Sync 1 DAGs
[2022-11-23T23:56:55.605+0000] {logging_mixin.py:137} INFO - [2022-11-23T23:56:55.604+0000] {dag.py:3340} INFO - Setting next_dagrun for example_short_circuit_operator to 2022-11-22T23:56:55.604258+00:00, run_after=2022-11-23T23:56:55.604258+00:00
[2022-11-23T23:56:55.632+0000] {processor.py:176} INFO - Processing /home/airflow/.local/lib/python3.7/site-packages/airflow/example_dags/example_short_circuit_operator.py took 0.148 seconds
[2022-11-23T23:57:26.471+0000] {processor.py:154} INFO - Started process (PID=301) to work on /home/airflow/.local/lib/python3.7/site-packages/airflow/example_dags/example_short_circuit_operator.py
[2022-11-23T23:57:26.472+0000] {processor.py:756} INFO - Processing file /home/airflow/.local/lib/python3.7/site-packages/airflow/example_dags/example_short_circuit_operator.py for tasks to queue
[2022-11-23T23:57:26.473+0000] {logging_mixin.py:137} INFO - [2022-11-23T23:57:26.473+0000] {dagbag.py:537} INFO - Filling up the DagBag from /home/airflow/.local/lib/python3.7/site-packages/airflow/example_dags/example_short_circuit_operator.py
[2022-11-23T23:57:26.490+0000] {processor.py:766} INFO - DAG(s) dict_keys(['example_short_circuit_operator']) retrieved from /home/airflow/.local/lib/python3.7/site-packages/airflow/example_dags/example_short_circuit_operator.py
[2022-11-23T23:57:26.536+0000] {logging_mixin.py:137} INFO - [2022-11-23T23:57:26.536+0000] {dag.py:2585} INFO - Sync 1 DAGs
[2022-11-23T23:57:26.563+0000] {logging_mixin.py:137} INFO - [2022-11-23T23:57:26.562+0000] {dag.py:3340} INFO - Setting next_dagrun for example_short_circuit_operator to 2022-11-22T23:57:26.562626+00:00, run_after=2022-11-23T23:57:26.562626+00:00
[2022-11-23T23:57:26.583+0000] {processor.py:176} INFO - Processing /home/airflow/.local/lib/python3.7/site-packages/airflow/example_dags/example_short_circuit_operator.py took 0.116 seconds
[2022-11-23T23:57:57.465+0000] {processor.py:154} INFO - Started process (PID=355) to work on /home/airflow/.local/lib/python3.7/site-packages/airflow/example_dags/example_short_circuit_operator.py
[2022-11-23T23:57:57.466+0000] {processor.py:756} INFO - Processing file /home/airflow/.local/lib/python3.7/site-packages/airflow/example_dags/example_short_circuit_operator.py for tasks to queue
[2022-11-23T23:57:57.467+0000] {logging_mixin.py:137} INFO - [2022-11-23T23:57:57.467+0000] {dagbag.py:537} INFO - Filling up the DagBag from /home/airflow/.local/lib/python3.7/site-packages/airflow/example_dags/example_short_circuit_operator.py
[2022-11-23T23:57:57.491+0000] {processor.py:766} INFO - DAG(s) dict_keys(['example_short_circuit_operator']) retrieved from /home/airflow/.local/lib/python3.7/site-packages/airflow/example_dags/example_short_circuit_operator.py
[2022-11-23T23:57:57.545+0000] {logging_mixin.py:137} INFO - [2022-11-23T23:57:57.544+0000] {dag.py:2585} INFO - Sync 1 DAGs
[2022-11-23T23:57:57.572+0000] {logging_mixin.py:137} INFO - [2022-11-23T23:57:57.572+0000] {dag.py:3340} INFO - Setting next_dagrun for example_short_circuit_operator to 2022-11-22T23:57:57.572175+00:00, run_after=2022-11-23T23:57:57.572175+00:00
[2022-11-23T23:57:57.596+0000] {processor.py:176} INFO - Processing /home/airflow/.local/lib/python3.7/site-packages/airflow/example_dags/example_short_circuit_operator.py took 0.136 seconds
