[2022-11-23T23:55:25.197+0000] {processor.py:154} INFO - Started process (PID=79) to work on /home/airflow/.local/lib/python3.7/site-packages/airflow/example_dags/example_datasets.py
[2022-11-23T23:55:25.198+0000] {processor.py:756} INFO - Processing file /home/airflow/.local/lib/python3.7/site-packages/airflow/example_dags/example_datasets.py for tasks to queue
[2022-11-23T23:55:25.200+0000] {logging_mixin.py:137} INFO - [2022-11-23T23:55:25.200+0000] {dagbag.py:537} INFO - Filling up the DagBag from /home/airflow/.local/lib/python3.7/site-packages/airflow/example_dags/example_datasets.py
[2022-11-23T23:55:25.233+0000] {processor.py:766} INFO - DAG(s) dict_keys(['dataset_produces_2', 'dataset_consumes_1_never_scheduled', 'dataset_consumes_1_and_2', 'dataset_produces_1', 'dataset_consumes_unknown_never_scheduled', 'dataset_consumes_1']) retrieved from /home/airflow/.local/lib/python3.7/site-packages/airflow/example_dags/example_datasets.py
[2022-11-23T23:55:25.279+0000] {logging_mixin.py:137} INFO - [2022-11-23T23:55:25.279+0000] {dag.py:2585} INFO - Sync 6 DAGs
[2022-11-23T23:55:25.326+0000] {logging_mixin.py:137} INFO - [2022-11-23T23:55:25.325+0000] {dag.py:3340} INFO - Setting next_dagrun for dataset_consumes_1 to None, run_after=None
[2022-11-23T23:55:25.332+0000] {logging_mixin.py:137} INFO - [2022-11-23T23:55:25.332+0000] {dag.py:3340} INFO - Setting next_dagrun for dataset_consumes_1_and_2 to None, run_after=None
[2022-11-23T23:55:25.335+0000] {logging_mixin.py:137} INFO - [2022-11-23T23:55:25.334+0000] {dag.py:3340} INFO - Setting next_dagrun for dataset_consumes_1_never_scheduled to None, run_after=None
[2022-11-23T23:55:25.337+0000] {logging_mixin.py:137} INFO - [2022-11-23T23:55:25.337+0000] {dag.py:3340} INFO - Setting next_dagrun for dataset_consumes_unknown_never_scheduled to None, run_after=None
[2022-11-23T23:55:25.342+0000] {logging_mixin.py:137} INFO - [2022-11-23T23:55:25.342+0000] {dag.py:3340} INFO - Setting next_dagrun for dataset_produces_1 to 2022-11-22T00:00:00+00:00, run_after=2022-11-23T00:00:00+00:00
[2022-11-23T23:55:25.345+0000] {logging_mixin.py:137} INFO - [2022-11-23T23:55:25.344+0000] {dag.py:3340} INFO - Setting next_dagrun for dataset_produces_2 to None, run_after=None
[2022-11-23T23:55:25.387+0000] {processor.py:176} INFO - Processing /home/airflow/.local/lib/python3.7/site-packages/airflow/example_dags/example_datasets.py took 0.194 seconds
[2022-11-23T23:55:55.466+0000] {processor.py:154} INFO - Started process (PID=133) to work on /home/airflow/.local/lib/python3.7/site-packages/airflow/example_dags/example_datasets.py
[2022-11-23T23:55:55.467+0000] {processor.py:756} INFO - Processing file /home/airflow/.local/lib/python3.7/site-packages/airflow/example_dags/example_datasets.py for tasks to queue
[2022-11-23T23:55:55.469+0000] {logging_mixin.py:137} INFO - [2022-11-23T23:55:55.469+0000] {dagbag.py:537} INFO - Filling up the DagBag from /home/airflow/.local/lib/python3.7/site-packages/airflow/example_dags/example_datasets.py
[2022-11-23T23:55:55.487+0000] {processor.py:766} INFO - DAG(s) dict_keys(['dataset_consumes_unknown_never_scheduled', 'dataset_consumes_1_and_2', 'dataset_consumes_1_never_scheduled', 'dataset_produces_1', 'dataset_consumes_1', 'dataset_produces_2']) retrieved from /home/airflow/.local/lib/python3.7/site-packages/airflow/example_dags/example_datasets.py
[2022-11-23T23:55:55.590+0000] {logging_mixin.py:137} INFO - [2022-11-23T23:55:55.590+0000] {dag.py:2585} INFO - Sync 6 DAGs
[2022-11-23T23:55:55.614+0000] {logging_mixin.py:137} INFO - [2022-11-23T23:55:55.614+0000] {dag.py:3340} INFO - Setting next_dagrun for dataset_consumes_1 to None, run_after=None
[2022-11-23T23:55:55.617+0000] {logging_mixin.py:137} INFO - [2022-11-23T23:55:55.617+0000] {dag.py:3340} INFO - Setting next_dagrun for dataset_consumes_1_and_2 to None, run_after=None
[2022-11-23T23:55:55.618+0000] {logging_mixin.py:137} INFO - [2022-11-23T23:55:55.618+0000] {dag.py:3340} INFO - Setting next_dagrun for dataset_consumes_1_never_scheduled to None, run_after=None
[2022-11-23T23:55:55.619+0000] {logging_mixin.py:137} INFO - [2022-11-23T23:55:55.619+0000] {dag.py:3340} INFO - Setting next_dagrun for dataset_consumes_unknown_never_scheduled to None, run_after=None
[2022-11-23T23:55:55.622+0000] {logging_mixin.py:137} INFO - [2022-11-23T23:55:55.621+0000] {dag.py:3340} INFO - Setting next_dagrun for dataset_produces_1 to 2022-11-22T00:00:00+00:00, run_after=2022-11-23T00:00:00+00:00
[2022-11-23T23:55:55.623+0000] {logging_mixin.py:137} INFO - [2022-11-23T23:55:55.623+0000] {dag.py:3340} INFO - Setting next_dagrun for dataset_produces_2 to None, run_after=None
[2022-11-23T23:55:55.652+0000] {processor.py:176} INFO - Processing /home/airflow/.local/lib/python3.7/site-packages/airflow/example_dags/example_datasets.py took 0.190 seconds
[2022-11-23T23:56:27.398+0000] {processor.py:154} INFO - Started process (PID=198) to work on /home/airflow/.local/lib/python3.7/site-packages/airflow/example_dags/example_datasets.py
[2022-11-23T23:56:27.399+0000] {processor.py:756} INFO - Processing file /home/airflow/.local/lib/python3.7/site-packages/airflow/example_dags/example_datasets.py for tasks to queue
[2022-11-23T23:56:27.400+0000] {logging_mixin.py:137} INFO - [2022-11-23T23:56:27.400+0000] {dagbag.py:537} INFO - Filling up the DagBag from /home/airflow/.local/lib/python3.7/site-packages/airflow/example_dags/example_datasets.py
[2022-11-23T23:56:27.418+0000] {processor.py:766} INFO - DAG(s) dict_keys(['dataset_consumes_1_never_scheduled', 'dataset_consumes_1_and_2', 'dataset_produces_2', 'dataset_consumes_1', 'dataset_consumes_unknown_never_scheduled', 'dataset_produces_1']) retrieved from /home/airflow/.local/lib/python3.7/site-packages/airflow/example_dags/example_datasets.py
[2022-11-23T23:56:27.479+0000] {logging_mixin.py:137} INFO - [2022-11-23T23:56:27.479+0000] {dag.py:2585} INFO - Sync 6 DAGs
[2022-11-23T23:56:27.511+0000] {logging_mixin.py:137} INFO - [2022-11-23T23:56:27.511+0000] {dag.py:3340} INFO - Setting next_dagrun for dataset_consumes_1 to None, run_after=None
[2022-11-23T23:56:27.515+0000] {logging_mixin.py:137} INFO - [2022-11-23T23:56:27.514+0000] {dag.py:3340} INFO - Setting next_dagrun for dataset_consumes_1_and_2 to None, run_after=None
[2022-11-23T23:56:27.517+0000] {logging_mixin.py:137} INFO - [2022-11-23T23:56:27.516+0000] {dag.py:3340} INFO - Setting next_dagrun for dataset_consumes_1_never_scheduled to None, run_after=None
[2022-11-23T23:56:27.519+0000] {logging_mixin.py:137} INFO - [2022-11-23T23:56:27.518+0000] {dag.py:3340} INFO - Setting next_dagrun for dataset_consumes_unknown_never_scheduled to None, run_after=None
[2022-11-23T23:56:27.523+0000] {logging_mixin.py:137} INFO - [2022-11-23T23:56:27.523+0000] {dag.py:3340} INFO - Setting next_dagrun for dataset_produces_1 to 2022-11-22T00:00:00+00:00, run_after=2022-11-23T00:00:00+00:00
[2022-11-23T23:56:27.525+0000] {logging_mixin.py:137} INFO - [2022-11-23T23:56:27.525+0000] {dag.py:3340} INFO - Setting next_dagrun for dataset_produces_2 to None, run_after=None
[2022-11-23T23:56:27.564+0000] {processor.py:176} INFO - Processing /home/airflow/.local/lib/python3.7/site-packages/airflow/example_dags/example_datasets.py took 0.169 seconds
[2022-11-23T23:56:58.466+0000] {processor.py:154} INFO - Started process (PID=262) to work on /home/airflow/.local/lib/python3.7/site-packages/airflow/example_dags/example_datasets.py
[2022-11-23T23:56:58.467+0000] {processor.py:756} INFO - Processing file /home/airflow/.local/lib/python3.7/site-packages/airflow/example_dags/example_datasets.py for tasks to queue
[2022-11-23T23:56:58.468+0000] {logging_mixin.py:137} INFO - [2022-11-23T23:56:58.468+0000] {dagbag.py:537} INFO - Filling up the DagBag from /home/airflow/.local/lib/python3.7/site-packages/airflow/example_dags/example_datasets.py
[2022-11-23T23:56:58.484+0000] {processor.py:766} INFO - DAG(s) dict_keys(['dataset_consumes_1_and_2', 'dataset_consumes_1_never_scheduled', 'dataset_consumes_1', 'dataset_produces_2', 'dataset_consumes_unknown_never_scheduled', 'dataset_produces_1']) retrieved from /home/airflow/.local/lib/python3.7/site-packages/airflow/example_dags/example_datasets.py
[2022-11-23T23:56:58.540+0000] {logging_mixin.py:137} INFO - [2022-11-23T23:56:58.540+0000] {dag.py:2585} INFO - Sync 6 DAGs
[2022-11-23T23:56:58.565+0000] {logging_mixin.py:137} INFO - [2022-11-23T23:56:58.565+0000] {dag.py:3340} INFO - Setting next_dagrun for dataset_consumes_1 to None, run_after=None
[2022-11-23T23:56:58.569+0000] {logging_mixin.py:137} INFO - [2022-11-23T23:56:58.568+0000] {dag.py:3340} INFO - Setting next_dagrun for dataset_consumes_1_and_2 to None, run_after=None
[2022-11-23T23:56:58.570+0000] {logging_mixin.py:137} INFO - [2022-11-23T23:56:58.570+0000] {dag.py:3340} INFO - Setting next_dagrun for dataset_consumes_1_never_scheduled to None, run_after=None
[2022-11-23T23:56:58.571+0000] {logging_mixin.py:137} INFO - [2022-11-23T23:56:58.571+0000] {dag.py:3340} INFO - Setting next_dagrun for dataset_consumes_unknown_never_scheduled to None, run_after=None
[2022-11-23T23:56:58.574+0000] {logging_mixin.py:137} INFO - [2022-11-23T23:56:58.574+0000] {dag.py:3340} INFO - Setting next_dagrun for dataset_produces_1 to 2022-11-22T00:00:00+00:00, run_after=2022-11-23T00:00:00+00:00
[2022-11-23T23:56:58.575+0000] {logging_mixin.py:137} INFO - [2022-11-23T23:56:58.575+0000] {dag.py:3340} INFO - Setting next_dagrun for dataset_produces_2 to None, run_after=None
[2022-11-23T23:56:58.604+0000] {processor.py:176} INFO - Processing /home/airflow/.local/lib/python3.7/site-packages/airflow/example_dags/example_datasets.py took 0.141 seconds
[2022-11-23T23:57:29.471+0000] {processor.py:154} INFO - Started process (PID=325) to work on /home/airflow/.local/lib/python3.7/site-packages/airflow/example_dags/example_datasets.py
[2022-11-23T23:57:29.472+0000] {processor.py:756} INFO - Processing file /home/airflow/.local/lib/python3.7/site-packages/airflow/example_dags/example_datasets.py for tasks to queue
[2022-11-23T23:57:29.473+0000] {logging_mixin.py:137} INFO - [2022-11-23T23:57:29.473+0000] {dagbag.py:537} INFO - Filling up the DagBag from /home/airflow/.local/lib/python3.7/site-packages/airflow/example_dags/example_datasets.py
[2022-11-23T23:57:29.490+0000] {processor.py:766} INFO - DAG(s) dict_keys(['dataset_consumes_1_and_2', 'dataset_produces_1', 'dataset_produces_2', 'dataset_consumes_unknown_never_scheduled', 'dataset_consumes_1_never_scheduled', 'dataset_consumes_1']) retrieved from /home/airflow/.local/lib/python3.7/site-packages/airflow/example_dags/example_datasets.py
[2022-11-23T23:57:29.551+0000] {logging_mixin.py:137} INFO - [2022-11-23T23:57:29.551+0000] {dag.py:2585} INFO - Sync 6 DAGs
[2022-11-23T23:57:29.582+0000] {logging_mixin.py:137} INFO - [2022-11-23T23:57:29.582+0000] {dag.py:3340} INFO - Setting next_dagrun for dataset_consumes_1 to None, run_after=None
[2022-11-23T23:57:29.585+0000] {logging_mixin.py:137} INFO - [2022-11-23T23:57:29.585+0000] {dag.py:3340} INFO - Setting next_dagrun for dataset_consumes_1_and_2 to None, run_after=None
[2022-11-23T23:57:29.587+0000] {logging_mixin.py:137} INFO - [2022-11-23T23:57:29.587+0000] {dag.py:3340} INFO - Setting next_dagrun for dataset_consumes_1_never_scheduled to None, run_after=None
[2022-11-23T23:57:29.588+0000] {logging_mixin.py:137} INFO - [2022-11-23T23:57:29.588+0000] {dag.py:3340} INFO - Setting next_dagrun for dataset_consumes_unknown_never_scheduled to None, run_after=None
[2022-11-23T23:57:29.591+0000] {logging_mixin.py:137} INFO - [2022-11-23T23:57:29.591+0000] {dag.py:3340} INFO - Setting next_dagrun for dataset_produces_1 to 2022-11-22T00:00:00+00:00, run_after=2022-11-23T00:00:00+00:00
[2022-11-23T23:57:29.592+0000] {logging_mixin.py:137} INFO - [2022-11-23T23:57:29.592+0000] {dag.py:3340} INFO - Setting next_dagrun for dataset_produces_2 to None, run_after=None
[2022-11-23T23:57:29.623+0000] {processor.py:176} INFO - Processing /home/airflow/.local/lib/python3.7/site-packages/airflow/example_dags/example_datasets.py took 0.155 seconds
[2022-11-23T23:58:00.386+0000] {processor.py:154} INFO - Started process (PID=388) to work on /home/airflow/.local/lib/python3.7/site-packages/airflow/example_dags/example_datasets.py
[2022-11-23T23:58:00.386+0000] {processor.py:756} INFO - Processing file /home/airflow/.local/lib/python3.7/site-packages/airflow/example_dags/example_datasets.py for tasks to queue
[2022-11-23T23:58:00.387+0000] {logging_mixin.py:137} INFO - [2022-11-23T23:58:00.387+0000] {dagbag.py:537} INFO - Filling up the DagBag from /home/airflow/.local/lib/python3.7/site-packages/airflow/example_dags/example_datasets.py
[2022-11-23T23:58:00.403+0000] {processor.py:766} INFO - DAG(s) dict_keys(['dataset_consumes_1_never_scheduled', 'dataset_consumes_unknown_never_scheduled', 'dataset_consumes_1', 'dataset_produces_2', 'dataset_produces_1', 'dataset_consumes_1_and_2']) retrieved from /home/airflow/.local/lib/python3.7/site-packages/airflow/example_dags/example_datasets.py
[2022-11-23T23:58:00.463+0000] {logging_mixin.py:137} INFO - [2022-11-23T23:58:00.463+0000] {dag.py:2585} INFO - Sync 6 DAGs
[2022-11-23T23:58:00.494+0000] {logging_mixin.py:137} INFO - [2022-11-23T23:58:00.493+0000] {dag.py:3340} INFO - Setting next_dagrun for dataset_consumes_1 to None, run_after=None
[2022-11-23T23:58:00.500+0000] {logging_mixin.py:137} INFO - [2022-11-23T23:58:00.500+0000] {dag.py:3340} INFO - Setting next_dagrun for dataset_consumes_1_and_2 to None, run_after=None
[2022-11-23T23:58:00.502+0000] {logging_mixin.py:137} INFO - [2022-11-23T23:58:00.502+0000] {dag.py:3340} INFO - Setting next_dagrun for dataset_consumes_1_never_scheduled to None, run_after=None
[2022-11-23T23:58:00.504+0000] {logging_mixin.py:137} INFO - [2022-11-23T23:58:00.503+0000] {dag.py:3340} INFO - Setting next_dagrun for dataset_consumes_unknown_never_scheduled to None, run_after=None
[2022-11-23T23:58:00.508+0000] {logging_mixin.py:137} INFO - [2022-11-23T23:58:00.508+0000] {dag.py:3340} INFO - Setting next_dagrun for dataset_produces_1 to 2022-11-22T00:00:00+00:00, run_after=2022-11-23T00:00:00+00:00
[2022-11-23T23:58:00.510+0000] {logging_mixin.py:137} INFO - [2022-11-23T23:58:00.509+0000] {dag.py:3340} INFO - Setting next_dagrun for dataset_produces_2 to None, run_after=None
[2022-11-23T23:58:00.544+0000] {processor.py:176} INFO - Processing /home/airflow/.local/lib/python3.7/site-packages/airflow/example_dags/example_datasets.py took 0.162 seconds
