[2022-11-23T23:55:22.177+0000] {processor.py:154} INFO - Started process (PID=50) to work on /home/airflow/.local/lib/python3.7/site-packages/airflow/example_dags/example_complex.py
[2022-11-23T23:55:22.178+0000] {processor.py:756} INFO - Processing file /home/airflow/.local/lib/python3.7/site-packages/airflow/example_dags/example_complex.py for tasks to queue
[2022-11-23T23:55:22.178+0000] {logging_mixin.py:137} INFO - [2022-11-23T23:55:22.178+0000] {dagbag.py:537} INFO - Filling up the DagBag from /home/airflow/.local/lib/python3.7/site-packages/airflow/example_dags/example_complex.py
[2022-11-23T23:55:22.200+0000] {logging_mixin.py:137} INFO - [2022-11-23T23:55:22.199+0000] {taskmixin.py:205} WARNING - Dependency <Task(BashOperator): create_entry_group>, delete_entry_group already registered for DAG: example_complex
[2022-11-23T23:55:22.200+0000] {logging_mixin.py:137} INFO - [2022-11-23T23:55:22.200+0000] {taskmixin.py:205} WARNING - Dependency <Task(BashOperator): delete_entry_group>, create_entry_group already registered for DAG: example_complex
[2022-11-23T23:55:22.200+0000] {logging_mixin.py:137} INFO - [2022-11-23T23:55:22.200+0000] {taskmixin.py:205} WARNING - Dependency <Task(BashOperator): create_entry_gcs>, delete_entry already registered for DAG: example_complex
[2022-11-23T23:55:22.201+0000] {logging_mixin.py:137} INFO - [2022-11-23T23:55:22.201+0000] {taskmixin.py:205} WARNING - Dependency <Task(BashOperator): delete_entry>, create_entry_gcs already registered for DAG: example_complex
[2022-11-23T23:55:22.201+0000] {logging_mixin.py:137} INFO - [2022-11-23T23:55:22.201+0000] {taskmixin.py:205} WARNING - Dependency <Task(BashOperator): create_tag>, delete_tag already registered for DAG: example_complex
[2022-11-23T23:55:22.201+0000] {logging_mixin.py:137} INFO - [2022-11-23T23:55:22.201+0000] {taskmixin.py:205} WARNING - Dependency <Task(BashOperator): delete_tag>, create_tag already registered for DAG: example_complex
[2022-11-23T23:55:22.212+0000] {processor.py:766} INFO - DAG(s) dict_keys(['example_complex']) retrieved from /home/airflow/.local/lib/python3.7/site-packages/airflow/example_dags/example_complex.py
[2022-11-23T23:55:22.251+0000] {logging_mixin.py:137} INFO - [2022-11-23T23:55:22.251+0000] {dag.py:2585} INFO - Sync 1 DAGs
[2022-11-23T23:55:22.293+0000] {logging_mixin.py:137} INFO - [2022-11-23T23:55:22.293+0000] {dag.py:3340} INFO - Setting next_dagrun for example_complex to None, run_after=None
[2022-11-23T23:55:22.325+0000] {processor.py:176} INFO - Processing /home/airflow/.local/lib/python3.7/site-packages/airflow/example_dags/example_complex.py took 0.154 seconds
[2022-11-23T23:55:53.022+0000] {processor.py:154} INFO - Started process (PID=104) to work on /home/airflow/.local/lib/python3.7/site-packages/airflow/example_dags/example_complex.py
[2022-11-23T23:55:53.024+0000] {processor.py:756} INFO - Processing file /home/airflow/.local/lib/python3.7/site-packages/airflow/example_dags/example_complex.py for tasks to queue
[2022-11-23T23:55:53.025+0000] {logging_mixin.py:137} INFO - [2022-11-23T23:55:53.025+0000] {dagbag.py:537} INFO - Filling up the DagBag from /home/airflow/.local/lib/python3.7/site-packages/airflow/example_dags/example_complex.py
[2022-11-23T23:55:53.037+0000] {logging_mixin.py:137} INFO - [2022-11-23T23:55:53.037+0000] {taskmixin.py:205} WARNING - Dependency <Task(BashOperator): create_entry_group>, delete_entry_group already registered for DAG: example_complex
[2022-11-23T23:55:53.037+0000] {logging_mixin.py:137} INFO - [2022-11-23T23:55:53.037+0000] {taskmixin.py:205} WARNING - Dependency <Task(BashOperator): delete_entry_group>, create_entry_group already registered for DAG: example_complex
[2022-11-23T23:55:53.038+0000] {logging_mixin.py:137} INFO - [2022-11-23T23:55:53.038+0000] {taskmixin.py:205} WARNING - Dependency <Task(BashOperator): create_entry_gcs>, delete_entry already registered for DAG: example_complex
[2022-11-23T23:55:53.038+0000] {logging_mixin.py:137} INFO - [2022-11-23T23:55:53.038+0000] {taskmixin.py:205} WARNING - Dependency <Task(BashOperator): delete_entry>, create_entry_gcs already registered for DAG: example_complex
[2022-11-23T23:55:53.038+0000] {logging_mixin.py:137} INFO - [2022-11-23T23:55:53.038+0000] {taskmixin.py:205} WARNING - Dependency <Task(BashOperator): create_tag>, delete_tag already registered for DAG: example_complex
[2022-11-23T23:55:53.038+0000] {logging_mixin.py:137} INFO - [2022-11-23T23:55:53.038+0000] {taskmixin.py:205} WARNING - Dependency <Task(BashOperator): delete_tag>, create_tag already registered for DAG: example_complex
[2022-11-23T23:55:53.046+0000] {processor.py:766} INFO - DAG(s) dict_keys(['example_complex']) retrieved from /home/airflow/.local/lib/python3.7/site-packages/airflow/example_dags/example_complex.py
[2022-11-23T23:55:53.094+0000] {logging_mixin.py:137} INFO - [2022-11-23T23:55:53.094+0000] {dag.py:2585} INFO - Sync 1 DAGs
[2022-11-23T23:55:53.119+0000] {logging_mixin.py:137} INFO - [2022-11-23T23:55:53.119+0000] {dag.py:3340} INFO - Setting next_dagrun for example_complex to None, run_after=None
[2022-11-23T23:55:53.140+0000] {processor.py:176} INFO - Processing /home/airflow/.local/lib/python3.7/site-packages/airflow/example_dags/example_complex.py took 0.121 seconds
[2022-11-23T23:56:24.581+0000] {processor.py:154} INFO - Started process (PID=169) to work on /home/airflow/.local/lib/python3.7/site-packages/airflow/example_dags/example_complex.py
[2022-11-23T23:56:24.582+0000] {processor.py:756} INFO - Processing file /home/airflow/.local/lib/python3.7/site-packages/airflow/example_dags/example_complex.py for tasks to queue
[2022-11-23T23:56:24.583+0000] {logging_mixin.py:137} INFO - [2022-11-23T23:56:24.583+0000] {dagbag.py:537} INFO - Filling up the DagBag from /home/airflow/.local/lib/python3.7/site-packages/airflow/example_dags/example_complex.py
[2022-11-23T23:56:24.599+0000] {logging_mixin.py:137} INFO - [2022-11-23T23:56:24.599+0000] {taskmixin.py:205} WARNING - Dependency <Task(BashOperator): create_entry_group>, delete_entry_group already registered for DAG: example_complex
[2022-11-23T23:56:24.599+0000] {logging_mixin.py:137} INFO - [2022-11-23T23:56:24.599+0000] {taskmixin.py:205} WARNING - Dependency <Task(BashOperator): delete_entry_group>, create_entry_group already registered for DAG: example_complex
[2022-11-23T23:56:24.600+0000] {logging_mixin.py:137} INFO - [2022-11-23T23:56:24.600+0000] {taskmixin.py:205} WARNING - Dependency <Task(BashOperator): create_entry_gcs>, delete_entry already registered for DAG: example_complex
[2022-11-23T23:56:24.600+0000] {logging_mixin.py:137} INFO - [2022-11-23T23:56:24.600+0000] {taskmixin.py:205} WARNING - Dependency <Task(BashOperator): delete_entry>, create_entry_gcs already registered for DAG: example_complex
[2022-11-23T23:56:24.600+0000] {logging_mixin.py:137} INFO - [2022-11-23T23:56:24.600+0000] {taskmixin.py:205} WARNING - Dependency <Task(BashOperator): create_tag>, delete_tag already registered for DAG: example_complex
[2022-11-23T23:56:24.601+0000] {logging_mixin.py:137} INFO - [2022-11-23T23:56:24.601+0000] {taskmixin.py:205} WARNING - Dependency <Task(BashOperator): delete_tag>, create_tag already registered for DAG: example_complex
[2022-11-23T23:56:24.609+0000] {processor.py:766} INFO - DAG(s) dict_keys(['example_complex']) retrieved from /home/airflow/.local/lib/python3.7/site-packages/airflow/example_dags/example_complex.py
[2022-11-23T23:56:24.668+0000] {logging_mixin.py:137} INFO - [2022-11-23T23:56:24.668+0000] {dag.py:2585} INFO - Sync 1 DAGs
[2022-11-23T23:56:24.696+0000] {logging_mixin.py:137} INFO - [2022-11-23T23:56:24.696+0000] {dag.py:3340} INFO - Setting next_dagrun for example_complex to None, run_after=None
[2022-11-23T23:56:24.718+0000] {processor.py:176} INFO - Processing /home/airflow/.local/lib/python3.7/site-packages/airflow/example_dags/example_complex.py took 0.140 seconds
[2022-11-23T23:56:55.134+0000] {processor.py:154} INFO - Started process (PID=233) to work on /home/airflow/.local/lib/python3.7/site-packages/airflow/example_dags/example_complex.py
[2022-11-23T23:56:55.135+0000] {processor.py:756} INFO - Processing file /home/airflow/.local/lib/python3.7/site-packages/airflow/example_dags/example_complex.py for tasks to queue
[2022-11-23T23:56:55.136+0000] {logging_mixin.py:137} INFO - [2022-11-23T23:56:55.136+0000] {dagbag.py:537} INFO - Filling up the DagBag from /home/airflow/.local/lib/python3.7/site-packages/airflow/example_dags/example_complex.py
[2022-11-23T23:56:55.150+0000] {logging_mixin.py:137} INFO - [2022-11-23T23:56:55.150+0000] {taskmixin.py:205} WARNING - Dependency <Task(BashOperator): create_entry_group>, delete_entry_group already registered for DAG: example_complex
[2022-11-23T23:56:55.150+0000] {logging_mixin.py:137} INFO - [2022-11-23T23:56:55.150+0000] {taskmixin.py:205} WARNING - Dependency <Task(BashOperator): delete_entry_group>, create_entry_group already registered for DAG: example_complex
[2022-11-23T23:56:55.151+0000] {logging_mixin.py:137} INFO - [2022-11-23T23:56:55.150+0000] {taskmixin.py:205} WARNING - Dependency <Task(BashOperator): create_entry_gcs>, delete_entry already registered for DAG: example_complex
[2022-11-23T23:56:55.151+0000] {logging_mixin.py:137} INFO - [2022-11-23T23:56:55.151+0000] {taskmixin.py:205} WARNING - Dependency <Task(BashOperator): delete_entry>, create_entry_gcs already registered for DAG: example_complex
[2022-11-23T23:56:55.151+0000] {logging_mixin.py:137} INFO - [2022-11-23T23:56:55.151+0000] {taskmixin.py:205} WARNING - Dependency <Task(BashOperator): create_tag>, delete_tag already registered for DAG: example_complex
[2022-11-23T23:56:55.152+0000] {logging_mixin.py:137} INFO - [2022-11-23T23:56:55.151+0000] {taskmixin.py:205} WARNING - Dependency <Task(BashOperator): delete_tag>, create_tag already registered for DAG: example_complex
[2022-11-23T23:56:55.162+0000] {processor.py:766} INFO - DAG(s) dict_keys(['example_complex']) retrieved from /home/airflow/.local/lib/python3.7/site-packages/airflow/example_dags/example_complex.py
[2022-11-23T23:56:55.218+0000] {logging_mixin.py:137} INFO - [2022-11-23T23:56:55.218+0000] {dag.py:2585} INFO - Sync 1 DAGs
[2022-11-23T23:56:55.252+0000] {logging_mixin.py:137} INFO - [2022-11-23T23:56:55.252+0000] {dag.py:3340} INFO - Setting next_dagrun for example_complex to None, run_after=None
[2022-11-23T23:56:55.275+0000] {processor.py:176} INFO - Processing /home/airflow/.local/lib/python3.7/site-packages/airflow/example_dags/example_complex.py took 0.144 seconds
[2022-11-23T23:57:26.042+0000] {processor.py:154} INFO - Started process (PID=287) to work on /home/airflow/.local/lib/python3.7/site-packages/airflow/example_dags/example_complex.py
[2022-11-23T23:57:26.043+0000] {processor.py:756} INFO - Processing file /home/airflow/.local/lib/python3.7/site-packages/airflow/example_dags/example_complex.py for tasks to queue
[2022-11-23T23:57:26.043+0000] {logging_mixin.py:137} INFO - [2022-11-23T23:57:26.043+0000] {dagbag.py:537} INFO - Filling up the DagBag from /home/airflow/.local/lib/python3.7/site-packages/airflow/example_dags/example_complex.py
[2022-11-23T23:57:26.055+0000] {logging_mixin.py:137} INFO - [2022-11-23T23:57:26.055+0000] {taskmixin.py:205} WARNING - Dependency <Task(BashOperator): create_entry_group>, delete_entry_group already registered for DAG: example_complex
[2022-11-23T23:57:26.056+0000] {logging_mixin.py:137} INFO - [2022-11-23T23:57:26.056+0000] {taskmixin.py:205} WARNING - Dependency <Task(BashOperator): delete_entry_group>, create_entry_group already registered for DAG: example_complex
[2022-11-23T23:57:26.056+0000] {logging_mixin.py:137} INFO - [2022-11-23T23:57:26.056+0000] {taskmixin.py:205} WARNING - Dependency <Task(BashOperator): create_entry_gcs>, delete_entry already registered for DAG: example_complex
[2022-11-23T23:57:26.056+0000] {logging_mixin.py:137} INFO - [2022-11-23T23:57:26.056+0000] {taskmixin.py:205} WARNING - Dependency <Task(BashOperator): delete_entry>, create_entry_gcs already registered for DAG: example_complex
[2022-11-23T23:57:26.056+0000] {logging_mixin.py:137} INFO - [2022-11-23T23:57:26.056+0000] {taskmixin.py:205} WARNING - Dependency <Task(BashOperator): create_tag>, delete_tag already registered for DAG: example_complex
[2022-11-23T23:57:26.057+0000] {logging_mixin.py:137} INFO - [2022-11-23T23:57:26.056+0000] {taskmixin.py:205} WARNING - Dependency <Task(BashOperator): delete_tag>, create_tag already registered for DAG: example_complex
[2022-11-23T23:57:26.063+0000] {processor.py:766} INFO - DAG(s) dict_keys(['example_complex']) retrieved from /home/airflow/.local/lib/python3.7/site-packages/airflow/example_dags/example_complex.py
[2022-11-23T23:57:26.112+0000] {logging_mixin.py:137} INFO - [2022-11-23T23:57:26.112+0000] {dag.py:2585} INFO - Sync 1 DAGs
[2022-11-23T23:57:26.138+0000] {logging_mixin.py:137} INFO - [2022-11-23T23:57:26.137+0000] {dag.py:3340} INFO - Setting next_dagrun for example_complex to None, run_after=None
[2022-11-23T23:57:26.159+0000] {processor.py:176} INFO - Processing /home/airflow/.local/lib/python3.7/site-packages/airflow/example_dags/example_complex.py took 0.121 seconds
[2022-11-23T23:57:57.053+0000] {processor.py:154} INFO - Started process (PID=350) to work on /home/airflow/.local/lib/python3.7/site-packages/airflow/example_dags/example_complex.py
[2022-11-23T23:57:57.054+0000] {processor.py:756} INFO - Processing file /home/airflow/.local/lib/python3.7/site-packages/airflow/example_dags/example_complex.py for tasks to queue
[2022-11-23T23:57:57.055+0000] {logging_mixin.py:137} INFO - [2022-11-23T23:57:57.055+0000] {dagbag.py:537} INFO - Filling up the DagBag from /home/airflow/.local/lib/python3.7/site-packages/airflow/example_dags/example_complex.py
[2022-11-23T23:57:57.066+0000] {logging_mixin.py:137} INFO - [2022-11-23T23:57:57.066+0000] {taskmixin.py:205} WARNING - Dependency <Task(BashOperator): create_entry_group>, delete_entry_group already registered for DAG: example_complex
[2022-11-23T23:57:57.067+0000] {logging_mixin.py:137} INFO - [2022-11-23T23:57:57.067+0000] {taskmixin.py:205} WARNING - Dependency <Task(BashOperator): delete_entry_group>, create_entry_group already registered for DAG: example_complex
[2022-11-23T23:57:57.067+0000] {logging_mixin.py:137} INFO - [2022-11-23T23:57:57.067+0000] {taskmixin.py:205} WARNING - Dependency <Task(BashOperator): create_entry_gcs>, delete_entry already registered for DAG: example_complex
[2022-11-23T23:57:57.067+0000] {logging_mixin.py:137} INFO - [2022-11-23T23:57:57.067+0000] {taskmixin.py:205} WARNING - Dependency <Task(BashOperator): delete_entry>, create_entry_gcs already registered for DAG: example_complex
[2022-11-23T23:57:57.067+0000] {logging_mixin.py:137} INFO - [2022-11-23T23:57:57.067+0000] {taskmixin.py:205} WARNING - Dependency <Task(BashOperator): create_tag>, delete_tag already registered for DAG: example_complex
[2022-11-23T23:57:57.068+0000] {logging_mixin.py:137} INFO - [2022-11-23T23:57:57.067+0000] {taskmixin.py:205} WARNING - Dependency <Task(BashOperator): delete_tag>, create_tag already registered for DAG: example_complex
[2022-11-23T23:57:57.075+0000] {processor.py:766} INFO - DAG(s) dict_keys(['example_complex']) retrieved from /home/airflow/.local/lib/python3.7/site-packages/airflow/example_dags/example_complex.py
[2022-11-23T23:57:57.120+0000] {logging_mixin.py:137} INFO - [2022-11-23T23:57:57.120+0000] {dag.py:2585} INFO - Sync 1 DAGs
[2022-11-23T23:57:57.144+0000] {logging_mixin.py:137} INFO - [2022-11-23T23:57:57.144+0000] {dag.py:3340} INFO - Setting next_dagrun for example_complex to None, run_after=None
[2022-11-23T23:57:57.165+0000] {processor.py:176} INFO - Processing /home/airflow/.local/lib/python3.7/site-packages/airflow/example_dags/example_complex.py took 0.114 seconds
