[2022-11-23T23:55:23.888+0000] {processor.py:154} INFO - Started process (PID=65) to work on /home/airflow/.local/lib/python3.7/site-packages/airflow/example_dags/example_xcom.py
[2022-11-23T23:55:23.889+0000] {processor.py:756} INFO - Processing file /home/airflow/.local/lib/python3.7/site-packages/airflow/example_dags/example_xcom.py for tasks to queue
[2022-11-23T23:55:23.890+0000] {logging_mixin.py:137} INFO - [2022-11-23T23:55:23.890+0000] {dagbag.py:537} INFO - Filling up the DagBag from /home/airflow/.local/lib/python3.7/site-packages/airflow/example_dags/example_xcom.py
[2022-11-23T23:55:23.928+0000] {processor.py:766} INFO - DAG(s) dict_keys(['example_xcom']) retrieved from /home/airflow/.local/lib/python3.7/site-packages/airflow/example_dags/example_xcom.py
[2022-11-23T23:55:23.967+0000] {logging_mixin.py:137} INFO - [2022-11-23T23:55:23.967+0000] {dag.py:2585} INFO - Sync 1 DAGs
[2022-11-23T23:55:24.015+0000] {logging_mixin.py:137} INFO - [2022-11-23T23:55:24.015+0000] {dag.py:3340} INFO - Setting next_dagrun for example_xcom to 2021-01-01T00:00:00+00:00, run_after=2021-01-01T00:00:00+00:00
[2022-11-23T23:55:24.055+0000] {processor.py:176} INFO - Processing /home/airflow/.local/lib/python3.7/site-packages/airflow/example_dags/example_xcom.py took 0.171 seconds
[2022-11-23T23:55:54.335+0000] {processor.py:154} INFO - Started process (PID=119) to work on /home/airflow/.local/lib/python3.7/site-packages/airflow/example_dags/example_xcom.py
[2022-11-23T23:55:54.337+0000] {processor.py:756} INFO - Processing file /home/airflow/.local/lib/python3.7/site-packages/airflow/example_dags/example_xcom.py for tasks to queue
[2022-11-23T23:55:54.338+0000] {logging_mixin.py:137} INFO - [2022-11-23T23:55:54.338+0000] {dagbag.py:537} INFO - Filling up the DagBag from /home/airflow/.local/lib/python3.7/site-packages/airflow/example_dags/example_xcom.py
[2022-11-23T23:55:54.361+0000] {processor.py:766} INFO - DAG(s) dict_keys(['example_xcom']) retrieved from /home/airflow/.local/lib/python3.7/site-packages/airflow/example_dags/example_xcom.py
[2022-11-23T23:55:54.399+0000] {logging_mixin.py:137} INFO - [2022-11-23T23:55:54.399+0000] {dag.py:2585} INFO - Sync 1 DAGs
[2022-11-23T23:55:54.424+0000] {logging_mixin.py:137} INFO - [2022-11-23T23:55:54.424+0000] {dag.py:3340} INFO - Setting next_dagrun for example_xcom to 2021-01-01T00:00:00+00:00, run_after=2021-01-01T00:00:00+00:00
[2022-11-23T23:55:54.444+0000] {processor.py:176} INFO - Processing /home/airflow/.local/lib/python3.7/site-packages/airflow/example_dags/example_xcom.py took 0.112 seconds
[2022-11-23T23:56:26.301+0000] {processor.py:154} INFO - Started process (PID=184) to work on /home/airflow/.local/lib/python3.7/site-packages/airflow/example_dags/example_xcom.py
[2022-11-23T23:56:26.316+0000] {processor.py:756} INFO - Processing file /home/airflow/.local/lib/python3.7/site-packages/airflow/example_dags/example_xcom.py for tasks to queue
[2022-11-23T23:56:26.317+0000] {logging_mixin.py:137} INFO - [2022-11-23T23:56:26.317+0000] {dagbag.py:537} INFO - Filling up the DagBag from /home/airflow/.local/lib/python3.7/site-packages/airflow/example_dags/example_xcom.py
[2022-11-23T23:56:26.340+0000] {processor.py:766} INFO - DAG(s) dict_keys(['example_xcom']) retrieved from /home/airflow/.local/lib/python3.7/site-packages/airflow/example_dags/example_xcom.py
[2022-11-23T23:56:26.380+0000] {logging_mixin.py:137} INFO - [2022-11-23T23:56:26.380+0000] {dag.py:2585} INFO - Sync 1 DAGs
[2022-11-23T23:56:26.406+0000] {logging_mixin.py:137} INFO - [2022-11-23T23:56:26.406+0000] {dag.py:3340} INFO - Setting next_dagrun for example_xcom to 2021-01-01T00:00:00+00:00, run_after=2021-01-01T00:00:00+00:00
[2022-11-23T23:56:26.426+0000] {processor.py:176} INFO - Processing /home/airflow/.local/lib/python3.7/site-packages/airflow/example_dags/example_xcom.py took 0.127 seconds
[2022-11-23T23:56:57.372+0000] {processor.py:154} INFO - Started process (PID=248) to work on /home/airflow/.local/lib/python3.7/site-packages/airflow/example_dags/example_xcom.py
[2022-11-23T23:56:57.373+0000] {processor.py:756} INFO - Processing file /home/airflow/.local/lib/python3.7/site-packages/airflow/example_dags/example_xcom.py for tasks to queue
[2022-11-23T23:56:57.374+0000] {logging_mixin.py:137} INFO - [2022-11-23T23:56:57.374+0000] {dagbag.py:537} INFO - Filling up the DagBag from /home/airflow/.local/lib/python3.7/site-packages/airflow/example_dags/example_xcom.py
[2022-11-23T23:56:57.397+0000] {processor.py:766} INFO - DAG(s) dict_keys(['example_xcom']) retrieved from /home/airflow/.local/lib/python3.7/site-packages/airflow/example_dags/example_xcom.py
[2022-11-23T23:56:57.440+0000] {logging_mixin.py:137} INFO - [2022-11-23T23:56:57.440+0000] {dag.py:2585} INFO - Sync 1 DAGs
[2022-11-23T23:56:57.469+0000] {logging_mixin.py:137} INFO - [2022-11-23T23:56:57.469+0000] {dag.py:3340} INFO - Setting next_dagrun for example_xcom to 2021-01-01T00:00:00+00:00, run_after=2021-01-01T00:00:00+00:00
[2022-11-23T23:56:57.493+0000] {processor.py:176} INFO - Processing /home/airflow/.local/lib/python3.7/site-packages/airflow/example_dags/example_xcom.py took 0.124 seconds
[2022-11-23T23:57:28.305+0000] {processor.py:154} INFO - Started process (PID=311) to work on /home/airflow/.local/lib/python3.7/site-packages/airflow/example_dags/example_xcom.py
[2022-11-23T23:57:28.306+0000] {processor.py:756} INFO - Processing file /home/airflow/.local/lib/python3.7/site-packages/airflow/example_dags/example_xcom.py for tasks to queue
[2022-11-23T23:57:28.307+0000] {logging_mixin.py:137} INFO - [2022-11-23T23:57:28.307+0000] {dagbag.py:537} INFO - Filling up the DagBag from /home/airflow/.local/lib/python3.7/site-packages/airflow/example_dags/example_xcom.py
[2022-11-23T23:57:28.329+0000] {processor.py:766} INFO - DAG(s) dict_keys(['example_xcom']) retrieved from /home/airflow/.local/lib/python3.7/site-packages/airflow/example_dags/example_xcom.py
[2022-11-23T23:57:28.374+0000] {logging_mixin.py:137} INFO - [2022-11-23T23:57:28.373+0000] {dag.py:2585} INFO - Sync 1 DAGs
[2022-11-23T23:57:28.402+0000] {logging_mixin.py:137} INFO - [2022-11-23T23:57:28.402+0000] {dag.py:3340} INFO - Setting next_dagrun for example_xcom to 2021-01-01T00:00:00+00:00, run_after=2021-01-01T00:00:00+00:00
[2022-11-23T23:57:28.424+0000] {processor.py:176} INFO - Processing /home/airflow/.local/lib/python3.7/site-packages/airflow/example_dags/example_xcom.py took 0.123 seconds
[2022-11-23T23:57:59.292+0000] {processor.py:154} INFO - Started process (PID=365) to work on /home/airflow/.local/lib/python3.7/site-packages/airflow/example_dags/example_xcom.py
[2022-11-23T23:57:59.292+0000] {processor.py:756} INFO - Processing file /home/airflow/.local/lib/python3.7/site-packages/airflow/example_dags/example_xcom.py for tasks to queue
[2022-11-23T23:57:59.293+0000] {logging_mixin.py:137} INFO - [2022-11-23T23:57:59.293+0000] {dagbag.py:537} INFO - Filling up the DagBag from /home/airflow/.local/lib/python3.7/site-packages/airflow/example_dags/example_xcom.py
[2022-11-23T23:57:59.314+0000] {processor.py:766} INFO - DAG(s) dict_keys(['example_xcom']) retrieved from /home/airflow/.local/lib/python3.7/site-packages/airflow/example_dags/example_xcom.py
[2022-11-23T23:57:59.354+0000] {logging_mixin.py:137} INFO - [2022-11-23T23:57:59.354+0000] {dag.py:2585} INFO - Sync 1 DAGs
[2022-11-23T23:57:59.382+0000] {logging_mixin.py:137} INFO - [2022-11-23T23:57:59.382+0000] {dag.py:3340} INFO - Setting next_dagrun for example_xcom to 2021-01-01T00:00:00+00:00, run_after=2021-01-01T00:00:00+00:00
[2022-11-23T23:57:59.403+0000] {processor.py:176} INFO - Processing /home/airflow/.local/lib/python3.7/site-packages/airflow/example_dags/example_xcom.py took 0.114 seconds
