[2022-11-23T23:55:23.503+0000] {processor.py:154} INFO - Started process (PID=61) to work on /home/airflow/.local/lib/python3.7/site-packages/airflow/example_dags/example_subdag_operator.py
[2022-11-23T23:55:23.504+0000] {processor.py:756} INFO - Processing file /home/airflow/.local/lib/python3.7/site-packages/airflow/example_dags/example_subdag_operator.py for tasks to queue
[2022-11-23T23:55:23.505+0000] {logging_mixin.py:137} INFO - [2022-11-23T23:55:23.505+0000] {dagbag.py:537} INFO - Filling up the DagBag from /home/airflow/.local/lib/python3.7/site-packages/airflow/example_dags/example_subdag_operator.py
[2022-11-23T23:55:23.547+0000] {processor.py:766} INFO - DAG(s) dict_keys(['example_subdag_operator.section-1', 'example_subdag_operator.section-2', 'example_subdag_operator']) retrieved from /home/airflow/.local/lib/python3.7/site-packages/airflow/example_dags/example_subdag_operator.py
[2022-11-23T23:55:23.572+0000] {logging_mixin.py:137} INFO - [2022-11-23T23:55:23.572+0000] {dag.py:2585} INFO - Sync 3 DAGs
[2022-11-23T23:55:23.611+0000] {logging_mixin.py:137} INFO - [2022-11-23T23:55:23.610+0000] {dag.py:3340} INFO - Setting next_dagrun for example_subdag_operator to 2022-01-01T00:00:00+00:00, run_after=2022-01-01T00:00:00+00:00
[2022-11-23T23:55:23.616+0000] {logging_mixin.py:137} INFO - [2022-11-23T23:55:23.616+0000] {dag.py:3340} INFO - Setting next_dagrun for example_subdag_operator.section-1 to None, run_after=None
[2022-11-23T23:55:23.618+0000] {logging_mixin.py:137} INFO - [2022-11-23T23:55:23.618+0000] {dag.py:3340} INFO - Setting next_dagrun for example_subdag_operator.section-2 to None, run_after=None
[2022-11-23T23:55:23.630+0000] {logging_mixin.py:137} INFO - [2022-11-23T23:55:23.629+0000] {dag.py:2585} INFO - Sync 2 DAGs
[2022-11-23T23:55:23.637+0000] {logging_mixin.py:137} INFO - [2022-11-23T23:55:23.637+0000] {dag.py:3340} INFO - Setting next_dagrun for example_subdag_operator.section-1 to None, run_after=None
[2022-11-23T23:55:23.637+0000] {logging_mixin.py:137} INFO - [2022-11-23T23:55:23.637+0000] {dag.py:3340} INFO - Setting next_dagrun for example_subdag_operator.section-2 to None, run_after=None
[2022-11-23T23:55:23.653+0000] {processor.py:176} INFO - Processing /home/airflow/.local/lib/python3.7/site-packages/airflow/example_dags/example_subdag_operator.py took 0.153 seconds
[2022-11-23T23:55:53.841+0000] {processor.py:154} INFO - Started process (PID=115) to work on /home/airflow/.local/lib/python3.7/site-packages/airflow/example_dags/example_subdag_operator.py
[2022-11-23T23:55:53.843+0000] {processor.py:756} INFO - Processing file /home/airflow/.local/lib/python3.7/site-packages/airflow/example_dags/example_subdag_operator.py for tasks to queue
[2022-11-23T23:55:53.844+0000] {logging_mixin.py:137} INFO - [2022-11-23T23:55:53.843+0000] {dagbag.py:537} INFO - Filling up the DagBag from /home/airflow/.local/lib/python3.7/site-packages/airflow/example_dags/example_subdag_operator.py
[2022-11-23T23:55:53.936+0000] {processor.py:766} INFO - DAG(s) dict_keys(['example_subdag_operator.section-1', 'example_subdag_operator.section-2', 'example_subdag_operator']) retrieved from /home/airflow/.local/lib/python3.7/site-packages/airflow/example_dags/example_subdag_operator.py
[2022-11-23T23:55:54.155+0000] {logging_mixin.py:137} INFO - [2022-11-23T23:55:54.155+0000] {dag.py:2585} INFO - Sync 3 DAGs
[2022-11-23T23:55:54.180+0000] {logging_mixin.py:137} INFO - [2022-11-23T23:55:54.179+0000] {dag.py:3340} INFO - Setting next_dagrun for example_subdag_operator to 2022-01-01T00:00:00+00:00, run_after=2022-01-01T00:00:00+00:00
[2022-11-23T23:55:54.183+0000] {logging_mixin.py:137} INFO - [2022-11-23T23:55:54.183+0000] {dag.py:3340} INFO - Setting next_dagrun for example_subdag_operator.section-1 to None, run_after=None
[2022-11-23T23:55:54.185+0000] {logging_mixin.py:137} INFO - [2022-11-23T23:55:54.184+0000] {dag.py:3340} INFO - Setting next_dagrun for example_subdag_operator.section-2 to None, run_after=None
[2022-11-23T23:55:54.192+0000] {logging_mixin.py:137} INFO - [2022-11-23T23:55:54.192+0000] {dag.py:2585} INFO - Sync 2 DAGs
[2022-11-23T23:55:54.198+0000] {logging_mixin.py:137} INFO - [2022-11-23T23:55:54.197+0000] {dag.py:3340} INFO - Setting next_dagrun for example_subdag_operator.section-1 to None, run_after=None
[2022-11-23T23:55:54.198+0000] {logging_mixin.py:137} INFO - [2022-11-23T23:55:54.198+0000] {dag.py:3340} INFO - Setting next_dagrun for example_subdag_operator.section-2 to None, run_after=None
[2022-11-23T23:55:54.210+0000] {processor.py:176} INFO - Processing /home/airflow/.local/lib/python3.7/site-packages/airflow/example_dags/example_subdag_operator.py took 0.374 seconds
[2022-11-23T23:56:25.992+0000] {processor.py:154} INFO - Started process (PID=180) to work on /home/airflow/.local/lib/python3.7/site-packages/airflow/example_dags/example_subdag_operator.py
[2022-11-23T23:56:25.994+0000] {processor.py:756} INFO - Processing file /home/airflow/.local/lib/python3.7/site-packages/airflow/example_dags/example_subdag_operator.py for tasks to queue
[2022-11-23T23:56:25.994+0000] {logging_mixin.py:137} INFO - [2022-11-23T23:56:25.994+0000] {dagbag.py:537} INFO - Filling up the DagBag from /home/airflow/.local/lib/python3.7/site-packages/airflow/example_dags/example_subdag_operator.py
[2022-11-23T23:56:26.030+0000] {processor.py:766} INFO - DAG(s) dict_keys(['example_subdag_operator.section-1', 'example_subdag_operator.section-2', 'example_subdag_operator']) retrieved from /home/airflow/.local/lib/python3.7/site-packages/airflow/example_dags/example_subdag_operator.py
[2022-11-23T23:56:26.220+0000] {logging_mixin.py:137} INFO - [2022-11-23T23:56:26.220+0000] {dag.py:2585} INFO - Sync 3 DAGs
[2022-11-23T23:56:26.247+0000] {logging_mixin.py:137} INFO - [2022-11-23T23:56:26.247+0000] {dag.py:3340} INFO - Setting next_dagrun for example_subdag_operator to 2022-01-01T00:00:00+00:00, run_after=2022-01-01T00:00:00+00:00
[2022-11-23T23:56:26.250+0000] {logging_mixin.py:137} INFO - [2022-11-23T23:56:26.250+0000] {dag.py:3340} INFO - Setting next_dagrun for example_subdag_operator.section-1 to None, run_after=None
[2022-11-23T23:56:26.251+0000] {logging_mixin.py:137} INFO - [2022-11-23T23:56:26.251+0000] {dag.py:3340} INFO - Setting next_dagrun for example_subdag_operator.section-2 to None, run_after=None
[2022-11-23T23:56:26.260+0000] {logging_mixin.py:137} INFO - [2022-11-23T23:56:26.260+0000] {dag.py:2585} INFO - Sync 2 DAGs
[2022-11-23T23:56:26.267+0000] {logging_mixin.py:137} INFO - [2022-11-23T23:56:26.267+0000] {dag.py:3340} INFO - Setting next_dagrun for example_subdag_operator.section-1 to None, run_after=None
[2022-11-23T23:56:26.267+0000] {logging_mixin.py:137} INFO - [2022-11-23T23:56:26.267+0000] {dag.py:3340} INFO - Setting next_dagrun for example_subdag_operator.section-2 to None, run_after=None
[2022-11-23T23:56:26.280+0000] {processor.py:176} INFO - Processing /home/airflow/.local/lib/python3.7/site-packages/airflow/example_dags/example_subdag_operator.py took 0.292 seconds
[2022-11-23T23:56:56.922+0000] {processor.py:154} INFO - Started process (PID=244) to work on /home/airflow/.local/lib/python3.7/site-packages/airflow/example_dags/example_subdag_operator.py
[2022-11-23T23:56:56.923+0000] {processor.py:756} INFO - Processing file /home/airflow/.local/lib/python3.7/site-packages/airflow/example_dags/example_subdag_operator.py for tasks to queue
[2022-11-23T23:56:56.924+0000] {logging_mixin.py:137} INFO - [2022-11-23T23:56:56.924+0000] {dagbag.py:537} INFO - Filling up the DagBag from /home/airflow/.local/lib/python3.7/site-packages/airflow/example_dags/example_subdag_operator.py
[2022-11-23T23:56:56.960+0000] {processor.py:766} INFO - DAG(s) dict_keys(['example_subdag_operator.section-1', 'example_subdag_operator.section-2', 'example_subdag_operator']) retrieved from /home/airflow/.local/lib/python3.7/site-packages/airflow/example_dags/example_subdag_operator.py
[2022-11-23T23:56:57.143+0000] {logging_mixin.py:137} INFO - [2022-11-23T23:56:57.143+0000] {dag.py:2585} INFO - Sync 3 DAGs
[2022-11-23T23:56:57.167+0000] {logging_mixin.py:137} INFO - [2022-11-23T23:56:57.167+0000] {dag.py:3340} INFO - Setting next_dagrun for example_subdag_operator to 2022-01-01T00:00:00+00:00, run_after=2022-01-01T00:00:00+00:00
[2022-11-23T23:56:57.171+0000] {logging_mixin.py:137} INFO - [2022-11-23T23:56:57.171+0000] {dag.py:3340} INFO - Setting next_dagrun for example_subdag_operator.section-1 to None, run_after=None
[2022-11-23T23:56:57.173+0000] {logging_mixin.py:137} INFO - [2022-11-23T23:56:57.173+0000] {dag.py:3340} INFO - Setting next_dagrun for example_subdag_operator.section-2 to None, run_after=None
[2022-11-23T23:56:57.181+0000] {logging_mixin.py:137} INFO - [2022-11-23T23:56:57.181+0000] {dag.py:2585} INFO - Sync 2 DAGs
[2022-11-23T23:56:57.187+0000] {logging_mixin.py:137} INFO - [2022-11-23T23:56:57.187+0000] {dag.py:3340} INFO - Setting next_dagrun for example_subdag_operator.section-1 to None, run_after=None
[2022-11-23T23:56:57.187+0000] {logging_mixin.py:137} INFO - [2022-11-23T23:56:57.187+0000] {dag.py:3340} INFO - Setting next_dagrun for example_subdag_operator.section-2 to None, run_after=None
[2022-11-23T23:56:57.201+0000] {processor.py:176} INFO - Processing /home/airflow/.local/lib/python3.7/site-packages/airflow/example_dags/example_subdag_operator.py took 0.283 seconds
[2022-11-23T23:57:27.848+0000] {processor.py:154} INFO - Started process (PID=307) to work on /home/airflow/.local/lib/python3.7/site-packages/airflow/example_dags/example_subdag_operator.py
[2022-11-23T23:57:27.849+0000] {processor.py:756} INFO - Processing file /home/airflow/.local/lib/python3.7/site-packages/airflow/example_dags/example_subdag_operator.py for tasks to queue
[2022-11-23T23:57:27.849+0000] {logging_mixin.py:137} INFO - [2022-11-23T23:57:27.849+0000] {dagbag.py:537} INFO - Filling up the DagBag from /home/airflow/.local/lib/python3.7/site-packages/airflow/example_dags/example_subdag_operator.py
[2022-11-23T23:57:27.888+0000] {processor.py:766} INFO - DAG(s) dict_keys(['example_subdag_operator.section-1', 'example_subdag_operator.section-2', 'example_subdag_operator']) retrieved from /home/airflow/.local/lib/python3.7/site-packages/airflow/example_dags/example_subdag_operator.py
[2022-11-23T23:57:28.079+0000] {logging_mixin.py:137} INFO - [2022-11-23T23:57:28.079+0000] {dag.py:2585} INFO - Sync 3 DAGs
[2022-11-23T23:57:28.113+0000] {logging_mixin.py:137} INFO - [2022-11-23T23:57:28.113+0000] {dag.py:3340} INFO - Setting next_dagrun for example_subdag_operator to 2022-01-01T00:00:00+00:00, run_after=2022-01-01T00:00:00+00:00
[2022-11-23T23:57:28.116+0000] {logging_mixin.py:137} INFO - [2022-11-23T23:57:28.116+0000] {dag.py:3340} INFO - Setting next_dagrun for example_subdag_operator.section-1 to None, run_after=None
[2022-11-23T23:57:28.118+0000] {logging_mixin.py:137} INFO - [2022-11-23T23:57:28.118+0000] {dag.py:3340} INFO - Setting next_dagrun for example_subdag_operator.section-2 to None, run_after=None
[2022-11-23T23:57:28.125+0000] {logging_mixin.py:137} INFO - [2022-11-23T23:57:28.125+0000] {dag.py:2585} INFO - Sync 2 DAGs
[2022-11-23T23:57:28.131+0000] {logging_mixin.py:137} INFO - [2022-11-23T23:57:28.131+0000] {dag.py:3340} INFO - Setting next_dagrun for example_subdag_operator.section-1 to None, run_after=None
[2022-11-23T23:57:28.132+0000] {logging_mixin.py:137} INFO - [2022-11-23T23:57:28.132+0000] {dag.py:3340} INFO - Setting next_dagrun for example_subdag_operator.section-2 to None, run_after=None
[2022-11-23T23:57:28.144+0000] {processor.py:176} INFO - Processing /home/airflow/.local/lib/python3.7/site-packages/airflow/example_dags/example_subdag_operator.py took 0.300 seconds
[2022-11-23T23:57:58.864+0000] {processor.py:154} INFO - Started process (PID=361) to work on /home/airflow/.local/lib/python3.7/site-packages/airflow/example_dags/example_subdag_operator.py
[2022-11-23T23:57:58.865+0000] {processor.py:756} INFO - Processing file /home/airflow/.local/lib/python3.7/site-packages/airflow/example_dags/example_subdag_operator.py for tasks to queue
[2022-11-23T23:57:58.866+0000] {logging_mixin.py:137} INFO - [2022-11-23T23:57:58.866+0000] {dagbag.py:537} INFO - Filling up the DagBag from /home/airflow/.local/lib/python3.7/site-packages/airflow/example_dags/example_subdag_operator.py
[2022-11-23T23:57:58.902+0000] {processor.py:766} INFO - DAG(s) dict_keys(['example_subdag_operator.section-1', 'example_subdag_operator.section-2', 'example_subdag_operator']) retrieved from /home/airflow/.local/lib/python3.7/site-packages/airflow/example_dags/example_subdag_operator.py
[2022-11-23T23:57:59.075+0000] {logging_mixin.py:137} INFO - [2022-11-23T23:57:59.074+0000] {dag.py:2585} INFO - Sync 3 DAGs
[2022-11-23T23:57:59.100+0000] {logging_mixin.py:137} INFO - [2022-11-23T23:57:59.099+0000] {dag.py:3340} INFO - Setting next_dagrun for example_subdag_operator to 2022-01-01T00:00:00+00:00, run_after=2022-01-01T00:00:00+00:00
[2022-11-23T23:57:59.102+0000] {logging_mixin.py:137} INFO - [2022-11-23T23:57:59.102+0000] {dag.py:3340} INFO - Setting next_dagrun for example_subdag_operator.section-1 to None, run_after=None
[2022-11-23T23:57:59.104+0000] {logging_mixin.py:137} INFO - [2022-11-23T23:57:59.104+0000] {dag.py:3340} INFO - Setting next_dagrun for example_subdag_operator.section-2 to None, run_after=None
[2022-11-23T23:57:59.112+0000] {logging_mixin.py:137} INFO - [2022-11-23T23:57:59.111+0000] {dag.py:2585} INFO - Sync 2 DAGs
[2022-11-23T23:57:59.118+0000] {logging_mixin.py:137} INFO - [2022-11-23T23:57:59.118+0000] {dag.py:3340} INFO - Setting next_dagrun for example_subdag_operator.section-1 to None, run_after=None
[2022-11-23T23:57:59.118+0000] {logging_mixin.py:137} INFO - [2022-11-23T23:57:59.118+0000] {dag.py:3340} INFO - Setting next_dagrun for example_subdag_operator.section-2 to None, run_after=None
[2022-11-23T23:57:59.132+0000] {processor.py:176} INFO - Processing /home/airflow/.local/lib/python3.7/site-packages/airflow/example_dags/example_subdag_operator.py took 0.271 seconds
