[2022-11-23T23:55:25.123+0000] {processor.py:154} INFO - Started process (PID=78) to work on /home/airflow/.local/lib/python3.7/site-packages/airflow/example_dags/example_branch_datetime_operator.py
[2022-11-23T23:55:25.125+0000] {processor.py:756} INFO - Processing file /home/airflow/.local/lib/python3.7/site-packages/airflow/example_dags/example_branch_datetime_operator.py for tasks to queue
[2022-11-23T23:55:25.126+0000] {logging_mixin.py:137} INFO - [2022-11-23T23:55:25.126+0000] {dagbag.py:537} INFO - Filling up the DagBag from /home/airflow/.local/lib/python3.7/site-packages/airflow/example_dags/example_branch_datetime_operator.py
[2022-11-23T23:55:25.168+0000] {processor.py:766} INFO - DAG(s) dict_keys(['example_branch_datetime_operator_2', 'example_branch_datetime_operator', 'example_branch_datetime_operator_3']) retrieved from /home/airflow/.local/lib/python3.7/site-packages/airflow/example_dags/example_branch_datetime_operator.py
[2022-11-23T23:55:25.209+0000] {logging_mixin.py:137} INFO - [2022-11-23T23:55:25.208+0000] {dag.py:2585} INFO - Sync 3 DAGs
[2022-11-23T23:55:25.258+0000] {logging_mixin.py:137} INFO - [2022-11-23T23:55:25.258+0000] {dag.py:3340} INFO - Setting next_dagrun for example_branch_datetime_operator to 2022-11-22T00:00:00+00:00, run_after=2022-11-23T00:00:00+00:00
[2022-11-23T23:55:25.266+0000] {logging_mixin.py:137} INFO - [2022-11-23T23:55:25.265+0000] {dag.py:3340} INFO - Setting next_dagrun for example_branch_datetime_operator_2 to 2022-11-22T00:00:00+00:00, run_after=2022-11-23T00:00:00+00:00
[2022-11-23T23:55:25.269+0000] {logging_mixin.py:137} INFO - [2022-11-23T23:55:25.269+0000] {dag.py:3340} INFO - Setting next_dagrun for example_branch_datetime_operator_3 to 2022-11-22T00:00:00+00:00, run_after=2022-11-23T00:00:00+00:00
[2022-11-23T23:55:25.296+0000] {processor.py:176} INFO - Processing /home/airflow/.local/lib/python3.7/site-packages/airflow/example_dags/example_branch_datetime_operator.py took 0.179 seconds
[2022-11-23T23:55:55.460+0000] {processor.py:154} INFO - Started process (PID=132) to work on /home/airflow/.local/lib/python3.7/site-packages/airflow/example_dags/example_branch_datetime_operator.py
[2022-11-23T23:55:55.461+0000] {processor.py:756} INFO - Processing file /home/airflow/.local/lib/python3.7/site-packages/airflow/example_dags/example_branch_datetime_operator.py for tasks to queue
[2022-11-23T23:55:55.462+0000] {logging_mixin.py:137} INFO - [2022-11-23T23:55:55.462+0000] {dagbag.py:537} INFO - Filling up the DagBag from /home/airflow/.local/lib/python3.7/site-packages/airflow/example_dags/example_branch_datetime_operator.py
[2022-11-23T23:55:55.483+0000] {processor.py:766} INFO - DAG(s) dict_keys(['example_branch_datetime_operator_2', 'example_branch_datetime_operator_3', 'example_branch_datetime_operator']) retrieved from /home/airflow/.local/lib/python3.7/site-packages/airflow/example_dags/example_branch_datetime_operator.py
[2022-11-23T23:55:55.528+0000] {logging_mixin.py:137} INFO - [2022-11-23T23:55:55.528+0000] {dag.py:2585} INFO - Sync 3 DAGs
[2022-11-23T23:55:55.553+0000] {logging_mixin.py:137} INFO - [2022-11-23T23:55:55.553+0000] {dag.py:3340} INFO - Setting next_dagrun for example_branch_datetime_operator to 2022-11-22T00:00:00+00:00, run_after=2022-11-23T00:00:00+00:00
[2022-11-23T23:55:55.558+0000] {logging_mixin.py:137} INFO - [2022-11-23T23:55:55.558+0000] {dag.py:3340} INFO - Setting next_dagrun for example_branch_datetime_operator_2 to 2022-11-22T00:00:00+00:00, run_after=2022-11-23T00:00:00+00:00
[2022-11-23T23:55:55.562+0000] {logging_mixin.py:137} INFO - [2022-11-23T23:55:55.561+0000] {dag.py:3340} INFO - Setting next_dagrun for example_branch_datetime_operator_3 to 2022-11-22T00:00:00+00:00, run_after=2022-11-23T00:00:00+00:00
[2022-11-23T23:55:55.579+0000] {processor.py:176} INFO - Processing /home/airflow/.local/lib/python3.7/site-packages/airflow/example_dags/example_branch_datetime_operator.py took 0.122 seconds
[2022-11-23T23:56:27.254+0000] {processor.py:154} INFO - Started process (PID=197) to work on /home/airflow/.local/lib/python3.7/site-packages/airflow/example_dags/example_branch_datetime_operator.py
[2022-11-23T23:56:27.255+0000] {processor.py:756} INFO - Processing file /home/airflow/.local/lib/python3.7/site-packages/airflow/example_dags/example_branch_datetime_operator.py for tasks to queue
[2022-11-23T23:56:27.256+0000] {logging_mixin.py:137} INFO - [2022-11-23T23:56:27.256+0000] {dagbag.py:537} INFO - Filling up the DagBag from /home/airflow/.local/lib/python3.7/site-packages/airflow/example_dags/example_branch_datetime_operator.py
[2022-11-23T23:56:27.275+0000] {processor.py:766} INFO - DAG(s) dict_keys(['example_branch_datetime_operator', 'example_branch_datetime_operator_2', 'example_branch_datetime_operator_3']) retrieved from /home/airflow/.local/lib/python3.7/site-packages/airflow/example_dags/example_branch_datetime_operator.py
[2022-11-23T23:56:27.322+0000] {logging_mixin.py:137} INFO - [2022-11-23T23:56:27.322+0000] {dag.py:2585} INFO - Sync 3 DAGs
[2022-11-23T23:56:27.352+0000] {logging_mixin.py:137} INFO - [2022-11-23T23:56:27.352+0000] {dag.py:3340} INFO - Setting next_dagrun for example_branch_datetime_operator to 2022-11-22T00:00:00+00:00, run_after=2022-11-23T00:00:00+00:00
[2022-11-23T23:56:27.357+0000] {logging_mixin.py:137} INFO - [2022-11-23T23:56:27.357+0000] {dag.py:3340} INFO - Setting next_dagrun for example_branch_datetime_operator_2 to 2022-11-22T00:00:00+00:00, run_after=2022-11-23T00:00:00+00:00
[2022-11-23T23:56:27.360+0000] {logging_mixin.py:137} INFO - [2022-11-23T23:56:27.360+0000] {dag.py:3340} INFO - Setting next_dagrun for example_branch_datetime_operator_3 to 2022-11-22T00:00:00+00:00, run_after=2022-11-23T00:00:00+00:00
[2022-11-23T23:56:27.377+0000] {processor.py:176} INFO - Processing /home/airflow/.local/lib/python3.7/site-packages/airflow/example_dags/example_branch_datetime_operator.py took 0.126 seconds
[2022-11-23T23:56:58.327+0000] {processor.py:154} INFO - Started process (PID=261) to work on /home/airflow/.local/lib/python3.7/site-packages/airflow/example_dags/example_branch_datetime_operator.py
[2022-11-23T23:56:58.328+0000] {processor.py:756} INFO - Processing file /home/airflow/.local/lib/python3.7/site-packages/airflow/example_dags/example_branch_datetime_operator.py for tasks to queue
[2022-11-23T23:56:58.329+0000] {logging_mixin.py:137} INFO - [2022-11-23T23:56:58.329+0000] {dagbag.py:537} INFO - Filling up the DagBag from /home/airflow/.local/lib/python3.7/site-packages/airflow/example_dags/example_branch_datetime_operator.py
[2022-11-23T23:56:58.346+0000] {processor.py:766} INFO - DAG(s) dict_keys(['example_branch_datetime_operator_2', 'example_branch_datetime_operator_3', 'example_branch_datetime_operator']) retrieved from /home/airflow/.local/lib/python3.7/site-packages/airflow/example_dags/example_branch_datetime_operator.py
[2022-11-23T23:56:58.395+0000] {logging_mixin.py:137} INFO - [2022-11-23T23:56:58.395+0000] {dag.py:2585} INFO - Sync 3 DAGs
[2022-11-23T23:56:58.420+0000] {logging_mixin.py:137} INFO - [2022-11-23T23:56:58.420+0000] {dag.py:3340} INFO - Setting next_dagrun for example_branch_datetime_operator to 2022-11-22T00:00:00+00:00, run_after=2022-11-23T00:00:00+00:00
[2022-11-23T23:56:58.425+0000] {logging_mixin.py:137} INFO - [2022-11-23T23:56:58.425+0000] {dag.py:3340} INFO - Setting next_dagrun for example_branch_datetime_operator_2 to 2022-11-22T00:00:00+00:00, run_after=2022-11-23T00:00:00+00:00
[2022-11-23T23:56:58.428+0000] {logging_mixin.py:137} INFO - [2022-11-23T23:56:58.428+0000] {dag.py:3340} INFO - Setting next_dagrun for example_branch_datetime_operator_3 to 2022-11-22T00:00:00+00:00, run_after=2022-11-23T00:00:00+00:00
[2022-11-23T23:56:58.447+0000] {processor.py:176} INFO - Processing /home/airflow/.local/lib/python3.7/site-packages/airflow/example_dags/example_branch_datetime_operator.py took 0.122 seconds
[2022-11-23T23:57:29.316+0000] {processor.py:154} INFO - Started process (PID=324) to work on /home/airflow/.local/lib/python3.7/site-packages/airflow/example_dags/example_branch_datetime_operator.py
[2022-11-23T23:57:29.318+0000] {processor.py:756} INFO - Processing file /home/airflow/.local/lib/python3.7/site-packages/airflow/example_dags/example_branch_datetime_operator.py for tasks to queue
[2022-11-23T23:57:29.318+0000] {logging_mixin.py:137} INFO - [2022-11-23T23:57:29.318+0000] {dagbag.py:537} INFO - Filling up the DagBag from /home/airflow/.local/lib/python3.7/site-packages/airflow/example_dags/example_branch_datetime_operator.py
[2022-11-23T23:57:29.338+0000] {processor.py:766} INFO - DAG(s) dict_keys(['example_branch_datetime_operator', 'example_branch_datetime_operator_3', 'example_branch_datetime_operator_2']) retrieved from /home/airflow/.local/lib/python3.7/site-packages/airflow/example_dags/example_branch_datetime_operator.py
[2022-11-23T23:57:29.387+0000] {logging_mixin.py:137} INFO - [2022-11-23T23:57:29.386+0000] {dag.py:2585} INFO - Sync 3 DAGs
[2022-11-23T23:57:29.419+0000] {logging_mixin.py:137} INFO - [2022-11-23T23:57:29.419+0000] {dag.py:3340} INFO - Setting next_dagrun for example_branch_datetime_operator to 2022-11-22T00:00:00+00:00, run_after=2022-11-23T00:00:00+00:00
[2022-11-23T23:57:29.426+0000] {logging_mixin.py:137} INFO - [2022-11-23T23:57:29.426+0000] {dag.py:3340} INFO - Setting next_dagrun for example_branch_datetime_operator_2 to 2022-11-22T00:00:00+00:00, run_after=2022-11-23T00:00:00+00:00
[2022-11-23T23:57:29.429+0000] {logging_mixin.py:137} INFO - [2022-11-23T23:57:29.429+0000] {dag.py:3340} INFO - Setting next_dagrun for example_branch_datetime_operator_3 to 2022-11-22T00:00:00+00:00, run_after=2022-11-23T00:00:00+00:00
[2022-11-23T23:57:29.450+0000] {processor.py:176} INFO - Processing /home/airflow/.local/lib/python3.7/site-packages/airflow/example_dags/example_branch_datetime_operator.py took 0.137 seconds
[2022-11-23T23:58:00.240+0000] {processor.py:154} INFO - Started process (PID=387) to work on /home/airflow/.local/lib/python3.7/site-packages/airflow/example_dags/example_branch_datetime_operator.py
[2022-11-23T23:58:00.241+0000] {processor.py:756} INFO - Processing file /home/airflow/.local/lib/python3.7/site-packages/airflow/example_dags/example_branch_datetime_operator.py for tasks to queue
[2022-11-23T23:58:00.241+0000] {logging_mixin.py:137} INFO - [2022-11-23T23:58:00.241+0000] {dagbag.py:537} INFO - Filling up the DagBag from /home/airflow/.local/lib/python3.7/site-packages/airflow/example_dags/example_branch_datetime_operator.py
[2022-11-23T23:58:00.260+0000] {processor.py:766} INFO - DAG(s) dict_keys(['example_branch_datetime_operator', 'example_branch_datetime_operator_2', 'example_branch_datetime_operator_3']) retrieved from /home/airflow/.local/lib/python3.7/site-packages/airflow/example_dags/example_branch_datetime_operator.py
[2022-11-23T23:58:00.308+0000] {logging_mixin.py:137} INFO - [2022-11-23T23:58:00.307+0000] {dag.py:2585} INFO - Sync 3 DAGs
[2022-11-23T23:58:00.334+0000] {logging_mixin.py:137} INFO - [2022-11-23T23:58:00.333+0000] {dag.py:3340} INFO - Setting next_dagrun for example_branch_datetime_operator to 2022-11-22T00:00:00+00:00, run_after=2022-11-23T00:00:00+00:00
[2022-11-23T23:58:00.341+0000] {logging_mixin.py:137} INFO - [2022-11-23T23:58:00.341+0000] {dag.py:3340} INFO - Setting next_dagrun for example_branch_datetime_operator_2 to 2022-11-22T00:00:00+00:00, run_after=2022-11-23T00:00:00+00:00
[2022-11-23T23:58:00.345+0000] {logging_mixin.py:137} INFO - [2022-11-23T23:58:00.345+0000] {dag.py:3340} INFO - Setting next_dagrun for example_branch_datetime_operator_3 to 2022-11-22T00:00:00+00:00, run_after=2022-11-23T00:00:00+00:00
[2022-11-23T23:58:00.366+0000] {processor.py:176} INFO - Processing /home/airflow/.local/lib/python3.7/site-packages/airflow/example_dags/example_branch_datetime_operator.py took 0.129 seconds
