[2022-11-23T23:55:22.156+0000] {processor.py:154} INFO - Started process (PID=49) to work on /home/airflow/.local/lib/python3.7/site-packages/airflow/example_dags/example_skip_dag.py
[2022-11-23T23:55:22.157+0000] {processor.py:756} INFO - Processing file /home/airflow/.local/lib/python3.7/site-packages/airflow/example_dags/example_skip_dag.py for tasks to queue
[2022-11-23T23:55:22.159+0000] {logging_mixin.py:137} INFO - [2022-11-23T23:55:22.159+0000] {dagbag.py:537} INFO - Filling up the DagBag from /home/airflow/.local/lib/python3.7/site-packages/airflow/example_dags/example_skip_dag.py
[2022-11-23T23:55:22.184+0000] {processor.py:766} INFO - DAG(s) dict_keys(['example_skip_dag']) retrieved from /home/airflow/.local/lib/python3.7/site-packages/airflow/example_dags/example_skip_dag.py
[2022-11-23T23:55:22.223+0000] {logging_mixin.py:137} INFO - [2022-11-23T23:55:22.222+0000] {dag.py:2585} INFO - Sync 1 DAGs
[2022-11-23T23:55:22.266+0000] {logging_mixin.py:137} INFO - [2022-11-23T23:55:22.265+0000] {dag.py:3340} INFO - Setting next_dagrun for example_skip_dag to 2022-11-22T23:55:22.265543+00:00, run_after=2022-11-23T23:55:22.265543+00:00
[2022-11-23T23:55:22.298+0000] {processor.py:176} INFO - Processing /home/airflow/.local/lib/python3.7/site-packages/airflow/example_dags/example_skip_dag.py took 0.146 seconds
[2022-11-23T23:55:52.981+0000] {processor.py:154} INFO - Started process (PID=103) to work on /home/airflow/.local/lib/python3.7/site-packages/airflow/example_dags/example_skip_dag.py
[2022-11-23T23:55:52.982+0000] {processor.py:756} INFO - Processing file /home/airflow/.local/lib/python3.7/site-packages/airflow/example_dags/example_skip_dag.py for tasks to queue
[2022-11-23T23:55:52.983+0000] {logging_mixin.py:137} INFO - [2022-11-23T23:55:52.983+0000] {dagbag.py:537} INFO - Filling up the DagBag from /home/airflow/.local/lib/python3.7/site-packages/airflow/example_dags/example_skip_dag.py
[2022-11-23T23:55:52.998+0000] {processor.py:766} INFO - DAG(s) dict_keys(['example_skip_dag']) retrieved from /home/airflow/.local/lib/python3.7/site-packages/airflow/example_dags/example_skip_dag.py
[2022-11-23T23:55:53.042+0000] {logging_mixin.py:137} INFO - [2022-11-23T23:55:53.042+0000] {dag.py:2585} INFO - Sync 1 DAGs
[2022-11-23T23:55:53.067+0000] {logging_mixin.py:137} INFO - [2022-11-23T23:55:53.067+0000] {dag.py:3340} INFO - Setting next_dagrun for example_skip_dag to 2022-11-22T23:55:53.067220+00:00, run_after=2022-11-23T23:55:53.067220+00:00
[2022-11-23T23:55:53.088+0000] {processor.py:176} INFO - Processing /home/airflow/.local/lib/python3.7/site-packages/airflow/example_dags/example_skip_dag.py took 0.110 seconds
[2022-11-23T23:56:24.560+0000] {processor.py:154} INFO - Started process (PID=168) to work on /home/airflow/.local/lib/python3.7/site-packages/airflow/example_dags/example_skip_dag.py
[2022-11-23T23:56:24.562+0000] {processor.py:756} INFO - Processing file /home/airflow/.local/lib/python3.7/site-packages/airflow/example_dags/example_skip_dag.py for tasks to queue
[2022-11-23T23:56:24.562+0000] {logging_mixin.py:137} INFO - [2022-11-23T23:56:24.562+0000] {dagbag.py:537} INFO - Filling up the DagBag from /home/airflow/.local/lib/python3.7/site-packages/airflow/example_dags/example_skip_dag.py
[2022-11-23T23:56:24.582+0000] {processor.py:766} INFO - DAG(s) dict_keys(['example_skip_dag']) retrieved from /home/airflow/.local/lib/python3.7/site-packages/airflow/example_dags/example_skip_dag.py
[2022-11-23T23:56:24.636+0000] {logging_mixin.py:137} INFO - [2022-11-23T23:56:24.636+0000] {dag.py:2585} INFO - Sync 1 DAGs
[2022-11-23T23:56:24.670+0000] {logging_mixin.py:137} INFO - [2022-11-23T23:56:24.670+0000] {dag.py:3340} INFO - Setting next_dagrun for example_skip_dag to 2022-11-22T23:56:24.669954+00:00, run_after=2022-11-23T23:56:24.669954+00:00
[2022-11-23T23:56:24.692+0000] {processor.py:176} INFO - Processing /home/airflow/.local/lib/python3.7/site-packages/airflow/example_dags/example_skip_dag.py took 0.136 seconds
[2022-11-23T23:56:55.070+0000] {processor.py:154} INFO - Started process (PID=232) to work on /home/airflow/.local/lib/python3.7/site-packages/airflow/example_dags/example_skip_dag.py
[2022-11-23T23:56:55.072+0000] {processor.py:756} INFO - Processing file /home/airflow/.local/lib/python3.7/site-packages/airflow/example_dags/example_skip_dag.py for tasks to queue
[2022-11-23T23:56:55.073+0000] {logging_mixin.py:137} INFO - [2022-11-23T23:56:55.073+0000] {dagbag.py:537} INFO - Filling up the DagBag from /home/airflow/.local/lib/python3.7/site-packages/airflow/example_dags/example_skip_dag.py
[2022-11-23T23:56:55.090+0000] {processor.py:766} INFO - DAG(s) dict_keys(['example_skip_dag']) retrieved from /home/airflow/.local/lib/python3.7/site-packages/airflow/example_dags/example_skip_dag.py
[2022-11-23T23:56:55.136+0000] {logging_mixin.py:137} INFO - [2022-11-23T23:56:55.136+0000] {dag.py:2585} INFO - Sync 1 DAGs
[2022-11-23T23:56:55.165+0000] {logging_mixin.py:137} INFO - [2022-11-23T23:56:55.165+0000] {dag.py:3340} INFO - Setting next_dagrun for example_skip_dag to 2022-11-22T23:56:55.165346+00:00, run_after=2022-11-23T23:56:55.165346+00:00
[2022-11-23T23:56:55.188+0000] {processor.py:176} INFO - Processing /home/airflow/.local/lib/python3.7/site-packages/airflow/example_dags/example_skip_dag.py took 0.122 seconds
[2022-11-23T23:57:25.988+0000] {processor.py:154} INFO - Started process (PID=286) to work on /home/airflow/.local/lib/python3.7/site-packages/airflow/example_dags/example_skip_dag.py
[2022-11-23T23:57:25.989+0000] {processor.py:756} INFO - Processing file /home/airflow/.local/lib/python3.7/site-packages/airflow/example_dags/example_skip_dag.py for tasks to queue
[2022-11-23T23:57:25.990+0000] {logging_mixin.py:137} INFO - [2022-11-23T23:57:25.990+0000] {dagbag.py:537} INFO - Filling up the DagBag from /home/airflow/.local/lib/python3.7/site-packages/airflow/example_dags/example_skip_dag.py
[2022-11-23T23:57:26.004+0000] {processor.py:766} INFO - DAG(s) dict_keys(['example_skip_dag']) retrieved from /home/airflow/.local/lib/python3.7/site-packages/airflow/example_dags/example_skip_dag.py
[2022-11-23T23:57:26.043+0000] {logging_mixin.py:137} INFO - [2022-11-23T23:57:26.043+0000] {dag.py:2585} INFO - Sync 1 DAGs
[2022-11-23T23:57:26.069+0000] {logging_mixin.py:137} INFO - [2022-11-23T23:57:26.068+0000] {dag.py:3340} INFO - Setting next_dagrun for example_skip_dag to 2022-11-22T23:57:26.068554+00:00, run_after=2022-11-23T23:57:26.068554+00:00
[2022-11-23T23:57:26.092+0000] {processor.py:176} INFO - Processing /home/airflow/.local/lib/python3.7/site-packages/airflow/example_dags/example_skip_dag.py took 0.108 seconds
[2022-11-23T23:57:56.997+0000] {processor.py:154} INFO - Started process (PID=349) to work on /home/airflow/.local/lib/python3.7/site-packages/airflow/example_dags/example_skip_dag.py
[2022-11-23T23:57:56.998+0000] {processor.py:756} INFO - Processing file /home/airflow/.local/lib/python3.7/site-packages/airflow/example_dags/example_skip_dag.py for tasks to queue
[2022-11-23T23:57:56.998+0000] {logging_mixin.py:137} INFO - [2022-11-23T23:57:56.998+0000] {dagbag.py:537} INFO - Filling up the DagBag from /home/airflow/.local/lib/python3.7/site-packages/airflow/example_dags/example_skip_dag.py
[2022-11-23T23:57:57.012+0000] {processor.py:766} INFO - DAG(s) dict_keys(['example_skip_dag']) retrieved from /home/airflow/.local/lib/python3.7/site-packages/airflow/example_dags/example_skip_dag.py
[2022-11-23T23:57:57.052+0000] {logging_mixin.py:137} INFO - [2022-11-23T23:57:57.052+0000] {dag.py:2585} INFO - Sync 1 DAGs
[2022-11-23T23:57:57.077+0000] {logging_mixin.py:137} INFO - [2022-11-23T23:57:57.077+0000] {dag.py:3340} INFO - Setting next_dagrun for example_skip_dag to 2022-11-22T23:57:57.076731+00:00, run_after=2022-11-23T23:57:57.076731+00:00
[2022-11-23T23:57:57.097+0000] {processor.py:176} INFO - Processing /home/airflow/.local/lib/python3.7/site-packages/airflow/example_dags/example_skip_dag.py took 0.102 seconds
