[2022-11-23T23:55:25.324+0000] {processor.py:154} INFO - Started process (PID=80) to work on /home/airflow/.local/lib/python3.7/site-packages/airflow/example_dags/example_nested_branch_dag.py
[2022-11-23T23:55:25.326+0000] {processor.py:756} INFO - Processing file /home/airflow/.local/lib/python3.7/site-packages/airflow/example_dags/example_nested_branch_dag.py for tasks to queue
[2022-11-23T23:55:25.327+0000] {logging_mixin.py:137} INFO - [2022-11-23T23:55:25.327+0000] {dagbag.py:537} INFO - Filling up the DagBag from /home/airflow/.local/lib/python3.7/site-packages/airflow/example_dags/example_nested_branch_dag.py
[2022-11-23T23:55:25.378+0000] {processor.py:766} INFO - DAG(s) dict_keys(['example_nested_branch_dag']) retrieved from /home/airflow/.local/lib/python3.7/site-packages/airflow/example_dags/example_nested_branch_dag.py
[2022-11-23T23:55:25.416+0000] {logging_mixin.py:137} INFO - [2022-11-23T23:55:25.415+0000] {dag.py:2585} INFO - Sync 1 DAGs
[2022-11-23T23:55:25.470+0000] {logging_mixin.py:137} INFO - [2022-11-23T23:55:25.470+0000] {dag.py:3340} INFO - Setting next_dagrun for example_nested_branch_dag to 2022-11-22T00:00:00+00:00, run_after=2022-11-23T00:00:00+00:00
[2022-11-23T23:55:25.496+0000] {processor.py:176} INFO - Processing /home/airflow/.local/lib/python3.7/site-packages/airflow/example_dags/example_nested_branch_dag.py took 0.178 seconds
[2022-11-23T23:55:55.598+0000] {processor.py:154} INFO - Started process (PID=134) to work on /home/airflow/.local/lib/python3.7/site-packages/airflow/example_dags/example_nested_branch_dag.py
[2022-11-23T23:55:55.600+0000] {processor.py:756} INFO - Processing file /home/airflow/.local/lib/python3.7/site-packages/airflow/example_dags/example_nested_branch_dag.py for tasks to queue
[2022-11-23T23:55:55.600+0000] {logging_mixin.py:137} INFO - [2022-11-23T23:55:55.600+0000] {dagbag.py:537} INFO - Filling up the DagBag from /home/airflow/.local/lib/python3.7/site-packages/airflow/example_dags/example_nested_branch_dag.py
[2022-11-23T23:55:55.624+0000] {processor.py:766} INFO - DAG(s) dict_keys(['example_nested_branch_dag']) retrieved from /home/airflow/.local/lib/python3.7/site-packages/airflow/example_dags/example_nested_branch_dag.py
[2022-11-23T23:55:55.662+0000] {logging_mixin.py:137} INFO - [2022-11-23T23:55:55.662+0000] {dag.py:2585} INFO - Sync 1 DAGs
[2022-11-23T23:55:55.687+0000] {logging_mixin.py:137} INFO - [2022-11-23T23:55:55.687+0000] {dag.py:3340} INFO - Setting next_dagrun for example_nested_branch_dag to 2022-11-22T00:00:00+00:00, run_after=2022-11-23T00:00:00+00:00
[2022-11-23T23:55:55.707+0000] {processor.py:176} INFO - Processing /home/airflow/.local/lib/python3.7/site-packages/airflow/example_dags/example_nested_branch_dag.py took 0.111 seconds
[2022-11-23T23:56:27.589+0000] {processor.py:154} INFO - Started process (PID=199) to work on /home/airflow/.local/lib/python3.7/site-packages/airflow/example_dags/example_nested_branch_dag.py
[2022-11-23T23:56:27.592+0000] {processor.py:756} INFO - Processing file /home/airflow/.local/lib/python3.7/site-packages/airflow/example_dags/example_nested_branch_dag.py for tasks to queue
[2022-11-23T23:56:27.594+0000] {logging_mixin.py:137} INFO - [2022-11-23T23:56:27.594+0000] {dagbag.py:537} INFO - Filling up the DagBag from /home/airflow/.local/lib/python3.7/site-packages/airflow/example_dags/example_nested_branch_dag.py
[2022-11-23T23:56:27.622+0000] {processor.py:766} INFO - DAG(s) dict_keys(['example_nested_branch_dag']) retrieved from /home/airflow/.local/lib/python3.7/site-packages/airflow/example_dags/example_nested_branch_dag.py
[2022-11-23T23:56:27.673+0000] {logging_mixin.py:137} INFO - [2022-11-23T23:56:27.673+0000] {dag.py:2585} INFO - Sync 1 DAGs
[2022-11-23T23:56:27.707+0000] {logging_mixin.py:137} INFO - [2022-11-23T23:56:27.707+0000] {dag.py:3340} INFO - Setting next_dagrun for example_nested_branch_dag to 2022-11-22T00:00:00+00:00, run_after=2022-11-23T00:00:00+00:00
[2022-11-23T23:56:27.733+0000] {processor.py:176} INFO - Processing /home/airflow/.local/lib/python3.7/site-packages/airflow/example_dags/example_nested_branch_dag.py took 0.149 seconds
[2022-11-23T23:56:58.481+0000] {processor.py:154} INFO - Started process (PID=263) to work on /home/airflow/.local/lib/python3.7/site-packages/airflow/example_dags/example_nested_branch_dag.py
[2022-11-23T23:56:58.482+0000] {processor.py:756} INFO - Processing file /home/airflow/.local/lib/python3.7/site-packages/airflow/example_dags/example_nested_branch_dag.py for tasks to queue
[2022-11-23T23:56:58.482+0000] {logging_mixin.py:137} INFO - [2022-11-23T23:56:58.482+0000] {dagbag.py:537} INFO - Filling up the DagBag from /home/airflow/.local/lib/python3.7/site-packages/airflow/example_dags/example_nested_branch_dag.py
[2022-11-23T23:56:58.506+0000] {processor.py:766} INFO - DAG(s) dict_keys(['example_nested_branch_dag']) retrieved from /home/airflow/.local/lib/python3.7/site-packages/airflow/example_dags/example_nested_branch_dag.py
[2022-11-23T23:56:58.546+0000] {logging_mixin.py:137} INFO - [2022-11-23T23:56:58.546+0000] {dag.py:2585} INFO - Sync 1 DAGs
[2022-11-23T23:56:58.571+0000] {logging_mixin.py:137} INFO - [2022-11-23T23:56:58.571+0000] {dag.py:3340} INFO - Setting next_dagrun for example_nested_branch_dag to 2022-11-22T00:00:00+00:00, run_after=2022-11-23T00:00:00+00:00
[2022-11-23T23:56:58.591+0000] {processor.py:176} INFO - Processing /home/airflow/.local/lib/python3.7/site-packages/airflow/example_dags/example_nested_branch_dag.py took 0.114 seconds
[2022-11-23T23:57:29.643+0000] {processor.py:154} INFO - Started process (PID=326) to work on /home/airflow/.local/lib/python3.7/site-packages/airflow/example_dags/example_nested_branch_dag.py
[2022-11-23T23:57:29.645+0000] {processor.py:756} INFO - Processing file /home/airflow/.local/lib/python3.7/site-packages/airflow/example_dags/example_nested_branch_dag.py for tasks to queue
[2022-11-23T23:57:29.646+0000] {logging_mixin.py:137} INFO - [2022-11-23T23:57:29.645+0000] {dagbag.py:537} INFO - Filling up the DagBag from /home/airflow/.local/lib/python3.7/site-packages/airflow/example_dags/example_nested_branch_dag.py
[2022-11-23T23:57:29.675+0000] {processor.py:766} INFO - DAG(s) dict_keys(['example_nested_branch_dag']) retrieved from /home/airflow/.local/lib/python3.7/site-packages/airflow/example_dags/example_nested_branch_dag.py
[2022-11-23T23:57:29.717+0000] {logging_mixin.py:137} INFO - [2022-11-23T23:57:29.717+0000] {dag.py:2585} INFO - Sync 1 DAGs
[2022-11-23T23:57:29.747+0000] {logging_mixin.py:137} INFO - [2022-11-23T23:57:29.747+0000] {dag.py:3340} INFO - Setting next_dagrun for example_nested_branch_dag to 2022-11-22T00:00:00+00:00, run_after=2022-11-23T00:00:00+00:00
[2022-11-23T23:57:29.772+0000] {processor.py:176} INFO - Processing /home/airflow/.local/lib/python3.7/site-packages/airflow/example_dags/example_nested_branch_dag.py took 0.133 seconds
[2022-11-23T23:58:00.562+0000] {processor.py:154} INFO - Started process (PID=389) to work on /home/airflow/.local/lib/python3.7/site-packages/airflow/example_dags/example_nested_branch_dag.py
[2022-11-23T23:58:00.563+0000] {processor.py:756} INFO - Processing file /home/airflow/.local/lib/python3.7/site-packages/airflow/example_dags/example_nested_branch_dag.py for tasks to queue
[2022-11-23T23:58:00.564+0000] {logging_mixin.py:137} INFO - [2022-11-23T23:58:00.564+0000] {dagbag.py:537} INFO - Filling up the DagBag from /home/airflow/.local/lib/python3.7/site-packages/airflow/example_dags/example_nested_branch_dag.py
[2022-11-23T23:58:00.594+0000] {processor.py:766} INFO - DAG(s) dict_keys(['example_nested_branch_dag']) retrieved from /home/airflow/.local/lib/python3.7/site-packages/airflow/example_dags/example_nested_branch_dag.py
[2022-11-23T23:58:00.641+0000] {logging_mixin.py:137} INFO - [2022-11-23T23:58:00.641+0000] {dag.py:2585} INFO - Sync 1 DAGs
[2022-11-23T23:58:00.673+0000] {logging_mixin.py:137} INFO - [2022-11-23T23:58:00.673+0000] {dag.py:3340} INFO - Setting next_dagrun for example_nested_branch_dag to 2022-11-22T00:00:00+00:00, run_after=2022-11-23T00:00:00+00:00
[2022-11-23T23:58:00.693+0000] {processor.py:176} INFO - Processing /home/airflow/.local/lib/python3.7/site-packages/airflow/example_dags/example_nested_branch_dag.py took 0.135 seconds
