[2022-11-23T23:55:23.093+0000] {processor.py:154} INFO - Started process (PID=57) to work on /home/airflow/.local/lib/python3.7/site-packages/airflow/example_dags/example_xcomargs.py
[2022-11-23T23:55:23.101+0000] {processor.py:756} INFO - Processing file /home/airflow/.local/lib/python3.7/site-packages/airflow/example_dags/example_xcomargs.py for tasks to queue
[2022-11-23T23:55:23.102+0000] {logging_mixin.py:137} INFO - [2022-11-23T23:55:23.102+0000] {dagbag.py:537} INFO - Filling up the DagBag from /home/airflow/.local/lib/python3.7/site-packages/airflow/example_dags/example_xcomargs.py
[2022-11-23T23:55:23.177+0000] {processor.py:766} INFO - DAG(s) dict_keys(['example_xcom_args_with_operators', 'example_xcom_args']) retrieved from /home/airflow/.local/lib/python3.7/site-packages/airflow/example_dags/example_xcomargs.py
[2022-11-23T23:55:23.227+0000] {logging_mixin.py:137} INFO - [2022-11-23T23:55:23.227+0000] {dag.py:2585} INFO - Sync 2 DAGs
[2022-11-23T23:55:23.272+0000] {logging_mixin.py:137} INFO - [2022-11-23T23:55:23.272+0000] {dag.py:3340} INFO - Setting next_dagrun for example_xcom_args to None, run_after=None
[2022-11-23T23:55:23.279+0000] {logging_mixin.py:137} INFO - [2022-11-23T23:55:23.278+0000] {dag.py:3340} INFO - Setting next_dagrun for example_xcom_args_with_operators to None, run_after=None
[2022-11-23T23:55:23.306+0000] {processor.py:176} INFO - Processing /home/airflow/.local/lib/python3.7/site-packages/airflow/example_dags/example_xcomargs.py took 0.229 seconds
[2022-11-23T23:55:53.494+0000] {processor.py:154} INFO - Started process (PID=111) to work on /home/airflow/.local/lib/python3.7/site-packages/airflow/example_dags/example_xcomargs.py
[2022-11-23T23:55:53.496+0000] {processor.py:756} INFO - Processing file /home/airflow/.local/lib/python3.7/site-packages/airflow/example_dags/example_xcomargs.py for tasks to queue
[2022-11-23T23:55:53.497+0000] {logging_mixin.py:137} INFO - [2022-11-23T23:55:53.497+0000] {dagbag.py:537} INFO - Filling up the DagBag from /home/airflow/.local/lib/python3.7/site-packages/airflow/example_dags/example_xcomargs.py
[2022-11-23T23:55:53.525+0000] {processor.py:766} INFO - DAG(s) dict_keys(['example_xcom_args', 'example_xcom_args_with_operators']) retrieved from /home/airflow/.local/lib/python3.7/site-packages/airflow/example_dags/example_xcomargs.py
[2022-11-23T23:55:53.566+0000] {logging_mixin.py:137} INFO - [2022-11-23T23:55:53.566+0000] {dag.py:2585} INFO - Sync 2 DAGs
[2022-11-23T23:55:53.593+0000] {logging_mixin.py:137} INFO - [2022-11-23T23:55:53.593+0000] {dag.py:3340} INFO - Setting next_dagrun for example_xcom_args to None, run_after=None
[2022-11-23T23:55:53.596+0000] {logging_mixin.py:137} INFO - [2022-11-23T23:55:53.596+0000] {dag.py:3340} INFO - Setting next_dagrun for example_xcom_args_with_operators to None, run_after=None
[2022-11-23T23:55:53.614+0000] {processor.py:176} INFO - Processing /home/airflow/.local/lib/python3.7/site-packages/airflow/example_dags/example_xcomargs.py took 0.124 seconds
[2022-11-23T23:56:25.291+0000] {processor.py:154} INFO - Started process (PID=176) to work on /home/airflow/.local/lib/python3.7/site-packages/airflow/example_dags/example_xcomargs.py
[2022-11-23T23:56:25.292+0000] {processor.py:756} INFO - Processing file /home/airflow/.local/lib/python3.7/site-packages/airflow/example_dags/example_xcomargs.py for tasks to queue
[2022-11-23T23:56:25.293+0000] {logging_mixin.py:137} INFO - [2022-11-23T23:56:25.293+0000] {dagbag.py:537} INFO - Filling up the DagBag from /home/airflow/.local/lib/python3.7/site-packages/airflow/example_dags/example_xcomargs.py
[2022-11-23T23:56:25.320+0000] {processor.py:766} INFO - DAG(s) dict_keys(['example_xcom_args', 'example_xcom_args_with_operators']) retrieved from /home/airflow/.local/lib/python3.7/site-packages/airflow/example_dags/example_xcomargs.py
[2022-11-23T23:56:25.404+0000] {logging_mixin.py:137} INFO - [2022-11-23T23:56:25.404+0000] {dag.py:2585} INFO - Sync 2 DAGs
[2022-11-23T23:56:25.432+0000] {logging_mixin.py:137} INFO - [2022-11-23T23:56:25.432+0000] {dag.py:3340} INFO - Setting next_dagrun for example_xcom_args to None, run_after=None
[2022-11-23T23:56:25.436+0000] {logging_mixin.py:137} INFO - [2022-11-23T23:56:25.435+0000] {dag.py:3340} INFO - Setting next_dagrun for example_xcom_args_with_operators to None, run_after=None
[2022-11-23T23:56:25.467+0000] {processor.py:176} INFO - Processing /home/airflow/.local/lib/python3.7/site-packages/airflow/example_dags/example_xcomargs.py took 0.179 seconds
[2022-11-23T23:56:55.660+0000] {processor.py:154} INFO - Started process (PID=240) to work on /home/airflow/.local/lib/python3.7/site-packages/airflow/example_dags/example_xcomargs.py
[2022-11-23T23:56:55.661+0000] {processor.py:756} INFO - Processing file /home/airflow/.local/lib/python3.7/site-packages/airflow/example_dags/example_xcomargs.py for tasks to queue
[2022-11-23T23:56:55.662+0000] {logging_mixin.py:137} INFO - [2022-11-23T23:56:55.662+0000] {dagbag.py:537} INFO - Filling up the DagBag from /home/airflow/.local/lib/python3.7/site-packages/airflow/example_dags/example_xcomargs.py
[2022-11-23T23:56:55.694+0000] {processor.py:766} INFO - DAG(s) dict_keys(['example_xcom_args_with_operators', 'example_xcom_args']) retrieved from /home/airflow/.local/lib/python3.7/site-packages/airflow/example_dags/example_xcomargs.py
[2022-11-23T23:56:55.738+0000] {logging_mixin.py:137} INFO - [2022-11-23T23:56:55.738+0000] {dag.py:2585} INFO - Sync 2 DAGs
[2022-11-23T23:56:55.765+0000] {logging_mixin.py:137} INFO - [2022-11-23T23:56:55.765+0000] {dag.py:3340} INFO - Setting next_dagrun for example_xcom_args to None, run_after=None
[2022-11-23T23:56:55.768+0000] {logging_mixin.py:137} INFO - [2022-11-23T23:56:55.768+0000] {dag.py:3340} INFO - Setting next_dagrun for example_xcom_args_with_operators to None, run_after=None
[2022-11-23T23:56:55.787+0000] {processor.py:176} INFO - Processing /home/airflow/.local/lib/python3.7/site-packages/airflow/example_dags/example_xcomargs.py took 0.132 seconds
[2022-11-23T23:57:26.605+0000] {processor.py:154} INFO - Started process (PID=303) to work on /home/airflow/.local/lib/python3.7/site-packages/airflow/example_dags/example_xcomargs.py
[2022-11-23T23:57:26.606+0000] {processor.py:756} INFO - Processing file /home/airflow/.local/lib/python3.7/site-packages/airflow/example_dags/example_xcomargs.py for tasks to queue
[2022-11-23T23:57:26.607+0000] {logging_mixin.py:137} INFO - [2022-11-23T23:57:26.607+0000] {dagbag.py:537} INFO - Filling up the DagBag from /home/airflow/.local/lib/python3.7/site-packages/airflow/example_dags/example_xcomargs.py
[2022-11-23T23:57:26.630+0000] {processor.py:766} INFO - DAG(s) dict_keys(['example_xcom_args', 'example_xcom_args_with_operators']) retrieved from /home/airflow/.local/lib/python3.7/site-packages/airflow/example_dags/example_xcomargs.py
[2022-11-23T23:57:26.678+0000] {logging_mixin.py:137} INFO - [2022-11-23T23:57:26.677+0000] {dag.py:2585} INFO - Sync 2 DAGs
[2022-11-23T23:57:26.707+0000] {logging_mixin.py:137} INFO - [2022-11-23T23:57:26.707+0000] {dag.py:3340} INFO - Setting next_dagrun for example_xcom_args to None, run_after=None
[2022-11-23T23:57:26.710+0000] {logging_mixin.py:137} INFO - [2022-11-23T23:57:26.710+0000] {dag.py:3340} INFO - Setting next_dagrun for example_xcom_args_with_operators to None, run_after=None
[2022-11-23T23:57:26.732+0000] {processor.py:176} INFO - Processing /home/airflow/.local/lib/python3.7/site-packages/airflow/example_dags/example_xcomargs.py took 0.130 seconds
[2022-11-23T23:57:57.620+0000] {processor.py:154} INFO - Started process (PID=357) to work on /home/airflow/.local/lib/python3.7/site-packages/airflow/example_dags/example_xcomargs.py
[2022-11-23T23:57:57.621+0000] {processor.py:756} INFO - Processing file /home/airflow/.local/lib/python3.7/site-packages/airflow/example_dags/example_xcomargs.py for tasks to queue
[2022-11-23T23:57:57.622+0000] {logging_mixin.py:137} INFO - [2022-11-23T23:57:57.621+0000] {dagbag.py:537} INFO - Filling up the DagBag from /home/airflow/.local/lib/python3.7/site-packages/airflow/example_dags/example_xcomargs.py
[2022-11-23T23:57:57.652+0000] {processor.py:766} INFO - DAG(s) dict_keys(['example_xcom_args', 'example_xcom_args_with_operators']) retrieved from /home/airflow/.local/lib/python3.7/site-packages/airflow/example_dags/example_xcomargs.py
[2022-11-23T23:57:57.705+0000] {logging_mixin.py:137} INFO - [2022-11-23T23:57:57.704+0000] {dag.py:2585} INFO - Sync 2 DAGs
[2022-11-23T23:57:57.738+0000] {logging_mixin.py:137} INFO - [2022-11-23T23:57:57.738+0000] {dag.py:3340} INFO - Setting next_dagrun for example_xcom_args to None, run_after=None
[2022-11-23T23:57:57.742+0000] {logging_mixin.py:137} INFO - [2022-11-23T23:57:57.741+0000] {dag.py:3340} INFO - Setting next_dagrun for example_xcom_args_with_operators to None, run_after=None
[2022-11-23T23:57:57.763+0000] {processor.py:176} INFO - Processing /home/airflow/.local/lib/python3.7/site-packages/airflow/example_dags/example_xcomargs.py took 0.146 seconds
