[2022-11-23T23:55:24.933+0000] {processor.py:154} INFO - Started process (PID=76) to work on /home/airflow/.local/lib/python3.7/site-packages/airflow/example_dags/example_short_circuit_decorator.py
[2022-11-23T23:55:24.934+0000] {processor.py:756} INFO - Processing file /home/airflow/.local/lib/python3.7/site-packages/airflow/example_dags/example_short_circuit_decorator.py for tasks to queue
[2022-11-23T23:55:24.935+0000] {logging_mixin.py:137} INFO - [2022-11-23T23:55:24.935+0000] {dagbag.py:537} INFO - Filling up the DagBag from /home/airflow/.local/lib/python3.7/site-packages/airflow/example_dags/example_short_circuit_decorator.py
[2022-11-23T23:55:24.982+0000] {processor.py:766} INFO - DAG(s) dict_keys(['example_short_circuit_decorator']) retrieved from /home/airflow/.local/lib/python3.7/site-packages/airflow/example_dags/example_short_circuit_decorator.py
[2022-11-23T23:55:25.022+0000] {logging_mixin.py:137} INFO - [2022-11-23T23:55:25.021+0000] {dag.py:2585} INFO - Sync 1 DAGs
[2022-11-23T23:55:25.056+0000] {logging_mixin.py:137} INFO - [2022-11-23T23:55:25.055+0000] {dag.py:3340} INFO - Setting next_dagrun for example_short_circuit_decorator to 2022-11-22T23:55:25.055658+00:00, run_after=2022-11-23T23:55:25.055658+00:00
[2022-11-23T23:55:25.092+0000] {processor.py:176} INFO - Processing /home/airflow/.local/lib/python3.7/site-packages/airflow/example_dags/example_short_circuit_decorator.py took 0.162 seconds
[2022-11-23T23:55:55.126+0000] {processor.py:154} INFO - Started process (PID=130) to work on /home/airflow/.local/lib/python3.7/site-packages/airflow/example_dags/example_short_circuit_decorator.py
[2022-11-23T23:55:55.127+0000] {processor.py:756} INFO - Processing file /home/airflow/.local/lib/python3.7/site-packages/airflow/example_dags/example_short_circuit_decorator.py for tasks to queue
[2022-11-23T23:55:55.128+0000] {logging_mixin.py:137} INFO - [2022-11-23T23:55:55.128+0000] {dagbag.py:537} INFO - Filling up the DagBag from /home/airflow/.local/lib/python3.7/site-packages/airflow/example_dags/example_short_circuit_decorator.py
[2022-11-23T23:55:55.154+0000] {processor.py:766} INFO - DAG(s) dict_keys(['example_short_circuit_decorator']) retrieved from /home/airflow/.local/lib/python3.7/site-packages/airflow/example_dags/example_short_circuit_decorator.py
[2022-11-23T23:55:55.193+0000] {logging_mixin.py:137} INFO - [2022-11-23T23:55:55.193+0000] {dag.py:2585} INFO - Sync 1 DAGs
[2022-11-23T23:55:55.217+0000] {logging_mixin.py:137} INFO - [2022-11-23T23:55:55.217+0000] {dag.py:3340} INFO - Setting next_dagrun for example_short_circuit_decorator to 2022-11-22T23:55:55.217576+00:00, run_after=2022-11-23T23:55:55.217576+00:00
[2022-11-23T23:55:55.238+0000] {processor.py:176} INFO - Processing /home/airflow/.local/lib/python3.7/site-packages/airflow/example_dags/example_short_circuit_decorator.py took 0.115 seconds
[2022-11-23T23:56:27.119+0000] {processor.py:154} INFO - Started process (PID=195) to work on /home/airflow/.local/lib/python3.7/site-packages/airflow/example_dags/example_short_circuit_decorator.py
[2022-11-23T23:56:27.120+0000] {processor.py:756} INFO - Processing file /home/airflow/.local/lib/python3.7/site-packages/airflow/example_dags/example_short_circuit_decorator.py for tasks to queue
[2022-11-23T23:56:27.121+0000] {logging_mixin.py:137} INFO - [2022-11-23T23:56:27.121+0000] {dagbag.py:537} INFO - Filling up the DagBag from /home/airflow/.local/lib/python3.7/site-packages/airflow/example_dags/example_short_circuit_decorator.py
[2022-11-23T23:56:27.148+0000] {processor.py:766} INFO - DAG(s) dict_keys(['example_short_circuit_decorator']) retrieved from /home/airflow/.local/lib/python3.7/site-packages/airflow/example_dags/example_short_circuit_decorator.py
[2022-11-23T23:56:27.189+0000] {logging_mixin.py:137} INFO - [2022-11-23T23:56:27.188+0000] {dag.py:2585} INFO - Sync 1 DAGs
[2022-11-23T23:56:27.215+0000] {logging_mixin.py:137} INFO - [2022-11-23T23:56:27.215+0000] {dag.py:3340} INFO - Setting next_dagrun for example_short_circuit_decorator to 2022-11-22T23:56:27.215030+00:00, run_after=2022-11-23T23:56:27.215030+00:00
[2022-11-23T23:56:27.234+0000] {processor.py:176} INFO - Processing /home/airflow/.local/lib/python3.7/site-packages/airflow/example_dags/example_short_circuit_decorator.py took 0.117 seconds
[2022-11-23T23:56:58.196+0000] {processor.py:154} INFO - Started process (PID=259) to work on /home/airflow/.local/lib/python3.7/site-packages/airflow/example_dags/example_short_circuit_decorator.py
[2022-11-23T23:56:58.197+0000] {processor.py:756} INFO - Processing file /home/airflow/.local/lib/python3.7/site-packages/airflow/example_dags/example_short_circuit_decorator.py for tasks to queue
[2022-11-23T23:56:58.198+0000] {logging_mixin.py:137} INFO - [2022-11-23T23:56:58.198+0000] {dagbag.py:537} INFO - Filling up the DagBag from /home/airflow/.local/lib/python3.7/site-packages/airflow/example_dags/example_short_circuit_decorator.py
[2022-11-23T23:56:58.223+0000] {processor.py:766} INFO - DAG(s) dict_keys(['example_short_circuit_decorator']) retrieved from /home/airflow/.local/lib/python3.7/site-packages/airflow/example_dags/example_short_circuit_decorator.py
[2022-11-23T23:56:58.264+0000] {logging_mixin.py:137} INFO - [2022-11-23T23:56:58.263+0000] {dag.py:2585} INFO - Sync 1 DAGs
[2022-11-23T23:56:58.288+0000] {logging_mixin.py:137} INFO - [2022-11-23T23:56:58.287+0000] {dag.py:3340} INFO - Setting next_dagrun for example_short_circuit_decorator to 2022-11-22T23:56:58.287663+00:00, run_after=2022-11-23T23:56:58.287663+00:00
[2022-11-23T23:56:58.308+0000] {processor.py:176} INFO - Processing /home/airflow/.local/lib/python3.7/site-packages/airflow/example_dags/example_short_circuit_decorator.py took 0.115 seconds
[2022-11-23T23:57:29.165+0000] {processor.py:154} INFO - Started process (PID=322) to work on /home/airflow/.local/lib/python3.7/site-packages/airflow/example_dags/example_short_circuit_decorator.py
[2022-11-23T23:57:29.167+0000] {processor.py:756} INFO - Processing file /home/airflow/.local/lib/python3.7/site-packages/airflow/example_dags/example_short_circuit_decorator.py for tasks to queue
[2022-11-23T23:57:29.167+0000] {logging_mixin.py:137} INFO - [2022-11-23T23:57:29.167+0000] {dagbag.py:537} INFO - Filling up the DagBag from /home/airflow/.local/lib/python3.7/site-packages/airflow/example_dags/example_short_circuit_decorator.py
[2022-11-23T23:57:29.194+0000] {processor.py:766} INFO - DAG(s) dict_keys(['example_short_circuit_decorator']) retrieved from /home/airflow/.local/lib/python3.7/site-packages/airflow/example_dags/example_short_circuit_decorator.py
[2022-11-23T23:57:29.237+0000] {logging_mixin.py:137} INFO - [2022-11-23T23:57:29.237+0000] {dag.py:2585} INFO - Sync 1 DAGs
[2022-11-23T23:57:29.272+0000] {logging_mixin.py:137} INFO - [2022-11-23T23:57:29.272+0000] {dag.py:3340} INFO - Setting next_dagrun for example_short_circuit_decorator to 2022-11-22T23:57:29.271999+00:00, run_after=2022-11-23T23:57:29.271999+00:00
[2022-11-23T23:57:29.294+0000] {processor.py:176} INFO - Processing /home/airflow/.local/lib/python3.7/site-packages/airflow/example_dags/example_short_circuit_decorator.py took 0.132 seconds
[2022-11-23T23:58:00.105+0000] {processor.py:154} INFO - Started process (PID=383) to work on /home/airflow/.local/lib/python3.7/site-packages/airflow/example_dags/example_short_circuit_decorator.py
[2022-11-23T23:58:00.106+0000] {processor.py:756} INFO - Processing file /home/airflow/.local/lib/python3.7/site-packages/airflow/example_dags/example_short_circuit_decorator.py for tasks to queue
[2022-11-23T23:58:00.107+0000] {logging_mixin.py:137} INFO - [2022-11-23T23:58:00.106+0000] {dagbag.py:537} INFO - Filling up the DagBag from /home/airflow/.local/lib/python3.7/site-packages/airflow/example_dags/example_short_circuit_decorator.py
[2022-11-23T23:58:00.130+0000] {processor.py:766} INFO - DAG(s) dict_keys(['example_short_circuit_decorator']) retrieved from /home/airflow/.local/lib/python3.7/site-packages/airflow/example_dags/example_short_circuit_decorator.py
[2022-11-23T23:58:00.169+0000] {logging_mixin.py:137} INFO - [2022-11-23T23:58:00.169+0000] {dag.py:2585} INFO - Sync 1 DAGs
[2022-11-23T23:58:00.195+0000] {logging_mixin.py:137} INFO - [2022-11-23T23:58:00.195+0000] {dag.py:3340} INFO - Setting next_dagrun for example_short_circuit_decorator to 2022-11-22T23:58:00.195503+00:00, run_after=2022-11-23T23:58:00.195503+00:00
[2022-11-23T23:58:00.216+0000] {processor.py:176} INFO - Processing /home/airflow/.local/lib/python3.7/site-packages/airflow/example_dags/example_short_circuit_decorator.py took 0.114 seconds
