[2022-11-23T23:55:21.865+0000] {processor.py:154} INFO - Started process (PID=47) to work on /home/airflow/.local/lib/python3.7/site-packages/airflow/example_dags/example_task_group.py
[2022-11-23T23:55:21.867+0000] {processor.py:756} INFO - Processing file /home/airflow/.local/lib/python3.7/site-packages/airflow/example_dags/example_task_group.py for tasks to queue
[2022-11-23T23:55:21.868+0000] {logging_mixin.py:137} INFO - [2022-11-23T23:55:21.868+0000] {dagbag.py:537} INFO - Filling up the DagBag from /home/airflow/.local/lib/python3.7/site-packages/airflow/example_dags/example_task_group.py
[2022-11-23T23:55:21.926+0000] {processor.py:766} INFO - DAG(s) dict_keys(['example_task_group']) retrieved from /home/airflow/.local/lib/python3.7/site-packages/airflow/example_dags/example_task_group.py
[2022-11-23T23:55:21.991+0000] {logging_mixin.py:137} INFO - [2022-11-23T23:55:21.991+0000] {dag.py:2585} INFO - Sync 1 DAGs
[2022-11-23T23:55:22.079+0000] {logging_mixin.py:137} INFO - [2022-11-23T23:55:22.078+0000] {dag.py:3340} INFO - Setting next_dagrun for example_task_group to 2022-11-22T23:55:22.077641+00:00, run_after=2022-11-23T23:55:22.077641+00:00
[2022-11-23T23:55:22.125+0000] {processor.py:176} INFO - Processing /home/airflow/.local/lib/python3.7/site-packages/airflow/example_dags/example_task_group.py took 0.265 seconds
[2022-11-23T23:55:52.810+0000] {processor.py:154} INFO - Started process (PID=101) to work on /home/airflow/.local/lib/python3.7/site-packages/airflow/example_dags/example_task_group.py
[2022-11-23T23:55:52.811+0000] {processor.py:756} INFO - Processing file /home/airflow/.local/lib/python3.7/site-packages/airflow/example_dags/example_task_group.py for tasks to queue
[2022-11-23T23:55:52.812+0000] {logging_mixin.py:137} INFO - [2022-11-23T23:55:52.812+0000] {dagbag.py:537} INFO - Filling up the DagBag from /home/airflow/.local/lib/python3.7/site-packages/airflow/example_dags/example_task_group.py
[2022-11-23T23:55:52.838+0000] {processor.py:766} INFO - DAG(s) dict_keys(['example_task_group']) retrieved from /home/airflow/.local/lib/python3.7/site-packages/airflow/example_dags/example_task_group.py
[2022-11-23T23:55:52.909+0000] {logging_mixin.py:137} INFO - [2022-11-23T23:55:52.909+0000] {dag.py:2585} INFO - Sync 1 DAGs
[2022-11-23T23:55:52.940+0000] {logging_mixin.py:137} INFO - [2022-11-23T23:55:52.940+0000] {dag.py:3340} INFO - Setting next_dagrun for example_task_group to 2022-11-22T23:55:52.939733+00:00, run_after=2022-11-23T23:55:52.939733+00:00
[2022-11-23T23:55:52.962+0000] {processor.py:176} INFO - Processing /home/airflow/.local/lib/python3.7/site-packages/airflow/example_dags/example_task_group.py took 0.155 seconds
[2022-11-23T23:56:23.872+0000] {processor.py:154} INFO - Started process (PID=166) to work on /home/airflow/.local/lib/python3.7/site-packages/airflow/example_dags/example_task_group.py
[2022-11-23T23:56:23.874+0000] {processor.py:756} INFO - Processing file /home/airflow/.local/lib/python3.7/site-packages/airflow/example_dags/example_task_group.py for tasks to queue
[2022-11-23T23:56:23.875+0000] {logging_mixin.py:137} INFO - [2022-11-23T23:56:23.875+0000] {dagbag.py:537} INFO - Filling up the DagBag from /home/airflow/.local/lib/python3.7/site-packages/airflow/example_dags/example_task_group.py
[2022-11-23T23:56:24.189+0000] {processor.py:766} INFO - DAG(s) dict_keys(['example_task_group']) retrieved from /home/airflow/.local/lib/python3.7/site-packages/airflow/example_dags/example_task_group.py
[2022-11-23T23:56:24.317+0000] {logging_mixin.py:137} INFO - [2022-11-23T23:56:24.317+0000] {dag.py:2585} INFO - Sync 1 DAGs
[2022-11-23T23:56:24.446+0000] {logging_mixin.py:137} INFO - [2022-11-23T23:56:24.446+0000] {dag.py:3340} INFO - Setting next_dagrun for example_task_group to 2022-11-22T23:56:24.408832+00:00, run_after=2022-11-23T23:56:24.408832+00:00
[2022-11-23T23:56:24.533+0000] {processor.py:176} INFO - Processing /home/airflow/.local/lib/python3.7/site-packages/airflow/example_dags/example_task_group.py took 0.667 seconds
[2022-11-23T23:56:54.913+0000] {processor.py:154} INFO - Started process (PID=230) to work on /home/airflow/.local/lib/python3.7/site-packages/airflow/example_dags/example_task_group.py
[2022-11-23T23:56:54.917+0000] {processor.py:756} INFO - Processing file /home/airflow/.local/lib/python3.7/site-packages/airflow/example_dags/example_task_group.py for tasks to queue
[2022-11-23T23:56:54.918+0000] {logging_mixin.py:137} INFO - [2022-11-23T23:56:54.918+0000] {dagbag.py:537} INFO - Filling up the DagBag from /home/airflow/.local/lib/python3.7/site-packages/airflow/example_dags/example_task_group.py
[2022-11-23T23:56:54.936+0000] {processor.py:766} INFO - DAG(s) dict_keys(['example_task_group']) retrieved from /home/airflow/.local/lib/python3.7/site-packages/airflow/example_dags/example_task_group.py
[2022-11-23T23:56:54.980+0000] {logging_mixin.py:137} INFO - [2022-11-23T23:56:54.980+0000] {dag.py:2585} INFO - Sync 1 DAGs
[2022-11-23T23:56:55.025+0000] {logging_mixin.py:137} INFO - [2022-11-23T23:56:55.025+0000] {dag.py:3340} INFO - Setting next_dagrun for example_task_group to 2022-11-22T23:56:55.024776+00:00, run_after=2022-11-23T23:56:55.024776+00:00
[2022-11-23T23:56:55.049+0000] {processor.py:176} INFO - Processing /home/airflow/.local/lib/python3.7/site-packages/airflow/example_dags/example_task_group.py took 0.139 seconds
[2022-11-23T23:57:25.860+0000] {processor.py:154} INFO - Started process (PID=284) to work on /home/airflow/.local/lib/python3.7/site-packages/airflow/example_dags/example_task_group.py
[2022-11-23T23:57:25.862+0000] {processor.py:756} INFO - Processing file /home/airflow/.local/lib/python3.7/site-packages/airflow/example_dags/example_task_group.py for tasks to queue
[2022-11-23T23:57:25.863+0000] {logging_mixin.py:137} INFO - [2022-11-23T23:57:25.863+0000] {dagbag.py:537} INFO - Filling up the DagBag from /home/airflow/.local/lib/python3.7/site-packages/airflow/example_dags/example_task_group.py
[2022-11-23T23:57:25.883+0000] {processor.py:766} INFO - DAG(s) dict_keys(['example_task_group']) retrieved from /home/airflow/.local/lib/python3.7/site-packages/airflow/example_dags/example_task_group.py
[2022-11-23T23:57:25.923+0000] {logging_mixin.py:137} INFO - [2022-11-23T23:57:25.923+0000] {dag.py:2585} INFO - Sync 1 DAGs
[2022-11-23T23:57:25.948+0000] {logging_mixin.py:137} INFO - [2022-11-23T23:57:25.948+0000] {dag.py:3340} INFO - Setting next_dagrun for example_task_group to 2022-11-22T23:57:25.948011+00:00, run_after=2022-11-23T23:57:25.948011+00:00
[2022-11-23T23:57:25.968+0000] {processor.py:176} INFO - Processing /home/airflow/.local/lib/python3.7/site-packages/airflow/example_dags/example_task_group.py took 0.113 seconds
[2022-11-23T23:57:56.876+0000] {processor.py:154} INFO - Started process (PID=347) to work on /home/airflow/.local/lib/python3.7/site-packages/airflow/example_dags/example_task_group.py
[2022-11-23T23:57:56.876+0000] {processor.py:756} INFO - Processing file /home/airflow/.local/lib/python3.7/site-packages/airflow/example_dags/example_task_group.py for tasks to queue
[2022-11-23T23:57:56.877+0000] {logging_mixin.py:137} INFO - [2022-11-23T23:57:56.877+0000] {dagbag.py:537} INFO - Filling up the DagBag from /home/airflow/.local/lib/python3.7/site-packages/airflow/example_dags/example_task_group.py
[2022-11-23T23:57:56.894+0000] {processor.py:766} INFO - DAG(s) dict_keys(['example_task_group']) retrieved from /home/airflow/.local/lib/python3.7/site-packages/airflow/example_dags/example_task_group.py
[2022-11-23T23:57:56.934+0000] {logging_mixin.py:137} INFO - [2022-11-23T23:57:56.934+0000] {dag.py:2585} INFO - Sync 1 DAGs
[2022-11-23T23:57:56.959+0000] {logging_mixin.py:137} INFO - [2022-11-23T23:57:56.959+0000] {dag.py:3340} INFO - Setting next_dagrun for example_task_group to 2022-11-22T23:57:56.958920+00:00, run_after=2022-11-23T23:57:56.958920+00:00
[2022-11-23T23:57:56.979+0000] {processor.py:176} INFO - Processing /home/airflow/.local/lib/python3.7/site-packages/airflow/example_dags/example_task_group.py took 0.107 seconds
