[2022-11-23T23:55:22.576+0000] {processor.py:154} INFO - Started process (PID=53) to work on /home/airflow/.local/lib/python3.7/site-packages/airflow/example_dags/tutorial_dag.py
[2022-11-23T23:55:22.577+0000] {processor.py:756} INFO - Processing file /home/airflow/.local/lib/python3.7/site-packages/airflow/example_dags/tutorial_dag.py for tasks to queue
[2022-11-23T23:55:22.579+0000] {logging_mixin.py:137} INFO - [2022-11-23T23:55:22.578+0000] {dagbag.py:537} INFO - Filling up the DagBag from /home/airflow/.local/lib/python3.7/site-packages/airflow/example_dags/tutorial_dag.py
[2022-11-23T23:55:22.606+0000] {processor.py:766} INFO - DAG(s) dict_keys(['tutorial_dag']) retrieved from /home/airflow/.local/lib/python3.7/site-packages/airflow/example_dags/tutorial_dag.py
[2022-11-23T23:55:22.651+0000] {logging_mixin.py:137} INFO - [2022-11-23T23:55:22.651+0000] {dag.py:2585} INFO - Sync 1 DAGs
[2022-11-23T23:55:22.709+0000] {logging_mixin.py:137} INFO - [2022-11-23T23:55:22.709+0000] {dag.py:3340} INFO - Setting next_dagrun for tutorial_dag to None, run_after=None
[2022-11-23T23:55:22.747+0000] {processor.py:176} INFO - Processing /home/airflow/.local/lib/python3.7/site-packages/airflow/example_dags/tutorial_dag.py took 0.180 seconds
[2022-11-23T23:55:53.238+0000] {processor.py:154} INFO - Started process (PID=107) to work on /home/airflow/.local/lib/python3.7/site-packages/airflow/example_dags/tutorial_dag.py
[2022-11-23T23:55:53.239+0000] {processor.py:756} INFO - Processing file /home/airflow/.local/lib/python3.7/site-packages/airflow/example_dags/tutorial_dag.py for tasks to queue
[2022-11-23T23:55:53.240+0000] {logging_mixin.py:137} INFO - [2022-11-23T23:55:53.240+0000] {dagbag.py:537} INFO - Filling up the DagBag from /home/airflow/.local/lib/python3.7/site-packages/airflow/example_dags/tutorial_dag.py
[2022-11-23T23:55:53.253+0000] {processor.py:766} INFO - DAG(s) dict_keys(['tutorial_dag']) retrieved from /home/airflow/.local/lib/python3.7/site-packages/airflow/example_dags/tutorial_dag.py
[2022-11-23T23:55:53.294+0000] {logging_mixin.py:137} INFO - [2022-11-23T23:55:53.294+0000] {dag.py:2585} INFO - Sync 1 DAGs
[2022-11-23T23:55:53.319+0000] {logging_mixin.py:137} INFO - [2022-11-23T23:55:53.319+0000] {dag.py:3340} INFO - Setting next_dagrun for tutorial_dag to None, run_after=None
[2022-11-23T23:55:53.343+0000] {processor.py:176} INFO - Processing /home/airflow/.local/lib/python3.7/site-packages/airflow/example_dags/tutorial_dag.py took 0.108 seconds
[2022-11-23T23:56:24.843+0000] {processor.py:154} INFO - Started process (PID=172) to work on /home/airflow/.local/lib/python3.7/site-packages/airflow/example_dags/tutorial_dag.py
[2022-11-23T23:56:24.844+0000] {processor.py:756} INFO - Processing file /home/airflow/.local/lib/python3.7/site-packages/airflow/example_dags/tutorial_dag.py for tasks to queue
[2022-11-23T23:56:24.845+0000] {logging_mixin.py:137} INFO - [2022-11-23T23:56:24.844+0000] {dagbag.py:537} INFO - Filling up the DagBag from /home/airflow/.local/lib/python3.7/site-packages/airflow/example_dags/tutorial_dag.py
[2022-11-23T23:56:24.863+0000] {processor.py:766} INFO - DAG(s) dict_keys(['tutorial_dag']) retrieved from /home/airflow/.local/lib/python3.7/site-packages/airflow/example_dags/tutorial_dag.py
[2022-11-23T23:56:24.910+0000] {logging_mixin.py:137} INFO - [2022-11-23T23:56:24.910+0000] {dag.py:2585} INFO - Sync 1 DAGs
[2022-11-23T23:56:24.941+0000] {logging_mixin.py:137} INFO - [2022-11-23T23:56:24.940+0000] {dag.py:3340} INFO - Setting next_dagrun for tutorial_dag to None, run_after=None
[2022-11-23T23:56:24.966+0000] {processor.py:176} INFO - Processing /home/airflow/.local/lib/python3.7/site-packages/airflow/example_dags/tutorial_dag.py took 0.127 seconds
[2022-11-23T23:56:55.346+0000] {processor.py:154} INFO - Started process (PID=236) to work on /home/airflow/.local/lib/python3.7/site-packages/airflow/example_dags/tutorial_dag.py
[2022-11-23T23:56:55.348+0000] {processor.py:756} INFO - Processing file /home/airflow/.local/lib/python3.7/site-packages/airflow/example_dags/tutorial_dag.py for tasks to queue
[2022-11-23T23:56:55.348+0000] {logging_mixin.py:137} INFO - [2022-11-23T23:56:55.348+0000] {dagbag.py:537} INFO - Filling up the DagBag from /home/airflow/.local/lib/python3.7/site-packages/airflow/example_dags/tutorial_dag.py
[2022-11-23T23:56:55.362+0000] {processor.py:766} INFO - DAG(s) dict_keys(['tutorial_dag']) retrieved from /home/airflow/.local/lib/python3.7/site-packages/airflow/example_dags/tutorial_dag.py
[2022-11-23T23:56:55.407+0000] {logging_mixin.py:137} INFO - [2022-11-23T23:56:55.407+0000] {dag.py:2585} INFO - Sync 1 DAGs
[2022-11-23T23:56:55.439+0000] {logging_mixin.py:137} INFO - [2022-11-23T23:56:55.439+0000] {dag.py:3340} INFO - Setting next_dagrun for tutorial_dag to None, run_after=None
[2022-11-23T23:56:55.463+0000] {processor.py:176} INFO - Processing /home/airflow/.local/lib/python3.7/site-packages/airflow/example_dags/tutorial_dag.py took 0.119 seconds
[2022-11-23T23:57:26.335+0000] {processor.py:154} INFO - Started process (PID=297) to work on /home/airflow/.local/lib/python3.7/site-packages/airflow/example_dags/tutorial_dag.py
[2022-11-23T23:57:26.336+0000] {processor.py:756} INFO - Processing file /home/airflow/.local/lib/python3.7/site-packages/airflow/example_dags/tutorial_dag.py for tasks to queue
[2022-11-23T23:57:26.337+0000] {logging_mixin.py:137} INFO - [2022-11-23T23:57:26.337+0000] {dagbag.py:537} INFO - Filling up the DagBag from /home/airflow/.local/lib/python3.7/site-packages/airflow/example_dags/tutorial_dag.py
[2022-11-23T23:57:26.352+0000] {processor.py:766} INFO - DAG(s) dict_keys(['tutorial_dag']) retrieved from /home/airflow/.local/lib/python3.7/site-packages/airflow/example_dags/tutorial_dag.py
[2022-11-23T23:57:26.401+0000] {logging_mixin.py:137} INFO - [2022-11-23T23:57:26.401+0000] {dag.py:2585} INFO - Sync 1 DAGs
[2022-11-23T23:57:26.428+0000] {logging_mixin.py:137} INFO - [2022-11-23T23:57:26.428+0000] {dag.py:3340} INFO - Setting next_dagrun for tutorial_dag to None, run_after=None
[2022-11-23T23:57:26.449+0000] {processor.py:176} INFO - Processing /home/airflow/.local/lib/python3.7/site-packages/airflow/example_dags/tutorial_dag.py took 0.118 seconds
[2022-11-23T23:57:57.239+0000] {processor.py:154} INFO - Started process (PID=353) to work on /home/airflow/.local/lib/python3.7/site-packages/airflow/example_dags/tutorial_dag.py
[2022-11-23T23:57:57.240+0000] {processor.py:756} INFO - Processing file /home/airflow/.local/lib/python3.7/site-packages/airflow/example_dags/tutorial_dag.py for tasks to queue
[2022-11-23T23:57:57.241+0000] {logging_mixin.py:137} INFO - [2022-11-23T23:57:57.241+0000] {dagbag.py:537} INFO - Filling up the DagBag from /home/airflow/.local/lib/python3.7/site-packages/airflow/example_dags/tutorial_dag.py
[2022-11-23T23:57:57.253+0000] {processor.py:766} INFO - DAG(s) dict_keys(['tutorial_dag']) retrieved from /home/airflow/.local/lib/python3.7/site-packages/airflow/example_dags/tutorial_dag.py
[2022-11-23T23:57:57.294+0000] {logging_mixin.py:137} INFO - [2022-11-23T23:57:57.294+0000] {dag.py:2585} INFO - Sync 1 DAGs
[2022-11-23T23:57:57.319+0000] {logging_mixin.py:137} INFO - [2022-11-23T23:57:57.318+0000] {dag.py:3340} INFO - Setting next_dagrun for tutorial_dag to None, run_after=None
[2022-11-23T23:57:57.343+0000] {processor.py:176} INFO - Processing /home/airflow/.local/lib/python3.7/site-packages/airflow/example_dags/tutorial_dag.py took 0.108 seconds
