[2022-11-23T23:55:24.858+0000] {processor.py:154} INFO - Started process (PID=75) to work on /home/airflow/.local/lib/python3.7/site-packages/airflow/example_dags/tutorial.py
[2022-11-23T23:55:24.858+0000] {processor.py:756} INFO - Processing file /home/airflow/.local/lib/python3.7/site-packages/airflow/example_dags/tutorial.py for tasks to queue
[2022-11-23T23:55:24.859+0000] {logging_mixin.py:137} INFO - [2022-11-23T23:55:24.859+0000] {dagbag.py:537} INFO - Filling up the DagBag from /home/airflow/.local/lib/python3.7/site-packages/airflow/example_dags/tutorial.py
[2022-11-23T23:55:24.876+0000] {processor.py:766} INFO - DAG(s) dict_keys(['tutorial']) retrieved from /home/airflow/.local/lib/python3.7/site-packages/airflow/example_dags/tutorial.py
[2022-11-23T23:55:24.911+0000] {logging_mixin.py:137} INFO - [2022-11-23T23:55:24.911+0000] {dag.py:2585} INFO - Sync 1 DAGs
[2022-11-23T23:55:24.949+0000] {logging_mixin.py:137} INFO - [2022-11-23T23:55:24.949+0000] {dag.py:3340} INFO - Setting next_dagrun for tutorial to 2022-11-22T23:55:24.948911+00:00, run_after=2022-11-23T23:55:24.948911+00:00
[2022-11-23T23:55:24.981+0000] {processor.py:176} INFO - Processing /home/airflow/.local/lib/python3.7/site-packages/airflow/example_dags/tutorial.py took 0.126 seconds
[2022-11-23T23:55:55.065+0000] {processor.py:154} INFO - Started process (PID=129) to work on /home/airflow/.local/lib/python3.7/site-packages/airflow/example_dags/tutorial.py
[2022-11-23T23:55:55.067+0000] {processor.py:756} INFO - Processing file /home/airflow/.local/lib/python3.7/site-packages/airflow/example_dags/tutorial.py for tasks to queue
[2022-11-23T23:55:55.067+0000] {logging_mixin.py:137} INFO - [2022-11-23T23:55:55.067+0000] {dagbag.py:537} INFO - Filling up the DagBag from /home/airflow/.local/lib/python3.7/site-packages/airflow/example_dags/tutorial.py
[2022-11-23T23:55:55.083+0000] {processor.py:766} INFO - DAG(s) dict_keys(['tutorial']) retrieved from /home/airflow/.local/lib/python3.7/site-packages/airflow/example_dags/tutorial.py
[2022-11-23T23:55:55.124+0000] {logging_mixin.py:137} INFO - [2022-11-23T23:55:55.124+0000] {dag.py:2585} INFO - Sync 1 DAGs
[2022-11-23T23:55:55.151+0000] {logging_mixin.py:137} INFO - [2022-11-23T23:55:55.150+0000] {dag.py:3340} INFO - Setting next_dagrun for tutorial to 2022-11-22T23:55:55.150612+00:00, run_after=2022-11-23T23:55:55.150612+00:00
[2022-11-23T23:55:55.171+0000] {processor.py:176} INFO - Processing /home/airflow/.local/lib/python3.7/site-packages/airflow/example_dags/tutorial.py took 0.109 seconds
[2022-11-23T23:56:26.984+0000] {processor.py:154} INFO - Started process (PID=194) to work on /home/airflow/.local/lib/python3.7/site-packages/airflow/example_dags/tutorial.py
[2022-11-23T23:56:26.985+0000] {processor.py:756} INFO - Processing file /home/airflow/.local/lib/python3.7/site-packages/airflow/example_dags/tutorial.py for tasks to queue
[2022-11-23T23:56:26.986+0000] {logging_mixin.py:137} INFO - [2022-11-23T23:56:26.986+0000] {dagbag.py:537} INFO - Filling up the DagBag from /home/airflow/.local/lib/python3.7/site-packages/airflow/example_dags/tutorial.py
[2022-11-23T23:56:27.004+0000] {processor.py:766} INFO - DAG(s) dict_keys(['tutorial']) retrieved from /home/airflow/.local/lib/python3.7/site-packages/airflow/example_dags/tutorial.py
[2022-11-23T23:56:27.051+0000] {logging_mixin.py:137} INFO - [2022-11-23T23:56:27.050+0000] {dag.py:2585} INFO - Sync 1 DAGs
[2022-11-23T23:56:27.080+0000] {logging_mixin.py:137} INFO - [2022-11-23T23:56:27.080+0000] {dag.py:3340} INFO - Setting next_dagrun for tutorial to 2022-11-22T23:56:27.080429+00:00, run_after=2022-11-23T23:56:27.080429+00:00
[2022-11-23T23:56:27.100+0000] {processor.py:176} INFO - Processing /home/airflow/.local/lib/python3.7/site-packages/airflow/example_dags/tutorial.py took 0.119 seconds
[2022-11-23T23:56:58.091+0000] {processor.py:154} INFO - Started process (PID=258) to work on /home/airflow/.local/lib/python3.7/site-packages/airflow/example_dags/tutorial.py
[2022-11-23T23:56:58.092+0000] {processor.py:756} INFO - Processing file /home/airflow/.local/lib/python3.7/site-packages/airflow/example_dags/tutorial.py for tasks to queue
[2022-11-23T23:56:58.093+0000] {logging_mixin.py:137} INFO - [2022-11-23T23:56:58.093+0000] {dagbag.py:537} INFO - Filling up the DagBag from /home/airflow/.local/lib/python3.7/site-packages/airflow/example_dags/tutorial.py
[2022-11-23T23:56:58.108+0000] {processor.py:766} INFO - DAG(s) dict_keys(['tutorial']) retrieved from /home/airflow/.local/lib/python3.7/site-packages/airflow/example_dags/tutorial.py
[2022-11-23T23:56:58.147+0000] {logging_mixin.py:137} INFO - [2022-11-23T23:56:58.147+0000] {dag.py:2585} INFO - Sync 1 DAGs
[2022-11-23T23:56:58.172+0000] {logging_mixin.py:137} INFO - [2022-11-23T23:56:58.172+0000] {dag.py:3340} INFO - Setting next_dagrun for tutorial to 2022-11-22T23:56:58.171919+00:00, run_after=2022-11-23T23:56:58.171919+00:00
[2022-11-23T23:56:58.194+0000] {processor.py:176} INFO - Processing /home/airflow/.local/lib/python3.7/site-packages/airflow/example_dags/tutorial.py took 0.106 seconds
[2022-11-23T23:57:29.058+0000] {processor.py:154} INFO - Started process (PID=321) to work on /home/airflow/.local/lib/python3.7/site-packages/airflow/example_dags/tutorial.py
[2022-11-23T23:57:29.059+0000] {processor.py:756} INFO - Processing file /home/airflow/.local/lib/python3.7/site-packages/airflow/example_dags/tutorial.py for tasks to queue
[2022-11-23T23:57:29.060+0000] {logging_mixin.py:137} INFO - [2022-11-23T23:57:29.060+0000] {dagbag.py:537} INFO - Filling up the DagBag from /home/airflow/.local/lib/python3.7/site-packages/airflow/example_dags/tutorial.py
[2022-11-23T23:57:29.075+0000] {processor.py:766} INFO - DAG(s) dict_keys(['tutorial']) retrieved from /home/airflow/.local/lib/python3.7/site-packages/airflow/example_dags/tutorial.py
[2022-11-23T23:57:29.116+0000] {logging_mixin.py:137} INFO - [2022-11-23T23:57:29.116+0000] {dag.py:2585} INFO - Sync 1 DAGs
[2022-11-23T23:57:29.145+0000] {logging_mixin.py:137} INFO - [2022-11-23T23:57:29.145+0000] {dag.py:3340} INFO - Setting next_dagrun for tutorial to 2022-11-22T23:57:29.145326+00:00, run_after=2022-11-23T23:57:29.145326+00:00
[2022-11-23T23:57:29.168+0000] {processor.py:176} INFO - Processing /home/airflow/.local/lib/python3.7/site-packages/airflow/example_dags/tutorial.py took 0.113 seconds
[2022-11-23T23:57:59.952+0000] {processor.py:154} INFO - Started process (PID=375) to work on /home/airflow/.local/lib/python3.7/site-packages/airflow/example_dags/tutorial.py
[2022-11-23T23:57:59.953+0000] {processor.py:756} INFO - Processing file /home/airflow/.local/lib/python3.7/site-packages/airflow/example_dags/tutorial.py for tasks to queue
[2022-11-23T23:57:59.955+0000] {logging_mixin.py:137} INFO - [2022-11-23T23:57:59.954+0000] {dagbag.py:537} INFO - Filling up the DagBag from /home/airflow/.local/lib/python3.7/site-packages/airflow/example_dags/tutorial.py
[2022-11-23T23:57:59.969+0000] {processor.py:766} INFO - DAG(s) dict_keys(['tutorial']) retrieved from /home/airflow/.local/lib/python3.7/site-packages/airflow/example_dags/tutorial.py
[2022-11-23T23:58:00.036+0000] {logging_mixin.py:137} INFO - [2022-11-23T23:58:00.036+0000] {dag.py:2585} INFO - Sync 1 DAGs
[2022-11-23T23:58:00.064+0000] {logging_mixin.py:137} INFO - [2022-11-23T23:58:00.063+0000] {dag.py:3340} INFO - Setting next_dagrun for tutorial to 2022-11-22T23:58:00.063571+00:00, run_after=2022-11-23T23:58:00.063571+00:00
[2022-11-23T23:58:00.087+0000] {processor.py:176} INFO - Processing /home/airflow/.local/lib/python3.7/site-packages/airflow/example_dags/tutorial.py took 0.139 seconds
