[2022-11-23T23:55:22.895+0000] {processor.py:154} INFO - Started process (PID=56) to work on /home/airflow/.local/lib/python3.7/site-packages/airflow/example_dags/tutorial_taskflow_api_virtualenv.py
[2022-11-23T23:55:22.896+0000] {processor.py:756} INFO - Processing file /home/airflow/.local/lib/python3.7/site-packages/airflow/example_dags/tutorial_taskflow_api_virtualenv.py for tasks to queue
[2022-11-23T23:55:22.898+0000] {logging_mixin.py:137} INFO - [2022-11-23T23:55:22.897+0000] {dagbag.py:537} INFO - Filling up the DagBag from /home/airflow/.local/lib/python3.7/site-packages/airflow/example_dags/tutorial_taskflow_api_virtualenv.py
[2022-11-23T23:55:22.973+0000] {processor.py:766} INFO - DAG(s) dict_keys(['tutorial_taskflow_api_virtualenv']) retrieved from /home/airflow/.local/lib/python3.7/site-packages/airflow/example_dags/tutorial_taskflow_api_virtualenv.py
[2022-11-23T23:55:23.069+0000] {logging_mixin.py:137} INFO - [2022-11-23T23:55:23.068+0000] {dag.py:2585} INFO - Sync 1 DAGs
[2022-11-23T23:55:23.152+0000] {logging_mixin.py:137} INFO - [2022-11-23T23:55:23.151+0000] {dag.py:3340} INFO - Setting next_dagrun for tutorial_taskflow_api_virtualenv to None, run_after=None
[2022-11-23T23:55:23.190+0000] {processor.py:176} INFO - Processing /home/airflow/.local/lib/python3.7/site-packages/airflow/example_dags/tutorial_taskflow_api_virtualenv.py took 0.304 seconds
[2022-11-23T23:55:53.434+0000] {processor.py:154} INFO - Started process (PID=110) to work on /home/airflow/.local/lib/python3.7/site-packages/airflow/example_dags/tutorial_taskflow_api_virtualenv.py
[2022-11-23T23:55:53.435+0000] {processor.py:756} INFO - Processing file /home/airflow/.local/lib/python3.7/site-packages/airflow/example_dags/tutorial_taskflow_api_virtualenv.py for tasks to queue
[2022-11-23T23:55:53.435+0000] {logging_mixin.py:137} INFO - [2022-11-23T23:55:53.435+0000] {dagbag.py:537} INFO - Filling up the DagBag from /home/airflow/.local/lib/python3.7/site-packages/airflow/example_dags/tutorial_taskflow_api_virtualenv.py
[2022-11-23T23:55:53.459+0000] {processor.py:766} INFO - DAG(s) dict_keys(['tutorial_taskflow_api_virtualenv']) retrieved from /home/airflow/.local/lib/python3.7/site-packages/airflow/example_dags/tutorial_taskflow_api_virtualenv.py
[2022-11-23T23:55:53.499+0000] {logging_mixin.py:137} INFO - [2022-11-23T23:55:53.499+0000] {dag.py:2585} INFO - Sync 1 DAGs
[2022-11-23T23:55:53.527+0000] {logging_mixin.py:137} INFO - [2022-11-23T23:55:53.527+0000] {dag.py:3340} INFO - Setting next_dagrun for tutorial_taskflow_api_virtualenv to None, run_after=None
[2022-11-23T23:55:53.546+0000] {processor.py:176} INFO - Processing /home/airflow/.local/lib/python3.7/site-packages/airflow/example_dags/tutorial_taskflow_api_virtualenv.py took 0.116 seconds
[2022-11-23T23:56:25.129+0000] {processor.py:154} INFO - Started process (PID=175) to work on /home/airflow/.local/lib/python3.7/site-packages/airflow/example_dags/tutorial_taskflow_api_virtualenv.py
[2022-11-23T23:56:25.132+0000] {processor.py:756} INFO - Processing file /home/airflow/.local/lib/python3.7/site-packages/airflow/example_dags/tutorial_taskflow_api_virtualenv.py for tasks to queue
[2022-11-23T23:56:25.133+0000] {logging_mixin.py:137} INFO - [2022-11-23T23:56:25.133+0000] {dagbag.py:537} INFO - Filling up the DagBag from /home/airflow/.local/lib/python3.7/site-packages/airflow/example_dags/tutorial_taskflow_api_virtualenv.py
[2022-11-23T23:56:25.158+0000] {processor.py:766} INFO - DAG(s) dict_keys(['tutorial_taskflow_api_virtualenv']) retrieved from /home/airflow/.local/lib/python3.7/site-packages/airflow/example_dags/tutorial_taskflow_api_virtualenv.py
[2022-11-23T23:56:25.204+0000] {logging_mixin.py:137} INFO - [2022-11-23T23:56:25.203+0000] {dag.py:2585} INFO - Sync 1 DAGs
[2022-11-23T23:56:25.229+0000] {logging_mixin.py:137} INFO - [2022-11-23T23:56:25.229+0000] {dag.py:3340} INFO - Setting next_dagrun for tutorial_taskflow_api_virtualenv to None, run_after=None
[2022-11-23T23:56:25.268+0000] {processor.py:176} INFO - Processing /home/airflow/.local/lib/python3.7/site-packages/airflow/example_dags/tutorial_taskflow_api_virtualenv.py took 0.142 seconds
[2022-11-23T23:56:55.599+0000] {processor.py:154} INFO - Started process (PID=239) to work on /home/airflow/.local/lib/python3.7/site-packages/airflow/example_dags/tutorial_taskflow_api_virtualenv.py
[2022-11-23T23:56:55.600+0000] {processor.py:756} INFO - Processing file /home/airflow/.local/lib/python3.7/site-packages/airflow/example_dags/tutorial_taskflow_api_virtualenv.py for tasks to queue
[2022-11-23T23:56:55.601+0000] {logging_mixin.py:137} INFO - [2022-11-23T23:56:55.601+0000] {dagbag.py:537} INFO - Filling up the DagBag from /home/airflow/.local/lib/python3.7/site-packages/airflow/example_dags/tutorial_taskflow_api_virtualenv.py
[2022-11-23T23:56:55.629+0000] {processor.py:766} INFO - DAG(s) dict_keys(['tutorial_taskflow_api_virtualenv']) retrieved from /home/airflow/.local/lib/python3.7/site-packages/airflow/example_dags/tutorial_taskflow_api_virtualenv.py
[2022-11-23T23:56:55.688+0000] {logging_mixin.py:137} INFO - [2022-11-23T23:56:55.688+0000] {dag.py:2585} INFO - Sync 1 DAGs
[2022-11-23T23:56:55.715+0000] {logging_mixin.py:137} INFO - [2022-11-23T23:56:55.715+0000] {dag.py:3340} INFO - Setting next_dagrun for tutorial_taskflow_api_virtualenv to None, run_after=None
[2022-11-23T23:56:55.734+0000] {processor.py:176} INFO - Processing /home/airflow/.local/lib/python3.7/site-packages/airflow/example_dags/tutorial_taskflow_api_virtualenv.py took 0.140 seconds
[2022-11-23T23:57:26.495+0000] {processor.py:154} INFO - Started process (PID=302) to work on /home/airflow/.local/lib/python3.7/site-packages/airflow/example_dags/tutorial_taskflow_api_virtualenv.py
[2022-11-23T23:57:26.497+0000] {processor.py:756} INFO - Processing file /home/airflow/.local/lib/python3.7/site-packages/airflow/example_dags/tutorial_taskflow_api_virtualenv.py for tasks to queue
[2022-11-23T23:57:26.497+0000] {logging_mixin.py:137} INFO - [2022-11-23T23:57:26.497+0000] {dagbag.py:537} INFO - Filling up the DagBag from /home/airflow/.local/lib/python3.7/site-packages/airflow/example_dags/tutorial_taskflow_api_virtualenv.py
[2022-11-23T23:57:26.519+0000] {processor.py:766} INFO - DAG(s) dict_keys(['tutorial_taskflow_api_virtualenv']) retrieved from /home/airflow/.local/lib/python3.7/site-packages/airflow/example_dags/tutorial_taskflow_api_virtualenv.py
[2022-11-23T23:57:26.568+0000] {logging_mixin.py:137} INFO - [2022-11-23T23:57:26.568+0000] {dag.py:2585} INFO - Sync 1 DAGs
[2022-11-23T23:57:26.594+0000] {logging_mixin.py:137} INFO - [2022-11-23T23:57:26.594+0000] {dag.py:3340} INFO - Setting next_dagrun for tutorial_taskflow_api_virtualenv to None, run_after=None
[2022-11-23T23:57:26.613+0000] {processor.py:176} INFO - Processing /home/airflow/.local/lib/python3.7/site-packages/airflow/example_dags/tutorial_taskflow_api_virtualenv.py took 0.121 seconds
[2022-11-23T23:57:57.558+0000] {processor.py:154} INFO - Started process (PID=356) to work on /home/airflow/.local/lib/python3.7/site-packages/airflow/example_dags/tutorial_taskflow_api_virtualenv.py
[2022-11-23T23:57:57.559+0000] {processor.py:756} INFO - Processing file /home/airflow/.local/lib/python3.7/site-packages/airflow/example_dags/tutorial_taskflow_api_virtualenv.py for tasks to queue
[2022-11-23T23:57:57.560+0000] {logging_mixin.py:137} INFO - [2022-11-23T23:57:57.560+0000] {dagbag.py:537} INFO - Filling up the DagBag from /home/airflow/.local/lib/python3.7/site-packages/airflow/example_dags/tutorial_taskflow_api_virtualenv.py
[2022-11-23T23:57:57.582+0000] {processor.py:766} INFO - DAG(s) dict_keys(['tutorial_taskflow_api_virtualenv']) retrieved from /home/airflow/.local/lib/python3.7/site-packages/airflow/example_dags/tutorial_taskflow_api_virtualenv.py
[2022-11-23T23:57:57.631+0000] {logging_mixin.py:137} INFO - [2022-11-23T23:57:57.631+0000] {dag.py:2585} INFO - Sync 1 DAGs
[2022-11-23T23:57:57.668+0000] {logging_mixin.py:137} INFO - [2022-11-23T23:57:57.668+0000] {dag.py:3340} INFO - Setting next_dagrun for tutorial_taskflow_api_virtualenv to None, run_after=None
[2022-11-23T23:57:57.693+0000] {processor.py:176} INFO - Processing /home/airflow/.local/lib/python3.7/site-packages/airflow/example_dags/tutorial_taskflow_api_virtualenv.py took 0.138 seconds
